#
# There is insufficient memory for the Java Runtime Environment to continue.
# Native memory allocation (mmap) failed to map 85983232 bytes for committing reserved memory.
# Possible reasons:
#   The system is out of physical RAM or swap space
#   In 32 bit mode, the process size limit was hit
# Possible solutions:
#   Reduce memory load on the system
#   Increase physical memory or swap space
#   Check if swap backing store is full
#   Use 64 bit Java on a 64 bit OS
#   Decrease Java heap size (-Xmx/-Xms)
#   Decrease number of Java threads
#   Decrease Java thread stack sizes (-Xss)
#   Set larger code cache with -XX:ReservedCodeCacheSize=
# This output file may be truncated or incomplete.
#
#  Out of Memory Error (os_linux.cpp:2640), pid=9221, tid=0x00007f0528183700
#
# JRE version: Java(TM) SE Runtime Environment (8.0_172-b11) (build 1.8.0_172-b11)
# Java VM: Java HotSpot(TM) 64-Bit Server VM (25.172-b11 mixed mode linux-amd64 compressed oops)
# Failed to write core dump. Core dumps have been disabled. To enable core dumping, try "ulimit -c unlimited" before starting Java again
#

---------------  T H R E A D  ---------------

Current thread (0x00007f053c079000):  VMThread [stack: 0x00007f0528084000,0x00007f0528184000] [id=9228]

Stack: [0x00007f0528084000,0x00007f0528184000],  sp=0x00007f0528182220,  free space=1016k
Native frames: (J=compiled Java code, j=interpreted, Vv=VM code, C=native code)
V  [libjvm.so+0xad221a]  VMError::report_and_die()+0x2ba
V  [libjvm.so+0x50185b]  report_vm_out_of_memory(char const*, int, unsigned long, VMErrorType, char const*)+0x8b
V  [libjvm.so+0x92fee3]  os::Linux::commit_memory_impl(char*, unsigned long, bool)+0x123
V  [libjvm.so+0x930109]  os::pd_commit_memory(char*, unsigned long, unsigned long, bool)+0x29
V  [libjvm.so+0x9273ca]  os::commit_memory(char*, unsigned long, unsigned long, bool)+0x2a
V  [libjvm.so+0x99d363]  PSVirtualSpace::expand_by(unsigned long)+0x53
V  [libjvm.so+0x99e768]  PSYoungGen::resize_generation(unsigned long, unsigned long)+0xf8
V  [libjvm.so+0x99d8c2]  PSYoungGen::resize(unsigned long, unsigned long)+0x22
V  [libjvm.so+0x99ab9b]  PSScavenge::invoke_no_policy()+0xf3b
V  [libjvm.so+0x995e45]  PSParallelCompact::invoke(bool)+0x85
V  [libjvm.so+0x488384]  CollectedHeap::collect_as_vm_thread(GCCause::Cause)+0x114
V  [libjvm.so+0xad36a1]  VM_CollectForMetadataAllocation::doit()+0x161
V  [libjvm.so+0xadb7b5]  VM_Operation::evaluate()+0x55
V  [libjvm.so+0xad9b7a]  VMThread::evaluate_operation(VM_Operation*)+0xba
V  [libjvm.so+0xad9efe]  VMThread::loop()+0x1ce
V  [libjvm.so+0xada370]  VMThread::run()+0x70
V  [libjvm.so+0x930248]  java_start(Thread*)+0x108

VM_Operation (0x00007f05425fae90): CollectForMetadataAllocation, mode: safepoint, requested by thread 0x00007f053c00b000


---------------  P R O C E S S  ---------------

Java Threads: ( => current thread )
  0x00007f053c63e800 JavaThread "process reaper" daemon [_thread_blocked, id=9240, stack(0x00007f05169c1000,0x00007f05169fa000)]
  0x00007f053c0c2000 JavaThread "Service Thread" daemon [_thread_blocked, id=9235, stack(0x00007f0516f2a000,0x00007f051702b000)]
  0x00007f053c0bf000 JavaThread "C1 CompilerThread2" daemon [_thread_blocked, id=9234, stack(0x00007f051702c000,0x00007f051712c000)]
  0x00007f053c0bd800 JavaThread "C2 CompilerThread1" daemon [_thread_in_native, id=9233, stack(0x00007f051712d000,0x00007f051722d000)]
  0x00007f053c0ba800 JavaThread "C2 CompilerThread0" daemon [_thread_blocked, id=9232, stack(0x00007f051722e000,0x00007f051732e000)]
  0x00007f053c0b9000 JavaThread "Signal Dispatcher" daemon [_thread_blocked, id=9231, stack(0x00007f051732e000,0x00007f051742f000)]
  0x00007f053c085800 JavaThread "Finalizer" daemon [_thread_blocked, id=9230, stack(0x00007f0517dfe000,0x00007f0517eff000)]
  0x00007f053c083000 JavaThread "Reference Handler" daemon [_thread_blocked, id=9229, stack(0x00007f0517eff000,0x00007f0518000000)]
  0x00007f053c00b000 JavaThread "main" [_thread_blocked, id=9223, stack(0x00007f0542500000,0x00007f0542600000)]

Other Threads:
=>0x00007f053c079000 VMThread [stack: 0x00007f0528084000,0x00007f0528184000] [id=9228]
  0x00007f053c0c7000 WatcherThread [stack: 0x00007f0516e2a000,0x00007f0516f2a000] [id=9236]

VM state:at safepoint (normal execution)

VM Mutex/Monitor currently owned by a thread:  ([mutex/lock_event])
[0x00007f053c007a40] Threads_lock - owner thread: 0x00007f053c079000
[0x00007f053c007f40] Heap_lock - owner thread: 0x00007f053c00b000

Heap:
 PSYoungGen      total 130048K, used 8684K [0x00000000ec780000, 0x00000000f5080000, 0x0000000100000000)
  eden space 121344K, 0% used [0x00000000ec780000,0x00000000ec780000,0x00000000f3e00000)
  from space 8704K, 99% used [0x00000000f3e00000,0x00000000f467b240,0x00000000f4680000)
  to   space 7168K, 0% used [0x00000000f4680000,0x00000000f4680000,0x00000000f4d80000)
 ParOldGen       total 40960K, used 21834K [0x00000000c5600000, 0x00000000c7e00000, 0x00000000ec780000)
  object space 40960K, 53% used [0x00000000c5600000,0x00000000c6b52a08,0x00000000c7e00000)
 Metaspace       used 20679K, capacity 21172K, committed 21296K, reserved 1069056K
  class space    used 2460K, capacity 2639K, committed 2688K, reserved 1048576K

Card table byte_map: [0x00007f052bfea000,0x00007f052c1c0000] byte_map_base: 0x00007f052b9bf000

Marking Bits: (ParMarkBitMap*) 0x00007f0541997de0
 Begin Bits: [0x00007f0529d5d000, 0x00007f052ac05000)
 End Bits:   [0x00007f052ac05000, 0x00007f052baad000)

Polling page: 0x00007f0542613000

CodeCache: size=245760Kb used=11234Kb max_used=11234Kb free=234525Kb
 bounds [0x00007f052c580000, 0x00007f052d080000, 0x00007f053b580000]
 total_blobs=3888 nmethods=3517 adapters=285
 compilation: enabled

Compilation events (10 events):
Event: 7.752 Thread 0x00007f053c0bf000 3567       3       java.util.regex.Matcher::replaceAll (59 bytes)
Event: 7.753 Thread 0x00007f053c0bf000 nmethod 3567 0x00007f052d03c350 code [0x00007f052d03c580, 0x00007f052d03d398]
Event: 7.753 Thread 0x00007f053c0bf000 3566       3       java.util.regex.Pattern::compile (10 bytes)
Event: 7.753 Thread 0x00007f053c0bf000 nmethod 3566 0x00007f052d07d290 code [0x00007f052d07d400, 0x00007f052d07d5e8]
Event: 7.753 Thread 0x00007f053c0bf000 3568       3       java.lang.String::replace (28 bytes)
Event: 7.754 Thread 0x00007f053c0bf000 nmethod 3568 0x00007f052d07d690 code [0x00007f052d07d860, 0x00007f052d07ddd8]
Event: 7.754 Thread 0x00007f053c0bf000 3569       1       java.lang.Class$MethodArray::get (7 bytes)
Event: 7.755 Thread 0x00007f053c0bf000 nmethod 3569 0x00007f052d03bfd0 code [0x00007f052d03c120, 0x00007f052d03c250]
Event: 7.756 Thread 0x00007f053c0bf000 3570       3       java.net.URI::isAbsolute (13 bytes)
Event: 7.756 Thread 0x00007f053c0bf000 nmethod 3570 0x00007f052d037b90 code [0x00007f052d037d00, 0x00007f052d037eb0]

GC Heap History (10 events):
Event: 2.406 GC heap after
Heap after GC invocations=4 (full 0):
 PSYoungGen      total 33280K, used 2560K [0x00000000ec780000, 0x00000000eea80000, 0x0000000100000000)
  eden space 30720K, 0% used [0x00000000ec780000,0x00000000ec780000,0x00000000ee580000)
  from space 2560K, 100% used [0x00000000ee800000,0x00000000eea80000,0x00000000eea80000)
  to   space 2560K, 0% used [0x00000000ee580000,0x00000000ee580000,0x00000000ee800000)
 ParOldGen       total 40960K, used 4545K [0x00000000c5600000, 0x00000000c7e00000, 0x00000000ec780000)
  object space 40960K, 11% used [0x00000000c5600000,0x00000000c5a707b8,0x00000000c7e00000)
 Metaspace       used 13045K, capacity 13426K, committed 13568K, reserved 1060864K
  class space    used 1609K, capacity 1724K, committed 1792K, reserved 1048576K
}
Event: 3.259 GC heap before
{Heap before GC invocations=5 (full 0):
 PSYoungGen      total 33280K, used 33280K [0x00000000ec780000, 0x00000000eea80000, 0x0000000100000000)
  eden space 30720K, 100% used [0x00000000ec780000,0x00000000ee580000,0x00000000ee580000)
  from space 2560K, 100% used [0x00000000ee800000,0x00000000eea80000,0x00000000eea80000)
  to   space 2560K, 0% used [0x00000000ee580000,0x00000000ee580000,0x00000000ee800000)
 ParOldGen       total 40960K, used 4545K [0x00000000c5600000, 0x00000000c7e00000, 0x00000000ec780000)
  object space 40960K, 11% used [0x00000000c5600000,0x00000000c5a707b8,0x00000000c7e00000)
 Metaspace       used 13514K, capacity 13932K, committed 14080K, reserved 1060864K
  class space    used 1642K, capacity 1762K, committed 1792K, reserved 1048576K
Event: 3.273 GC heap after
Heap after GC invocations=5 (full 0):
 PSYoungGen      total 33280K, used 2528K [0x00000000ec780000, 0x00000000f0f80000, 0x0000000100000000)
  eden space 30720K, 0% used [0x00000000ec780000,0x00000000ec780000,0x00000000ee580000)
  from space 2560K, 98% used [0x00000000ee580000,0x00000000ee7f8020,0x00000000ee800000)
  to   space 6144K, 0% used [0x00000000f0980000,0x00000000f0980000,0x00000000f0f80000)
 ParOldGen       total 40960K, used 6944K [0x00000000c5600000, 0x00000000c7e00000, 0x00000000ec780000)
  object space 40960K, 16% used [0x00000000c5600000,0x00000000c5cc80b0,0x00000000c7e00000)
 Metaspace       used 13514K, capacity 13932K, committed 14080K, reserved 1060864K
  class space    used 1642K, capacity 1762K, committed 1792K, reserved 1048576K
}
Event: 3.942 GC heap before
{Heap before GC invocations=6 (full 0):
 PSYoungGen      total 33280K, used 33248K [0x00000000ec780000, 0x00000000f0f80000, 0x0000000100000000)
  eden space 30720K, 100% used [0x00000000ec780000,0x00000000ee580000,0x00000000ee580000)
  from space 2560K, 98% used [0x00000000ee580000,0x00000000ee7f8020,0x00000000ee800000)
  to   space 6144K, 0% used [0x00000000f0980000,0x00000000f0980000,0x00000000f0f80000)
 ParOldGen       total 40960K, used 6944K [0x00000000c5600000, 0x00000000c7e00000, 0x00000000ec780000)
  object space 40960K, 16% used [0x00000000c5600000,0x00000000c5cc80b0,0x00000000c7e00000)
 Metaspace       used 13863K, capacity 14206K, committed 14336K, reserved 1062912K
  class space    used 1660K, capacity 1765K, committed 1792K, reserved 1048576K
Event: 3.968 GC heap after
Heap after GC invocations=6 (full 0):
 PSYoungGen      total 67584K, used 4000K [0x00000000ec780000, 0x00000000f0f80000, 0x0000000100000000)
  eden space 61440K, 0% used [0x00000000ec780000,0x00000000ec780000,0x00000000f0380000)
  from space 6144K, 65% used [0x00000000f0980000,0x00000000f0d68020,0x00000000f0f80000)
  to   space 6144K, 0% used [0x00000000f0380000,0x00000000f0380000,0x00000000f0980000)
 ParOldGen       total 40960K, used 6952K [0x00000000c5600000, 0x00000000c7e00000, 0x00000000ec780000)
  object space 40960K, 16% used [0x00000000c5600000,0x00000000c5cca0b0,0x00000000c7e00000)
 Metaspace       used 13863K, capacity 14206K, committed 14336K, reserved 1062912K
  class space    used 1660K, capacity 1765K, committed 1792K, reserved 1048576K
}
Event: 4.936 GC heap before
{Heap before GC invocations=7 (full 0):
 PSYoungGen      total 67584K, used 65440K [0x00000000ec780000, 0x00000000f0f80000, 0x0000000100000000)
  eden space 61440K, 100% used [0x00000000ec780000,0x00000000f0380000,0x00000000f0380000)
  from space 6144K, 65% used [0x00000000f0980000,0x00000000f0d68020,0x00000000f0f80000)
  to   space 6144K, 0% used [0x00000000f0380000,0x00000000f0380000,0x00000000f0980000)
 ParOldGen       total 40960K, used 6952K [0x00000000c5600000, 0x00000000c7e00000, 0x00000000ec780000)
  object space 40960K, 16% used [0x00000000c5600000,0x00000000c5cca0b0,0x00000000c7e00000)
 Metaspace       used 14787K, capacity 15094K, committed 15232K, reserved 1062912K
  class space    used 1754K, capacity 1869K, committed 1920K, reserved 1048576K
Event: 4.959 GC heap after
Heap after GC invocations=7 (full 0):
 PSYoungGen      total 67584K, used 6116K [0x00000000ec780000, 0x00000000f4d80000, 0x0000000100000000)
  eden space 61440K, 0% used [0x00000000ec780000,0x00000000ec780000,0x00000000f0380000)
  from space 6144K, 99% used [0x00000000f0380000,0x00000000f09792b0,0x00000000f0980000)
  to   space 7168K, 0% used [0x00000000f4680000,0x00000000f4680000,0x00000000f4d80000)
 ParOldGen       total 40960K, used 7961K [0x00000000c5600000, 0x00000000c7e00000, 0x00000000ec780000)
  object space 40960K, 19% used [0x00000000c5600000,0x00000000c5dc6610,0x00000000c7e00000)
 Metaspace       used 14787K, capacity 15094K, committed 15232K, reserved 1062912K
  class space    used 1754K, capacity 1869K, committed 1920K, reserved 1048576K
}
Event: 6.167 GC heap before
{Heap before GC invocations=8 (full 0):
 PSYoungGen      total 67584K, used 67509K [0x00000000ec780000, 0x00000000f4d80000, 0x0000000100000000)
  eden space 61440K, 99% used [0x00000000ec780000,0x00000000f03741d0,0x00000000f0380000)
  from space 6144K, 99% used [0x00000000f0380000,0x00000000f09792b0,0x00000000f0980000)
  to   space 7168K, 0% used [0x00000000f4680000,0x00000000f4680000,0x00000000f4d80000)
 ParOldGen       total 40960K, used 7961K [0x00000000c5600000, 0x00000000c7e00000, 0x00000000ec780000)
  object space 40960K, 19% used [0x00000000c5600000,0x00000000c5dc6610,0x00000000c7e00000)
 Metaspace       used 18826K, capacity 19282K, committed 19456K, reserved 1067008K
  class space    used 2276K, capacity 2437K, committed 2560K, reserved 1048576K
Event: 6.202 GC heap after
Heap after GC invocations=8 (full 0):
 PSYoungGen      total 128512K, used 7151K [0x00000000ec780000, 0x00000000f5080000, 0x0000000100000000)
  eden space 121344K, 0% used [0x00000000ec780000,0x00000000ec780000,0x00000000f3e00000)
  from space 7168K, 99% used [0x00000000f4680000,0x00000000f4d7bf38,0x00000000f4d80000)
  to   space 8704K, 0% used [0x00000000f3e00000,0x00000000f3e00000,0x00000000f4680000)
 ParOldGen       total 40960K, used 9125K [0x00000000c5600000, 0x00000000c7e00000, 0x00000000ec780000)
  object space 40960K, 22% used [0x00000000c5600000,0x00000000c5ee9520,0x00000000c7e00000)
 Metaspace       used 18826K, capacity 19282K, committed 19456K, reserved 1067008K
  class space    used 2276K, capacity 2437K, committed 2560K, reserved 1048576K
}
Event: 7.762 GC heap before
{Heap before GC invocations=9 (full 0):
 PSYoungGen      total 128512K, used 65510K [0x00000000ec780000, 0x00000000f5080000, 0x0000000100000000)
  eden space 121344K, 48% used [0x00000000ec780000,0x00000000f007dc08,0x00000000f3e00000)
  from space 7168K, 99% used [0x00000000f4680000,0x00000000f4d7bf38,0x00000000f4d80000)
  to   space 8704K, 0% used [0x00000000f3e00000,0x00000000f3e00000,0x00000000f4680000)
 ParOldGen       total 40960K, used 9125K [0x00000000c5600000, 0x00000000c7e00000, 0x00000000ec780000)
  object space 40960K, 22% used [0x00000000c5600000,0x00000000c5ee9520,0x00000000c7e00000)
 Metaspace       used 20679K, capacity 21172K, committed 21296K, reserved 1069056K
  class space    used 2460K, capacity 2639K, committed 2688K, reserved 1048576K

Deoptimization events (10 events):
Event: 7.349 Thread 0x00007f053c00b000 Uncommon trap: reason=class_check action=maybe_recompile pc=0x00007f052c893f2c method=sun.misc.URLClassPath.getResource(Ljava/lang/String;Z)Lsun/misc/Resource; @ 62
Event: 7.351 Thread 0x00007f053c00b000 Uncommon trap: reason=class_check action=maybe_recompile pc=0x00007f052c740e28 method=sun.misc.URLClassPath.getLoader(I)Lsun/misc/URLClassPath$Loader; @ 239
Event: 7.351 Thread 0x00007f053c00b000 Uncommon trap: reason=class_check action=maybe_recompile pc=0x00007f052c893f2c method=sun.misc.URLClassPath.getResource(Ljava/lang/String;Z)Lsun/misc/Resource; @ 62
Event: 7.356 Thread 0x00007f053c00b000 Uncommon trap: reason=class_check action=maybe_recompile pc=0x00007f052c73af0c method=sun.misc.URLClassPath.getLoader(I)Lsun/misc/URLClassPath$Loader; @ 239
Event: 7.460 Thread 0x00007f053c00b000 Uncommon trap: reason=class_check action=maybe_recompile pc=0x00007f052cffff20 method=sun.misc.URLClassPath.getResource(Ljava/lang/String;Z)Lsun/misc/Resource; @ 62
Event: 7.590 Thread 0x00007f053c00b000 Uncommon trap: reason=unstable_if action=reinterpret pc=0x00007f052cc71848 method=java.util.regex.Pattern.range(Ljava/util/regex/Pattern$BitClass;)Ljava/util/regex/Pattern$CharProperty; @ 108
Event: 7.608 Thread 0x00007f053c00b000 Uncommon trap: reason=bimorphic action=maybe_recompile pc=0x00007f052cad5620 method=java.util.regex.Pattern$5.isSatisfiedBy(I)Z @ 5
Event: 7.608 Thread 0x00007f053c00b000 Uncommon trap: reason=bimorphic action=maybe_recompile pc=0x00007f052cad5608 method=java.util.regex.Pattern$5.isSatisfiedBy(I)Z @ 5
Event: 7.608 Thread 0x00007f053c00b000 Uncommon trap: reason=bimorphic action=maybe_recompile pc=0x00007f052cad5608 method=java.util.regex.Pattern$5.isSatisfiedBy(I)Z @ 5
Event: 7.608 Thread 0x00007f053c00b000 Uncommon trap: reason=bimorphic action=maybe_recompile pc=0x00007f052cad5608 method=java.util.regex.Pattern$5.isSatisfiedBy(I)Z @ 5

Classes redefined (0 events):
No events

Internal exceptions (10 events):
Event: 2.559 Thread 0x00007f053c00b000 Implicit null exception at 0x00007f052c932475 to 0x00007f052c932659
Event: 2.560 Thread 0x00007f053c00b000 Implicit null exception at 0x00007f052c77d4af to 0x00007f052c77d519
Event: 2.788 Thread 0x00007f053c00b000 Implicit null exception at 0x00007f052cad633e to 0x00007f052cad6659
Event: 3.510 Thread 0x00007f053c00b000 Implicit null exception at 0x00007f052c8f88d8 to 0x00007f052c8f8966
Event: 4.773 Thread 0x00007f053c00b000 Exception <a 'java/lang/NoClassDefFoundError': org/slf4j/Logger> (0x00000000efd753d8) thrown at [/HUDSON/workspace/8-2-build-linux-amd64/jdk8u172/10810/hotspot/src/share/vm/oops/constantPool.cpp, line 235]
Event: 5.052 Thread 0x00007f053c00b000 Exception <a 'java/lang/NoClassDefFoundError': org/slf4j/Logger> (0x00000000ecb8cff0) thrown at [/HUDSON/workspace/8-2-build-linux-amd64/jdk8u172/10810/hotspot/src/share/vm/oops/constantPool.cpp, line 235]
Event: 5.441 Thread 0x00007f053c00b000 Exception <a 'java/lang/NoClassDefFoundError': org/slf4j/Logger> (0x00000000edfd56a0) thrown at [/HUDSON/workspace/8-2-build-linux-amd64/jdk8u172/10810/hotspot/src/share/vm/oops/constantPool.cpp, line 235]
Event: 5.593 Thread 0x00007f053c00b000 Exception <a 'java/lang/ClassNotFoundException': com/sun/tools/javac/api/JavacTool> (0x00000000ee498640) thrown at [/HUDSON/workspace/8-2-build-linux-amd64/jdk8u172/10810/hotspot/src/share/vm/classfile/systemDictionary.cpp, line 210]
Event: 6.706 Thread 0x00007f053c00b000 Exception <a 'java/io/FileNotFoundException'> (0x00000000eda55db8) thrown at [/HUDSON/workspace/8-2-build-linux-amd64/jdk8u172/10810/hotspot/src/share/vm/prims/jni.cpp, line 709]
Event: 6.712 Thread 0x00007f053c00b000 Exception <a 'java/io/FileNotFoundException'> (0x00000000eda8af08) thrown at [/HUDSON/workspace/8-2-build-linux-amd64/jdk8u172/10810/hotspot/src/share/vm/prims/jni.cpp, line 709]

Events (10 events):
Event: 7.622 Thread 0x00007f053c00b000 DEOPT UNPACKING pc=0x00007f052c5c7384 sp=0x00007f05425fa3f0 mode 0
Event: 7.623 Thread 0x00007f053c00b000 DEOPT PACKING pc=0x00007f052cce645c sp=0x00007f05425fa4a0
Event: 7.623 Thread 0x00007f053c00b000 DEOPT UNPACKING pc=0x00007f052c5c7384 sp=0x00007f05425fa240 mode 0
Event: 7.659 loading class java/util/Collections$EmptyEnumeration
Event: 7.661 loading class java/util/Collections$EmptyEnumeration done
Event: 7.667 loading class java/util/Vector$1
Event: 7.671 loading class java/util/Vector$1 done
Event: 7.750 loading class javax/lang/model/type/TypeVisitor
Event: 7.750 loading class javax/lang/model/type/TypeVisitor done
Event: 7.760 Executing VM operation: CollectForMetadataAllocation


Dynamic libraries:
00400000-00401000 r-xp 00000000 08:01 14946731                           /usr/local/jdk1.8.0_172/bin/java
00600000-00601000 rw-p 00000000 08:01 14946731                           /usr/local/jdk1.8.0_172/bin/java
01ced000-01d0e000 rw-p 00000000 00:00 0                                  [heap]
c5600000-c7e00000 rw-p 00000000 00:00 0 
c7e00000-ec780000 ---p 00000000 00:00 0 
ec780000-f5080000 rw-p 00000000 00:00 0 
fa280000-100000000 ---p 00000000 00:00 0 
100000000-1002a0000 rw-p 00000000 00:00 0 
1002a0000-140000000 ---p 00000000 00:00 0 
7f04e8fff000-7f04ec000000 rw-p 00000000 00:00 0 
7f04ec000000-7f04ec021000 rw-p 00000000 00:00 0 
7f04ec021000-7f04f0000000 ---p 00000000 00:00 0 
7f04f0000000-7f04f0021000 rw-p 00000000 00:00 0 
7f04f0021000-7f04f4000000 ---p 00000000 00:00 0 
7f04f4000000-7f04f611a000 rw-p 00000000 00:00 0 
7f04f611a000-7f04f8000000 ---p 00000000 00:00 0 
7f04f8000000-7f04f8021000 rw-p 00000000 00:00 0 
7f04f8021000-7f04fc000000 ---p 00000000 00:00 0 
7f04fc000000-7f04fd934000 rw-p 00000000 00:00 0 
7f04fd934000-7f0500000000 ---p 00000000 00:00 0 
7f0500000000-7f0501242000 rw-p 00000000 00:00 0 
7f0501242000-7f0504000000 ---p 00000000 00:00 0 
7f0504000000-7f0504021000 rw-p 00000000 00:00 0 
7f0504021000-7f0508000000 ---p 00000000 00:00 0 
7f0508000000-7f0508021000 rw-p 00000000 00:00 0 
7f0508021000-7f050c000000 ---p 00000000 00:00 0 
7f050c000000-7f050c021000 rw-p 00000000 00:00 0 
7f050c021000-7f0510000000 ---p 00000000 00:00 0 
7f0510000000-7f0510299000 rw-p 00000000 00:00 0 
7f0510299000-7f0514000000 ---p 00000000 00:00 0 
7f05159b3000-7f05159df000 rw-p 00000000 00:00 0 
7f05159df000-7f0515bb3000 ---p 00000000 00:00 0 
7f0515bb3000-7f0515bc6000 r--s 00345000 08:01 15077509                   /usr/local/jdk1.8.0_172/jre/lib/resources.jar
7f0515bc6000-7f0515bd7000 r--s 0014c000 08:01 3019473                    /home/avbravo/.m2/repository/jfree/jfreechart/1.0.13/jfreechart-1.0.13.jar
7f0515bd7000-7f0515bd9000 r--s 00007000 08:01 3019472                    /home/avbravo/.m2/repository/com/fasterxml/jackson/core/jackson-annotations/2.1.4/jackson-annotations-2.1.4.jar
7f0515bd9000-7f0515bea000 r--s 000d2000 08:01 3019471                    /home/avbravo/.m2/repository/com/fasterxml/jackson/core/jackson-databind/2.1.4/jackson-databind-2.1.4.jar
7f0515bea000-7f0515bee000 r--s 0002f000 08:01 3019467                    /home/avbravo/.m2/repository/com/fasterxml/jackson/core/jackson-core/2.1.4/jackson-core-2.1.4.jar
7f0515bee000-7f0515bfe000 r--s 000c4000 08:01 3019466                    /home/avbravo/.m2/repository/org/codehaus/castor/castor/1.2/castor-1.2.jar
7f0515bfe000-7f0515c22000 r--s 00341000 08:01 3019463                    /home/avbravo/.m2/repository/eclipse/jdtcore/3.1.0/jdtcore-3.1.0.jar
7f0515c22000-7f0515c2a000 r--s 00028000 08:01 3019462                    /home/avbravo/.m2/repository/xml-apis/xml-apis/1.3.02/xml-apis-1.3.02.jar
7f0515c2a000-7f0515c30000 r--s 00046000 08:01 3019461                    /home/avbravo/.m2/repository/jfree/jcommon/1.0.15/jcommon-1.0.15.jar
7f0515c30000-7f0515c32000 r--s 0000d000 08:01 3019457                    /home/avbravo/.m2/repository/commons-logging/commons-logging/1.1.1/commons-logging-1.1.1.jar
7f0515c32000-7f0515c38000 r--s 0002b000 08:01 3019456                    /home/avbravo/.m2/repository/commons-digester/commons-digester/2.1/commons-digester-2.1.jar
7f0515c38000-7f0515c3e000 r--s 00023000 08:01 3019454                    /home/avbravo/.m2/repository/commons-collections/commons-collections/2.1/commons-collections-2.1.jar
7f0515c3e000-7f0515c43000 r--s 00034000 08:01 3019450                    /home/avbravo/.m2/repository/commons-beanutils/commons-beanutils/1.8.0/commons-beanutils-1.8.0.jar
7f0515c43000-7f0515c95000 r--s 00421000 08:01 3019451                    /home/avbravo/.m2/repository/net/sf/jasperreports/jasperreports/5.5.0/jasperreports-5.5.0.jar
7f0515c95000-7f0515cb6000 r--s 0015a000 08:01 3019448                    /home/avbravo/.m2/repository/org/bouncycastle/bcprov-jdk14/1.38/bcprov-jdk14-1.38.jar
7f0515cb6000-7f0515cd7000 r--s 0015a000 08:01 3019441                    /home/avbravo/.m2/repository/bouncycastle/bcprov-jdk14/138/bcprov-jdk14-138.jar
7f0515cd7000-7f0515ce3000 r--s 00108000 08:01 3019438                    /home/avbravo/.m2/repository/com/lowagie/itext/2.1.7/itext-2.1.7.jar
7f0515ce3000-7f0515ee3000 rw-p 00000000 00:00 0 
7f0515ee3000-7f05160e3000 rw-p 00000000 00:00 0 
7f05160e3000-7f05160f1000 r--s 0007f000 08:01 3146108                    /home/avbravo/.m2/repository/commons-collections/commons-collections/3.2.1/commons-collections-3.2.1.jar
7f05160f1000-7f05160f6000 r--s 00041000 08:01 3020156                    /home/avbravo/.m2/repository/commons-lang/commons-lang/2.6/commons-lang-2.6.jar
7f05160f6000-7f05160f8000 r--s 00006000 08:01 3146107                    /home/avbravo/.m2/repository/org/apache/maven/shared/maven-invoker/2.0.11/maven-invoker-2.0.11.jar
7f05160f8000-7f05160fa000 r--s 00006000 08:01 3146105                    /home/avbravo/.m2/repository/org/apache/maven/shared/maven-common-artifact-filters/1.4/maven-common-artifact-filters-1.4.jar
7f05160fa000-7f05160fc000 r--s 0000c000 08:01 3146101                    /home/avbravo/.m2/repository/org/apache/maven/shared/maven-dependency-tree/2.0/maven-dependency-tree-2.0.jar
7f05160fc000-7f05160fe000 r--s 00000000 08:01 3146097                    /home/avbravo/.m2/repository/org/codehaus/plexus/plexus-component-annotations/1.5.5/plexus-component-annotations-1.5.5.jar
7f05160fe000-7f05160ff000 r--s 0000a000 08:01 3146098                    /home/avbravo/.m2/repository/asm/asm/3.3.1/asm-3.3.1.jar
7f05160ff000-7f0516101000 r--s 00005000 08:01 3146099                    /home/avbravo/.m2/repository/org/apache/maven/shared/maven-dependency-analyzer/1.3/maven-dependency-analyzer-1.3.jar
7f0516101000-7f0516104000 r--s 0000c000 08:01 3146096                    /home/avbravo/.m2/repository/org/codehaus/plexus/plexus-io/2.0.6/plexus-io-2.0.6.jar
7f0516104000-7f0516107000 r--s 0001b000 08:01 3020153                    /home/avbravo/.m2/repository/junit/junit/3.8.1/junit-3.8.1.jar
7f0516107000-7f0516109000 r--s 00008000 08:01 3146092                    /home/avbravo/.m2/repository/org/apache/maven/shared/maven-shared-io/1.1/maven-shared-io-1.1.jar
7f0516109000-7f051610b000 r--s 00008000 08:01 3146091                    /home/avbravo/.m2/repository/org/apache/maven/shared/file-management/1.2.1/file-management-1.2.1.jar
7f051610b000-7f051610f000 r--s 00035000 08:01 3146090                    /home/avbravo/.m2/repository/org/codehaus/plexus/plexus-utils/3.0.9/plexus-utils-3.0.9.jar
7f051610f000-7f0516114000 r--s 00029000 08:01 3020150                    /home/avbravo/.m2/repository/org/codehaus/plexus/plexus-archiver/2.2/plexus-archiver-2.2.jar
7f0516114000-7f0516116000 r--s 00004000 08:01 3020148                    /home/avbravo/.m2/repository/org/apache/maven/doxia/doxia-module-xhtml/1.0/doxia-module-xhtml-1.0.jar
7f0516116000-7f0516117000 r--s 00006000 08:01 3020145                    /home/avbravo/.m2/repository/org/apache/maven/doxia/doxia-module-xdoc/1.0/doxia-module-xdoc-1.0.jar
7f0516117000-7f0516118000 r--s 00004000 08:01 3020143                    /home/avbravo/.m2/repository/org/apache/maven/doxia/doxia-module-fml/1.0/doxia-module-fml-1.0.jar
7f0516118000-7f051611a000 r--s 0000a000 08:01 3020142                    /home/avbravo/.m2/repository/org/apache/maven/doxia/doxia-module-apt/1.0/doxia-module-apt-1.0.jar
7f051611a000-7f051611b000 r--s 0000b000 08:01 3020140                    /home/avbravo/.m2/repository/org/apache/maven/doxia/doxia-decoration-model/1.0/doxia-decoration-model-1.0.jar
7f051611b000-7f0516123000 r--s 00058000 08:01 3020139                    /home/avbravo/.m2/repository/org/apache/velocity/velocity/1.5/velocity-1.5.jar
7f0516123000-7f0516124000 r--s 00001000 08:01 3020136                    /home/avbravo/.m2/repository/org/codehaus/plexus/plexus-velocity/1.1.7/plexus-velocity-1.1.7.jar
7f0516124000-7f0516125000 r--s 00002000 08:01 3020133                    /home/avbravo/.m2/repository/org/codehaus/plexus/plexus-i18n/1.0-beta-7/plexus-i18n-1.0-beta-7.jar
7f0516125000-7f0516127000 r--s 0000a000 08:01 3020131                    /home/avbravo/.m2/repository/org/apache/maven/doxia/doxia-site-renderer/1.0/doxia-site-renderer-1.0.jar
7f0516127000-7f0516128000 r--s 00002000 08:01 3020130                    /home/avbravo/.m2/repository/org/apache/maven/doxia/doxia-sink-api/1.0/doxia-sink-api-1.0.jar
7f0516128000-7f051612d000 r--s 00016000 08:01 3020127                    /home/avbravo/.m2/repository/xml-apis/xml-apis/1.0.b2/xml-apis-1.0.b2.jar
7f051612d000-7f051612f000 r--s 0000e000 08:01 3020126                    /home/avbravo/.m2/repository/oro/oro/2.0.8/oro-2.0.8.jar
7f051612f000-7f0516131000 r--s 00008000 08:01 3020124                    /home/avbravo/.m2/repository/commons-logging/commons-logging/1.0.4/commons-logging-1.0.4.jar
7f0516131000-7f0516135000 r--s 00026000 08:01 3020120                    /home/avbravo/.m2/repository/commons-digester/commons-digester/1.6/commons-digester-1.6.jar
7f0516135000-7f051613a000 r--s 0002a000 08:01 3020117                    /home/avbravo/.m2/repository/commons-beanutils/commons-beanutils/1.7.0/commons-beanutils-1.7.0.jar
7f051613a000-7f051613d000 r--s 00014000 08:01 3020116                    /home/avbravo/.m2/repository/commons-validator/commons-validator/1.2.0/commons-validator-1.2.0.jar
7f051613d000-7f0516140000 r--s 00018000 08:01 3020115                    /home/avbravo/.m2/repository/commons-io/commons-io/1.4/commons-io-1.4.jar
7f0516140000-7f0516142000 r--s 00009000 08:01 3020119                    /home/avbravo/.m2/repository/org/apache/maven/shared/maven-doxia-tools/1.0.2/maven-doxia-tools-1.0.2.jar
7f0516142000-7f0516145000 r--s 0000b000 08:01 3020108                    /home/avbravo/.m2/repository/org/apache/maven/doxia/doxia-core/1.0/doxia-core-1.0.jar
7f0516145000-7f0516147000 r--s 00004000 08:01 3020110                    /home/avbravo/.m2/repository/org/apache/maven/reporting/maven-reporting-impl/2.0.5/maven-reporting-impl-2.0.5.jar
7f0516147000-7f0516149000 r--s 00002000 08:01 3020107                    /home/avbravo/.m2/repository/org/codehaus/plexus/plexus-interactivity-api/1.0-alpha-4/plexus-interactivity-api-1.0-alpha-4.jar
7f0516149000-7f051614d000 r--s 0002b000 08:01 3019449                    /home/avbravo/.m2/repository/org/bouncycastle/bcmail-jdk14/1.38/bcmail-jdk14-1.38.jar
7f051614d000-7f051614e000 r--s 00005000 08:01 3019443                    /home/avbravo/.m2/repository/org/bouncycastle/bctsp-jdk14/1.38/bctsp-jdk14-1.38.jar
7f051614e000-7f0516152000 r--s 0002b000 08:01 3019440                    /home/avbravo/.m2/repository/bouncycastle/bcmail-jdk14/138/bcmail-jdk14-138.jar
7f0516152000-7f0516159000 r--s 0003f000 08:01 3019435                    /home/avbravo/.m2/repository/commons-codec/commons-codec/1.10/commons-codec-1.10.jar
7f0516159000-7f0516187000 r--s 003ab000 08:01 3019433                    /home/avbravo/.m2/repository/org/primefaces/primefaces/6.1/primefaces-6.1.jar
7f0516187000-7f051618c000 r--s 00046000 08:01 3019432                    /home/avbravo/.m2/repository/org/twitter4j/twitter4j-core/4.0.6/twitter4j-core-4.0.6.jar
7f051618c000-7f0516190000 r--s 0002e000 08:01 3019429                    /home/avbravo/.m2/repository/javax/mail/javax.mail-api/1.5.6/javax.mail-api-1.5.6.jar
7f0516190000-7f0516198000 r--s 00078000 08:01 3019427                    /home/avbravo/.m2/repository/javax/mail/mail/1.4.7/mail-1.4.7.jar
7f0516198000-7f051619a000 r--s 0000b000 08:01 3020330                    /home/avbravo/.m2/repository/com/github/avbravo/avbravoutils/0.19/avbravoutils-0.19.jar
7f051619a000-7f05161b3000 r--s 000fe000 08:01 3019425                    /home/avbravo/.m2/repository/io/reactivex/rxjava/1.2.3/rxjava-1.2.3.jar
7f05161b3000-7f0516214000 r--s 00461000 08:01 3019426                    /home/avbravo/.m2/repository/com/couchbase/client/core-io/1.4.1/core-io-1.4.1.jar
7f0516214000-7f051622b000 r--s 000cc000 08:01 3019424                    /home/avbravo/.m2/repository/com/couchbase/client/java-client/2.4.1/java-client-2.4.1.jar
7f051622b000-7f0516241000 r--s 000fb000 08:01 3019422                    /home/avbravo/.m2/repository/org/mongodb/mongodb-driver-core/3.6.0/mongodb-driver-core-3.6.0.jar
7f0516241000-7f0516249000 r--s 00058000 08:01 3019417                    /home/avbravo/.m2/repository/org/mongodb/bson/3.6.0/bson-3.6.0.jar
7f0516249000-7f0516250000 r--s 00058000 08:01 3019415                    /home/avbravo/.m2/repository/org/mongodb/mongodb-driver/3.6.0/mongodb-driver-3.6.0.jar
7f0516250000-7f0516257000 r--s 00000000 08:01 7080769                    /usr/lib/x86_64-linux-gnu/gconv/gconv-modules.cache
7f0516257000-7f051627b000 r--p 00000000 08:01 8402364                    /usr/share/locale-langpack/es/LC_MESSAGES/libc.mo
7f051627b000-7f0516290000 r--s 00145000 08:01 3019414                    /home/avbravo/.m2/repository/org/projectlombok/lombok/1.16.12/lombok-1.16.12.jar
7f0516290000-7f0516293000 r--s 00014000 08:01 3019411                    /home/avbravo/.m2/repository/net/sf/flexjson/flexjson/3.3/flexjson-3.3.jar
7f0516293000-7f05162a0000 r--s 000a6000 08:01 3019410                    /home/avbravo/.m2/repository/org/omnifaces/omnifaces/2.6.1/omnifaces-2.6.1.jar
7f05162a0000-7f05162a3000 r--s 00015000 08:01 3019367                    /home/avbravo/.m2/repository/com/github/avbravo/ejbjmoordb/0.5.9/ejbjmoordb-0.5.9.jar
7f05162a3000-7f05162a5000 r--s 0000e000 08:01 3019408                    /home/avbravo/.m2/repository/javax/activation/activation/1.1/activation-1.1.jar
7f05162a5000-7f05162ae000 r--s 00097000 08:01 3019409                    /home/avbravo/.m2/repository/com/sun/mail/javax.mail/1.6.0/javax.mail-1.6.0.jar
7f05162ae000-7f05162e4000 r--s 001ae000 08:01 3019407                    /home/avbravo/.m2/repository/javax/javaee-api/8.0/javaee-api-8.0.jar
7f05162e4000-7f051635d000 r--s 010f9000 08:01 14946838                   /usr/local/jdk1.8.0_172/lib/tools.jar
7f051635d000-7f0516360000 r--s 0001b000 08:01 3146372                    /home/avbravo/.m2/repository/junit/junit/3.8.2/junit-3.8.2.jar
7f0516360000-7f051636e000 r--s 0008f000 08:01 3146371                    /home/avbravo/.m2/repository/com/google/collections/google-collections/1.0/google-collections-1.0.jar
7f051636e000-7f051636f000 r--s 0000a000 08:01 3146368                    /home/avbravo/.m2/repository/commons-logging/commons-logging-api/1.1/commons-logging-api-1.1.jar
7f051636f000-7f0516376000 r--s 00051000 08:01 3146366                    /home/avbravo/.m2/repository/log4j/log4j/1.2.12/log4j-1.2.12.jar
7f0516376000-7f051637a000 r--s 0001d000 08:01 3146365                    /home/avbravo/.m2/repository/org/apache/xbean/xbean-reflect/3.4/xbean-reflect-3.4.jar
7f051637a000-7f051637b000 r--s 00004000 08:01 3146363                    /home/avbravo/.m2/repository/org/codehaus/plexus/plexus-compiler-javac/2.2/plexus-compiler-javac-2.2.jar
7f051637b000-7f051637d000 r--s 00000000 08:01 3146364                    /home/avbravo/.m2/repository/org/codehaus/plexus/plexus-compiler-manager/2.2/plexus-compiler-manager-2.2.jar
7f051637d000-7f051637f000 r--s 00005000 08:01 3146356                    /home/avbravo/.m2/repository/org/codehaus/plexus/plexus-compiler-api/2.2/plexus-compiler-api-2.2.jar
7f051637f000-7f0516381000 r--s 00002000 08:01 3146355                    /home/avbravo/.m2/repository/org/apache/maven/shared/maven-shared-incremental/1.1/maven-shared-incremental-1.1.jar
7f0516381000-7f0516383000 r--s 00006000 08:01 3146357                    /home/avbravo/.m2/repository/com/google/code/findbugs/jsr305/2.0.1/jsr305-2.0.1.jar
7f0516383000-7f0516386000 r--s 00023000 08:01 3146358                    /home/avbravo/.m2/repository/org/apache/maven/shared/maven-shared-utils/0.1/maven-shared-utils-0.1.jar
7f0516386000-7f051638a000 r--s 00030000 08:01 3020162                    /home/avbravo/.m2/repository/org/codehaus/plexus/plexus-utils/1.5.1/plexus-utils-1.5.1.jar
7f051638a000-7f051638c000 r--s 00009000 08:01 2756557                    /home/avbravo/.m2/repository/org/apache/maven/plugins/maven-compiler-plugin/3.1/maven-compiler-plugin-3.1.jar
7f051638c000-7f051638e000 r--s 0000d000 08:01 3146190                    /home/avbravo/.m2/repository/org/codehaus/plexus/plexus-interpolation/1.13/plexus-interpolation-1.13.jar
7f051638e000-7f051638f000 r--s 00001000 08:01 3146187                    /home/avbravo/.m2/repository/org/sonatype/plexus/plexus-build-api/0.0.4/plexus-build-api-0.0.4.jar
7f051638f000-7f0516391000 r--s 00009000 08:01 3146186                    /home/avbravo/.m2/repository/org/apache/maven/shared/maven-filtering/1.0/maven-filtering-1.0.jar
7f0516391000-7f0516395000 r--s 00033000 08:01 3146185                    /home/avbravo/.m2/repository/org/codehaus/plexus/plexus-utils/2.0.5/plexus-utils-2.0.5.jar
7f0516395000-7f0516396000 r--s 00001000 08:01 3020159                    /home/avbravo/.m2/repository/org/apache/maven/doxia/doxia-sink-api/1.0-alpha-7/doxia-sink-api-1.0-alpha-7.jar
7f0516396000-7f0516397000 r--s 00002000 08:01 3020158                    /home/avbravo/.m2/repository/org/apache/maven/reporting/maven-reporting-api/2.0.6/maven-reporting-api-2.0.6.jar
7f0516397000-7f0516399000 r--s 00005000 08:01 2100140                    /home/avbravo/.m2/repository/org/apache/maven/plugins/maven-resources-plugin/2.5/maven-resources-plugin-2.5.jar
7f0516399000-7f0516599000 rw-p 00000000 00:00 0 
7f0516599000-7f05165aa000 r-xp 00000000 08:01 15210615                   /usr/local/jdk1.8.0_172/jre/lib/amd64/libnio.so
7f05165aa000-7f05167a9000 ---p 00011000 08:01 15210615                   /usr/local/jdk1.8.0_172/jre/lib/amd64/libnio.so
7f05167a9000-7f05167aa000 rw-p 00010000 08:01 15210615                   /usr/local/jdk1.8.0_172/jre/lib/amd64/libnio.so
7f05167aa000-7f05167c0000 r-xp 00000000 08:01 15210612                   /usr/local/jdk1.8.0_172/jre/lib/amd64/libnet.so
7f05167c0000-7f05169c0000 ---p 00016000 08:01 15210612                   /usr/local/jdk1.8.0_172/jre/lib/amd64/libnet.so
7f05169c0000-7f05169c1000 rw-p 00016000 08:01 15210612                   /usr/local/jdk1.8.0_172/jre/lib/amd64/libnet.so
7f05169c1000-7f05169c4000 ---p 00000000 00:00 0 
7f05169c4000-7f0516bfa000 rw-p 00000000 00:00 0 
7f0516bfa000-7f0516dfa000 rw-p 00000000 00:00 0 
7f0516dfa000-7f0516e29000 r--s 001c8000 08:01 15077559                   /home/avbravo/netbeans-8.2/java/maven/lib/wagon-http-2.10-shaded.jar
7f0516e29000-7f0516e2a000 ---p 00000000 00:00 0 
7f0516e2a000-7f0516f2a000 rw-p 00000000 00:00 0 
7f0516f2a000-7f0516f2d000 ---p 00000000 00:00 0 
7f0516f2d000-7f051702b000 rw-p 00000000 00:00 0 
7f051702b000-7f051702c000 ---p 00000000 00:00 0 
7f051702c000-7f051702f000 ---p 00000000 00:00 0 
7f051702f000-7f051712c000 rw-p 00000000 00:00 0 
7f051712c000-7f051712d000 ---p 00000000 00:00 0 
7f051712d000-7f0517130000 ---p 00000000 00:00 0 
7f0517130000-7f051722d000 rw-p 00000000 00:00 0 
7f051722d000-7f051722e000 ---p 00000000 00:00 0 
7f051722e000-7f0517231000 ---p 00000000 00:00 0 
7f0517231000-7f051732e000 rw-p 00000000 00:00 0 
7f051732e000-7f0517331000 ---p 00000000 00:00 0 
7f0517331000-7f051742f000 rw-p 00000000 00:00 0 
7f051742f000-7f0517dfe000 r--p 00000000 08:01 6822571                    /usr/lib/locale/locale-archive
7f0517dfe000-7f0517e01000 ---p 00000000 00:00 0 
7f0517e01000-7f0517eff000 rw-p 00000000 00:00 0 
7f0517eff000-7f0517f02000 ---p 00000000 00:00 0 
7f0517f02000-7f0518000000 rw-p 00000000 00:00 0 
7f0518000000-7f0518021000 rw-p 00000000 00:00 0 
7f0518021000-7f051c000000 ---p 00000000 00:00 0 
7f051c000000-7f051c021000 rw-p 00000000 00:00 0 
7f051c021000-7f0520000000 ---p 00000000 00:00 0 
7f0520000000-7f0520021000 rw-p 00000000 00:00 0 
7f0520021000-7f0524000000 ---p 00000000 00:00 0 
7f0524000000-7f0524021000 rw-p 00000000 00:00 0 
7f0524021000-7f0528000000 ---p 00000000 00:00 0 
7f0528000000-7f0528001000 r--s 00002000 08:01 3020109                    /home/avbravo/.m2/repository/org/apache/maven/reporting/maven-reporting-api/3.0/maven-reporting-api-3.0.jar
7f0528001000-7f0528003000 r--s 00006000 08:01 3020106                    /home/avbravo/.m2/repository/commons-cli/commons-cli/1.0/commons-cli-1.0.jar
7f0528003000-7f0528006000 r--s 00021000 08:01 2756574                    /home/avbravo/.m2/repository/org/apache/maven/plugins/maven-dependency-plugin/2.6/maven-dependency-plugin-2.6.jar
7f0528006000-7f0528007000 r--p 00000000 00:00 0 
7f0528007000-7f052800c000 r--s 0009d000 08:01 15077525                   /usr/local/jdk1.8.0_172/jre/lib/jsse.jar
7f052800c000-7f052800e000 r--s 0000d000 08:01 15210638                   /home/avbravo/netbeans-8.2/java/maven-nblib/netbeans-eventspy.jar
7f052800e000-7f0528010000 r--s 0000b000 08:01 15077565                   /home/avbravo/netbeans-8.2/java/maven/lib/maven-artifact-3.0.5.jar
7f0528010000-7f0528011000 r--s 00002000 08:01 15077585                   /home/avbravo/netbeans-8.2/java/maven/lib/wagon-file-2.10.jar
7f0528011000-7f0528015000 r--s 00021000 08:01 15077549                   /home/avbravo/netbeans-8.2/java/maven/lib/maven-model-builder-3.0.5.jar
7f0528015000-7f052801c000 r--s 0003f000 08:01 15077561                   /home/avbravo/netbeans-8.2/java/maven/lib/sisu-inject-bean-2.3.0.jar
7f052801c000-7f052801e000 r--s 00002000 08:01 15077578                   /home/avbravo/netbeans-8.2/java/maven/lib/plexus-cipher-1.7.jar
7f052801e000-7f0528020000 r--s 0000d000 08:01 15077551                   /home/avbravo/netbeans-8.2/java/maven/lib/plexus-interpolation-1.14.jar
7f0528020000-7f0528021000 r--s 00003000 08:01 15077580                   /home/avbravo/netbeans-8.2/java/maven/lib/aether-spi-1.13.1.jar
7f0528021000-7f0528022000 r--s 00006000 08:01 15077550                   /home/avbravo/netbeans-8.2/java/maven/lib/plexus-sec-dispatcher-1.3.jar
7f0528022000-7f0528024000 r--s 00026000 08:01 15077577                   /home/avbravo/netbeans-8.2/java/maven/lib/maven-model-3.0.5.jar
7f0528024000-7f052802e000 r--s 00116000 08:01 15210466                   /usr/local/jdk1.8.0_172/jre/lib/ext/localedata.jar
7f052802e000-7f0528032000 r--s 00033000 08:01 15077572                   /home/avbravo/netbeans-8.2/java/maven/lib/plexus-utils-2.0.6.jar
7f0528032000-7f0528036000 r--s 00013000 08:01 15077579                   /home/avbravo/netbeans-8.2/java/maven/lib/aether-api-1.13.1.jar
7f0528036000-7f052803e000 r--s 00050000 08:01 15077556                   /home/avbravo/netbeans-8.2/java/maven/lib/sisu-guice-3.1.0-no_aop.jar
7f052803e000-7f0528040000 r--s 0000a000 08:01 15077567                   /home/avbravo/netbeans-8.2/java/maven/lib/maven-settings-3.0.5.jar
7f0528040000-7f052805f000 r--s 00154000 08:01 15077584                   /home/avbravo/netbeans-8.2/java/maven/lib/sisu-guava-0.9.9.jar
7f052805f000-7f0528061000 r--s 0000b000 08:01 15077560                   /home/avbravo/netbeans-8.2/java/maven/lib/maven-plugin-api-3.0.5.jar
7f0528061000-7f0528063000 r--s 00006000 08:01 15077543                   /home/avbravo/netbeans-8.2/java/maven/lib/maven-repository-metadata-3.0.5.jar
7f0528063000-7f0528065000 r--s 00000000 08:01 15077542                   /home/avbravo/netbeans-8.2/java/maven/lib/plexus-component-annotations-1.5.5.jar
7f0528065000-7f0528067000 r--s 00009000 08:01 15077586                   /home/avbravo/netbeans-8.2/java/maven/lib/commons-cli-1.2.jar
7f0528067000-7f052806e000 r--s 0002b000 08:01 15077555                   /home/avbravo/netbeans-8.2/java/maven/lib/sisu-inject-plexus-2.3.0.jar
7f052806e000-7f0528074000 r--s 0003f000 08:01 15077575                   /home/avbravo/netbeans-8.2/java/maven/lib/maven-compat-3.0.5.jar
7f0528074000-7f0528077000 r--s 00008000 08:01 15077546                   /home/avbravo/netbeans-8.2/java/maven/lib/maven-settings-builder-3.0.5.jar
7f0528077000-7f0528083000 r--s 0007d000 08:01 15077583                   /home/avbravo/netbeans-8.2/java/maven/lib/maven-core-3.0.5.jar
7f0528083000-7f0528084000 ---p 00000000 00:00 0 
7f0528084000-7f0529138000 rw-p 00000000 00:00 0 
7f0529138000-7f0529312000 r--s 03d6a000 08:01 15077471                   /usr/local/jdk1.8.0_172/jre/lib/rt.jar
7f0529312000-7f052baad000 rw-p 00000000 00:00 0 
7f052baad000-7f052baae000 ---p 00000000 00:00 0 
7f052baae000-7f052bbae000 rw-p 00000000 00:00 0 
7f052bbae000-7f052bbaf000 ---p 00000000 00:00 0 
7f052bbaf000-7f052bcaf000 rw-p 00000000 00:00 0 
7f052bcaf000-7f052bcb0000 ---p 00000000 00:00 0 
7f052bcb0000-7f052bdb0000 rw-p 00000000 00:00 0 
7f052bdb0000-7f052bdb1000 ---p 00000000 00:00 0 
7f052bdb1000-7f052bec5000 rw-p 00000000 00:00 0 
7f052bec5000-7f052bfea000 ---p 00000000 00:00 0 
7f052bfea000-7f052bffe000 rw-p 00000000 00:00 0 
7f052bffe000-7f052c122000 ---p 00000000 00:00 0 
7f052c122000-7f052c168000 rw-p 00000000 00:00 0 
7f052c168000-7f052c1bf000 ---p 00000000 00:00 0 
7f052c1bf000-7f052c1ec000 rw-p 00000000 00:00 0 
7f052c1ec000-7f052c580000 ---p 00000000 00:00 0 
7f052c580000-7f052d080000 rwxp 00000000 00:00 0 
7f052d080000-7f053b580000 ---p 00000000 00:00 0 
7f053b580000-7f053b59b000 r-xp 00000000 08:01 15210608                   /usr/local/jdk1.8.0_172/jre/lib/amd64/libzip.so
7f053b59b000-7f053b79b000 ---p 0001b000 08:01 15210608                   /usr/local/jdk1.8.0_172/jre/lib/amd64/libzip.so
7f053b79b000-7f053b79c000 rw-p 0001b000 08:01 15210608                   /usr/local/jdk1.8.0_172/jre/lib/amd64/libzip.so
7f053b79c000-7f053b7a7000 r-xp 00000000 08:01 9441971                    /lib/x86_64-linux-gnu/libnss_files-2.27.so
7f053b7a7000-7f053b9a6000 ---p 0000b000 08:01 9441971                    /lib/x86_64-linux-gnu/libnss_files-2.27.so
7f053b9a6000-7f053b9a7000 r--p 0000a000 08:01 9441971                    /lib/x86_64-linux-gnu/libnss_files-2.27.so
7f053b9a7000-7f053b9a8000 rw-p 0000b000 08:01 9441971                    /lib/x86_64-linux-gnu/libnss_files-2.27.so
7f053b9a8000-7f053b9ae000 rw-p 00000000 00:00 0 
7f053b9ae000-7f053b9c5000 r-xp 00000000 08:01 9441965                    /lib/x86_64-linux-gnu/libnsl-2.27.so
7f053b9c5000-7f053bbc4000 ---p 00017000 08:01 9441965                    /lib/x86_64-linux-gnu/libnsl-2.27.so
7f053bbc4000-7f053bbc5000 r--p 00016000 08:01 9441965                    /lib/x86_64-linux-gnu/libnsl-2.27.so
7f053bbc5000-7f053bbc6000 rw-p 00017000 08:01 9441965                    /lib/x86_64-linux-gnu/libnsl-2.27.so
7f053bbc6000-7f053bbc8000 rw-p 00000000 00:00 0 
7f053bbc8000-7f053bbd3000 r-xp 00000000 08:01 9441982                    /lib/x86_64-linux-gnu/libnss_nis-2.27.so
7f053bbd3000-7f053bdd2000 ---p 0000b000 08:01 9441982                    /lib/x86_64-linux-gnu/libnss_nis-2.27.so
7f053bdd2000-7f053bdd3000 r--p 0000a000 08:01 9441982                    /lib/x86_64-linux-gnu/libnss_nis-2.27.so
7f053bdd3000-7f053bdd4000 rw-p 0000b000 08:01 9441982                    /lib/x86_64-linux-gnu/libnss_nis-2.27.so
7f053bdd4000-7f053bdff000 r-xp 00000000 08:01 15210602                   /usr/local/jdk1.8.0_172/jre/lib/amd64/libjava.so
7f053bdff000-7f053bffe000 ---p 0002b000 08:01 15210602                   /usr/local/jdk1.8.0_172/jre/lib/amd64/libjava.so
7f053bffe000-7f053c000000 rw-p 0002a000 08:01 15210602                   /usr/local/jdk1.8.0_172/jre/lib/amd64/libjava.so
7f053c000000-7f053d386000 rw-p 00000000 00:00 0 
7f053d386000-7f0540000000 ---p 00000000 00:00 0 
7f0540000000-7f0540002000 r--s 0000c000 08:01 15077548                   /home/avbravo/netbeans-8.2/java/maven/lib/maven-aether-provider-3.0.5.jar
7f0540002000-7f0540005000 r--s 0001d000 08:01 15077573                   /home/avbravo/netbeans-8.2/java/maven/lib/aether-impl-1.13.1.jar
7f0540005000-7f054000d000 r-xp 00000000 08:01 9441967                    /lib/x86_64-linux-gnu/libnss_compat-2.27.so
7f054000d000-7f054020d000 ---p 00008000 08:01 9441967                    /lib/x86_64-linux-gnu/libnss_compat-2.27.so
7f054020d000-7f054020e000 r--p 00008000 08:01 9441967                    /lib/x86_64-linux-gnu/libnss_compat-2.27.so
7f054020e000-7f054020f000 rw-p 00009000 08:01 9441967                    /lib/x86_64-linux-gnu/libnss_compat-2.27.so
7f054020f000-7f054021c000 r-xp 00000000 08:01 15210607                   /usr/local/jdk1.8.0_172/jre/lib/amd64/libverify.so
7f054021c000-7f054041c000 ---p 0000d000 08:01 15210607                   /usr/local/jdk1.8.0_172/jre/lib/amd64/libverify.so
7f054041c000-7f054041e000 rw-p 0000d000 08:01 15210607                   /usr/local/jdk1.8.0_172/jre/lib/amd64/libverify.so
7f054041e000-7f0540425000 r-xp 00000000 08:01 9442022                    /lib/x86_64-linux-gnu/librt-2.27.so
7f0540425000-7f0540624000 ---p 00007000 08:01 9442022                    /lib/x86_64-linux-gnu/librt-2.27.so
7f0540624000-7f0540625000 r--p 00006000 08:01 9442022                    /lib/x86_64-linux-gnu/librt-2.27.so
7f0540625000-7f0540626000 rw-p 00007000 08:01 9442022                    /lib/x86_64-linux-gnu/librt-2.27.so
7f0540626000-7f05407c3000 r-xp 00000000 08:01 9441944                    /lib/x86_64-linux-gnu/libm-2.27.so
7f05407c3000-7f05409c2000 ---p 0019d000 08:01 9441944                    /lib/x86_64-linux-gnu/libm-2.27.so
7f05409c2000-7f05409c3000 r--p 0019c000 08:01 9441944                    /lib/x86_64-linux-gnu/libm-2.27.so
7f05409c3000-7f05409c4000 rw-p 0019d000 08:01 9441944                    /lib/x86_64-linux-gnu/libm-2.27.so
7f05409c4000-7f05416a0000 r-xp 00000000 08:01 15210584                   /usr/local/jdk1.8.0_172/jre/lib/amd64/server/libjvm.so
7f05416a0000-7f05418a0000 ---p 00cdc000 08:01 15210584                   /usr/local/jdk1.8.0_172/jre/lib/amd64/server/libjvm.so
7f05418a0000-7f054197a000 rw-p 00cdc000 08:01 15210584                   /usr/local/jdk1.8.0_172/jre/lib/amd64/server/libjvm.so
7f054197a000-7f05419c5000 rw-p 00000000 00:00 0 
7f05419c5000-7f0541bac000 r-xp 00000000 08:01 9441881                    /lib/x86_64-linux-gnu/libc-2.27.so
7f0541bac000-7f0541dac000 ---p 001e7000 08:01 9441881                    /lib/x86_64-linux-gnu/libc-2.27.so
7f0541dac000-7f0541db0000 r--p 001e7000 08:01 9441881                    /lib/x86_64-linux-gnu/libc-2.27.so
7f0541db0000-7f0541db2000 rw-p 001eb000 08:01 9441881                    /lib/x86_64-linux-gnu/libc-2.27.so
7f0541db2000-7f0541db6000 rw-p 00000000 00:00 0 
7f0541db6000-7f0541db9000 r-xp 00000000 08:01 9441904                    /lib/x86_64-linux-gnu/libdl-2.27.so
7f0541db9000-7f0541fb8000 ---p 00003000 08:01 9441904                    /lib/x86_64-linux-gnu/libdl-2.27.so
7f0541fb8000-7f0541fb9000 r--p 00002000 08:01 9441904                    /lib/x86_64-linux-gnu/libdl-2.27.so
7f0541fb9000-7f0541fba000 rw-p 00003000 08:01 9441904                    /lib/x86_64-linux-gnu/libdl-2.27.so
7f0541fba000-7f0541fd0000 r-xp 00000000 08:01 15077302                   /usr/local/jdk1.8.0_172/lib/amd64/jli/libjli.so
7f0541fd0000-7f05421cf000 ---p 00016000 08:01 15077302                   /usr/local/jdk1.8.0_172/lib/amd64/jli/libjli.so
7f05421cf000-7f05421d0000 rw-p 00015000 08:01 15077302                   /usr/local/jdk1.8.0_172/lib/amd64/jli/libjli.so
7f05421d0000-7f05421ea000 r-xp 00000000 08:01 9442014                    /lib/x86_64-linux-gnu/libpthread-2.27.so
7f05421ea000-7f05423e9000 ---p 0001a000 08:01 9442014                    /lib/x86_64-linux-gnu/libpthread-2.27.so
7f05423e9000-7f05423ea000 r--p 00019000 08:01 9442014                    /lib/x86_64-linux-gnu/libpthread-2.27.so
7f05423ea000-7f05423eb000 rw-p 0001a000 08:01 9442014                    /lib/x86_64-linux-gnu/libpthread-2.27.so
7f05423eb000-7f05423ef000 rw-p 00000000 00:00 0 
7f05423ef000-7f0542416000 r-xp 00000000 08:01 9441853                    /lib/x86_64-linux-gnu/ld-2.27.so
7f0542416000-7f0542417000 r--s 0000a000 08:01 15077566                   /home/avbravo/netbeans-8.2/java/maven/lib/maven-embedder-3.0.5.jar
7f0542417000-7f0542418000 r--s 00002000 08:01 15077562                   /home/avbravo/netbeans-8.2/java/maven/lib/wagon-http-shared-2.10.jar
7f0542418000-7f054241a000 r--s 00006000 08:01 15077545                   /home/avbravo/netbeans-8.2/java/maven/lib/aether-connector-wagon-1.13.1.jar
7f054241a000-7f05424ff000 rw-p 00000000 00:00 0 
7f05424ff000-7f0542500000 ---p 00000000 00:00 0 
7f0542500000-7f0542503000 ---p 00000000 00:00 0 
7f0542503000-7f0542602000 rw-p 00000000 00:00 0 
7f0542602000-7f0542606000 r--s 0001c000 08:01 15077574                   /home/avbravo/netbeans-8.2/java/maven/lib/aether-util-1.13.1.jar
7f0542606000-7f0542608000 r--s 0000b000 08:01 15077557                   /home/avbravo/netbeans-8.2/java/maven/lib/wagon-provider-api-2.10.jar
7f0542608000-7f054260a000 r--s 0000a000 08:01 15210635                   /home/avbravo/netbeans-8.2/java/maven/boot/plexus-classworlds-2.4.jar
7f054260a000-7f0542612000 rw-s 00000000 08:01 9177975                    /tmp/hsperfdata_avbravo/9221
7f0542612000-7f0542613000 rw-p 00000000 00:00 0 
7f0542613000-7f0542614000 ---p 00000000 00:00 0 
7f0542614000-7f0542616000 rw-p 00000000 00:00 0 
7f0542616000-7f0542617000 r--p 00027000 08:01 9441853                    /lib/x86_64-linux-gnu/ld-2.27.so
7f0542617000-7f0542618000 rw-p 00028000 08:01 9441853                    /lib/x86_64-linux-gnu/ld-2.27.so
7f0542618000-7f0542619000 rw-p 00000000 00:00 0 
7fff88919000-7fff8893a000 rw-p 00000000 00:00 0                          [stack]
7fff889b7000-7fff889ba000 r--p 00000000 00:00 0                          [vvar]
7fff889ba000-7fff889bc000 r-xp 00000000 00:00 0                          [vdso]
ffffffffff600000-ffffffffff601000 r-xp 00000000 00:00 0                  [vsyscall]

VM Arguments:
jvm_args: -Dclassworlds.conf=/home/avbravo/netbeans-8.2/java/maven/bin/m2.conf -Dmaven.home=/home/avbravo/netbeans-8.2/java/maven 
java_command: org.codehaus.plexus.classworlds.launcher.Launcher -Dmaven.ext.class.path=/home/avbravo/netbeans-8.2/java/maven-nblib/netbeans-eventspy.jar install
java_class_path (initial): /home/avbravo/netbeans-8.2/java/maven/boot/plexus-classworlds-2.4.jar
Launcher Type: SUN_STANDARD

Environment Variables:
JAVA_HOME=/usr/local/jdk1.8.0_172
JRE_HOME=/usr/local/jdk1.8.0_172/jre
PATH=/usr/local/sbin:/usr/local/bin:/usr/sbin:/usr/bin:/sbin:/bin:/usr/games:/usr/local/games:/snap/bin:/usr/local/jdk1.8.0_172/bin:/home/avbravo/mongodb/bin
USERNAME=avbravo
LD_LIBRARY_PATH=/usr/local/jdk1.8.0_172/jre/lib/amd64:/usr/local/jdk1.8.0_172/jre/lib/i386:
SHELL=/bin/bash
DISPLAY=:0

Signal Handlers:
SIGSEGV: [libjvm.so+0xad2ab0], sa_mask[0]=11111111011111111101111111111110, sa_flags=SA_RESTART|SA_SIGINFO
SIGBUS: [libjvm.so+0xad2ab0], sa_mask[0]=11111111011111111101111111111110, sa_flags=SA_RESTART|SA_SIGINFO
SIGFPE: [libjvm.so+0x92a790], sa_mask[0]=11111111011111111101111111111110, sa_flags=SA_RESTART|SA_SIGINFO
SIGPIPE: [libjvm.so+0x92a790], sa_mask[0]=11111111011111111101111111111110, sa_flags=SA_RESTART|SA_SIGINFO
SIGXFSZ: [libjvm.so+0x92a790], sa_mask[0]=11111111011111111101111111111110, sa_flags=SA_RESTART|SA_SIGINFO
SIGILL: [libjvm.so+0x92a790], sa_mask[0]=11111111011111111101111111111110, sa_flags=SA_RESTART|SA_SIGINFO
SIGUSR1: SIG_DFL, sa_mask[0]=00000000000000000000000000000000, sa_flags=none
SIGUSR2: [libjvm.so+0x92bff0], sa_mask[0]=00100000000000000000000000000000, sa_flags=SA_RESTART|SA_SIGINFO
SIGHUP: [libjvm.so+0x92d3f0], sa_mask[0]=11111111011111111101111111111110, sa_flags=SA_RESTART|SA_SIGINFO
SIGINT: SIG_IGN, sa_mask[0]=00000000000000000000000000000000, sa_flags=none
SIGTERM: [libjvm.so+0x92d3f0], sa_mask[0]=11111111011111111101111111111110, sa_flags=SA_RESTART|SA_SIGINFO
SIGQUIT: [libjvm.so+0x92d3f0], sa_mask[0]=11111111011111111101111111111110, sa_flags=SA_RESTART|SA_SIGINFO


---------------  S Y S T E M  ---------------

OS:DISTRIB_ID=Ubuntu
DISTRIB_RELEASE=18.04
DISTRIB_CODENAME=bionic
DISTRIB_DESCRIPTION="Ubuntu 18.04 LTS"

uname:Linux 4.15.0-22-generic #24-Ubuntu SMP Wed May 16 12:15:17 UTC 2018 x86_64
libc:glibc 2.27 NPTL 2.27 
rlimit: STACK 8192k, CORE 0k, NPROC 14748, NOFILE 1048576, AS infinity
load average:2.70 2.63 2.06

/proc/meminfo:
MemTotal:        3834488 kB
MemFree:          102728 kB
MemAvailable:      25648 kB
Buffers:            1384 kB
Cached:           250308 kB
SwapCached:         3812 kB
Active:          2875884 kB
Inactive:         599964 kB
Active(anon):    2856364 kB
Inactive(anon):   573772 kB
Active(file):      19520 kB
Inactive(file):    26192 kB
Unevictable:         612 kB
Mlocked:             612 kB
SwapTotal:       2097148 kB
SwapFree:           4204 kB
Dirty:              1016 kB
Writeback:             0 kB
AnonPages:       3222668 kB
Mapped:            51708 kB
Shmem:            205640 kB
Slab:             104808 kB
SReclaimable:      42732 kB
SUnreclaim:        62076 kB
KernelStack:       17856 kB
PageTables:        76412 kB
NFS_Unstable:          0 kB
Bounce:                0 kB
WritebackTmp:          0 kB
CommitLimit:     4014392 kB
Committed_AS:   14507944 kB
VmallocTotal:   34359738367 kB
VmallocUsed:           0 kB
VmallocChunk:          0 kB
HardwareCorrupted:     0 kB
AnonHugePages:         0 kB
ShmemHugePages:        0 kB
ShmemPmdMapped:        0 kB
CmaTotal:              0 kB
CmaFree:               0 kB
HugePages_Total:       0
HugePages_Free:        0
HugePages_Rsvd:        0
HugePages_Surp:        0
Hugepagesize:       2048 kB
DirectMap4k:      243968 kB
DirectMap2M:     3743744 kB


CPU:total 4 (initial active 4) (2 cores per cpu, 2 threads per core) family 6 model 37 stepping 5, cmov, cx8, fxsr, mmx, sse, sse2, sse3, ssse3, sse4.1, sse4.2, popcnt, ht, tsc, tscinvbit

/proc/cpuinfo:
processor	: 0
vendor_id	: GenuineIntel
cpu family	: 6
model		: 37
model name	: Intel(R) Core(TM) i3 CPU       M 380  @ 2.53GHz
stepping	: 5
microcode	: 0x2
cpu MHz		: 2230.196
cache size	: 3072 KB
physical id	: 0
siblings	: 4
core id		: 0
cpu cores	: 2
apicid		: 0
initial apicid	: 0
fpu		: yes
fpu_exception	: yes
cpuid level	: 11
wp		: yes
flags		: fpu vme de pse tsc msr pae mce cx8 apic sep mtrr pge mca cmov pat pse36 clflush dts acpi mmx fxsr sse sse2 ss ht tm pbe syscall nx rdtscp lm constant_tsc arch_perfmon pebs bts rep_good nopl xtopology nonstop_tsc cpuid aperfmperf pni dtes64 monitor ds_cpl vmx est tm2 ssse3 cx16 xtpr pdcm pcid sse4_1 sse4_2 popcnt lahf_lm pti tpr_shadow vnmi flexpriority ept vpid dtherm arat
bugs		: cpu_meltdown spectre_v1 spectre_v2 spec_store_bypass
bogomips	: 5053.73
clflush size	: 64
cache_alignment	: 64
address sizes	: 36 bits physical, 48 bits virtual
power management:

processor	: 1
vendor_id	: GenuineIntel
cpu family	: 6
model		: 37
model name	: Intel(R) Core(TM) i3 CPU       M 380  @ 2.53GHz
stepping	: 5
microcode	: 0x2
cpu MHz		: 2232.754
cache size	: 3072 KB
physical id	: 0
siblings	: 4
core id		: 0
cpu cores	: 2
apicid		: 1
initial apicid	: 1
fpu		: yes
fpu_exception	: yes
cpuid level	: 11
wp		: yes
flags		: fpu vme de pse tsc msr pae mce cx8 apic sep mtrr pge mca cmov pat pse36 clflush dts acpi mmx fxsr sse sse2 ss ht tm pbe syscall nx rdtscp lm constant_tsc arch_perfmon pebs bts rep_good nopl xtopology nonstop_tsc cpuid aperfmperf pni dtes64 monitor ds_cpl vmx est tm2 ssse3 cx16 xtpr pdcm pcid sse4_1 sse4_2 popcnt lahf_lm pti tpr_shadow vnmi flexpriority ept vpid dtherm arat
bugs		: cpu_meltdown spectre_v1 spectre_v2 spec_store_bypass
bogomips	: 5053.73
clflush size	: 64
cache_alignment	: 64
address sizes	: 36 bits physical, 48 bits virtual
power management:

processor	: 2
vendor_id	: GenuineIntel
cpu family	: 6
model		: 37
model name	: Intel(R) Core(TM) i3 CPU       M 380  @ 2.53GHz
stepping	: 5
microcode	: 0x2
cpu MHz		: 2261.731
cache size	: 3072 KB
physical id	: 0
siblings	: 4
core id		: 2
cpu cores	: 2
apicid		: 4
initial apicid	: 4
fpu		: yes
fpu_exception	: yes
cpuid level	: 11
wp		: yes
flags		: fpu vme de pse tsc msr pae mce cx8 apic sep mtrr pge mca cmov pat pse36 clflush dts acpi mmx fxsr sse sse2 ss ht tm pbe syscall nx rdtscp lm constant_tsc arch_perfmon pebs bts rep_good nopl xtopology nonstop_tsc cpuid aperfmperf pni dtes64 monitor ds_cpl vmx est tm2 ssse3 cx16 xtpr pdcm pcid sse4_1 sse4_2 popcnt lahf_lm pti tpr_shadow vnmi flexpriority ept vpid dtherm arat
bugs		: cpu_meltdown spectre_v1 spectre_v2 spec_store_bypass
bogomips	: 5053.73
clflush size	: 64
cache_alignment	: 64
address sizes	: 36 bits physical, 48 bits virtual
power management:

processor	: 3
vendor_id	: GenuineIntel
cpu family	: 6
model		: 37
model name	: Intel(R) Core(TM) i3 CPU       M 380  @ 2.53GHz
stepping	: 5
microcode	: 0x2
cpu MHz		: 2282.571
cache size	: 3072 KB
physical id	: 0
siblings	: 4
core id		: 2
cpu cores	: 2
apicid		: 5
initial apicid	: 5
fpu		: yes
fpu_exception	: yes
cpuid level	: 11
wp		: yes
flags		: fpu vme de pse tsc msr pae mce cx8 apic sep mtrr pge mca cmov pat pse36 clflush dts acpi mmx fxsr sse sse2 ss ht tm pbe syscall nx rdtscp lm constant_tsc arch_perfmon pebs bts rep_good nopl xtopology nonstop_tsc cpuid aperfmperf pni dtes64 monitor ds_cpl vmx est tm2 ssse3 cx16 xtpr pdcm pcid sse4_1 sse4_2 popcnt lahf_lm pti tpr_shadow vnmi flexpriority ept vpid dtherm arat
bugs		: cpu_meltdown spectre_v1 spectre_v2 spec_store_bypass
bogomips	: 5053.73
clflush size	: 64
cache_alignment	: 64
address sizes	: 36 bits physical, 48 bits virtual
power management:



Memory: 4k page, physical 3834488k(109204k free), swap 2097148k(4760k free)

vm_info: Java HotSpot(TM) 64-Bit Server VM (25.172-b11) for linux-amd64 JRE (1.8.0_172-b11), built on Mar 28 2018 21:44:09 by "java_re" with gcc 4.3.0 20080428 (Red Hat 4.3.0-8)

time: Sun Jun  3 08:05:38 2018
elapsed time: 7 seconds (0d 0h 0m 7s)

