#
# There is insufficient memory for the Java Runtime Environment to continue.
# Native memory allocation (mmap) failed to map 86507520 bytes for committing reserved memory.
# Possible reasons:
#   The system is out of physical RAM or swap space
#   In 32 bit mode, the process size limit was hit
# Possible solutions:
#   Reduce memory load on the system
#   Increase physical memory or swap space
#   Check if swap backing store is full
#   Use 64 bit Java on a 64 bit OS
#   Decrease Java heap size (-Xmx/-Xms)
#   Decrease number of Java threads
#   Decrease Java thread stack sizes (-Xss)
#   Set larger code cache with -XX:ReservedCodeCacheSize=
# This output file may be truncated or incomplete.
#
#  Out of Memory Error (os_linux.cpp:2640), pid=9256, tid=0x00007fc23b4d3700
#
# JRE version: Java(TM) SE Runtime Environment (8.0_172-b11) (build 1.8.0_172-b11)
# Java VM: Java HotSpot(TM) 64-Bit Server VM (25.172-b11 mixed mode linux-amd64 compressed oops)
# Failed to write core dump. Core dumps have been disabled. To enable core dumping, try "ulimit -c unlimited" before starting Java again
#

---------------  T H R E A D  ---------------

Current thread (0x00007fc258079000):  VMThread [stack: 0x00007fc23b3d4000,0x00007fc23b4d4000] [id=9263]

Stack: [0x00007fc23b3d4000,0x00007fc23b4d4000],  sp=0x00007fc23b4d20a0,  free space=1016k
Native frames: (J=compiled Java code, j=interpreted, Vv=VM code, C=native code)
V  [libjvm.so+0xad221a]  VMError::report_and_die()+0x2ba
V  [libjvm.so+0x50185b]  report_vm_out_of_memory(char const*, int, unsigned long, VMErrorType, char const*)+0x8b
V  [libjvm.so+0x92fee3]  os::Linux::commit_memory_impl(char*, unsigned long, bool)+0x123
V  [libjvm.so+0x930109]  os::pd_commit_memory(char*, unsigned long, unsigned long, bool)+0x29
V  [libjvm.so+0x9273ca]  os::commit_memory(char*, unsigned long, unsigned long, bool)+0x2a
V  [libjvm.so+0x99d363]  PSVirtualSpace::expand_by(unsigned long)+0x53
V  [libjvm.so+0x99e768]  PSYoungGen::resize_generation(unsigned long, unsigned long)+0xf8
V  [libjvm.so+0x99d8c2]  PSYoungGen::resize(unsigned long, unsigned long)+0x22
V  [libjvm.so+0x99ab9b]  PSScavenge::invoke_no_policy()+0xf3b
V  [libjvm.so+0x995e45]  PSParallelCompact::invoke(bool)+0x85
V  [libjvm.so+0x488384]  CollectedHeap::collect_as_vm_thread(GCCause::Cause)+0x114
V  [libjvm.so+0xad36a1]  VM_CollectForMetadataAllocation::doit()+0x161
V  [libjvm.so+0xadb7b5]  VM_Operation::evaluate()+0x55
V  [libjvm.so+0xad9b7a]  VMThread::evaluate_operation(VM_Operation*)+0xba
V  [libjvm.so+0xad9efe]  VMThread::loop()+0x1ce
V  [libjvm.so+0xada370]  VMThread::run()+0x70
V  [libjvm.so+0x930248]  java_start(Thread*)+0x108

VM_Operation (0x00007fc26195ca70): CollectForMetadataAllocation, mode: safepoint, requested by thread 0x00007fc25800b000


---------------  P R O C E S S  ---------------

Java Threads: ( => current thread )
  0x00007fc25860e800 JavaThread "process reaper" daemon [_thread_blocked, id=9273, stack(0x00007fc239d29000,0x00007fc239d62000)]
  0x00007fc2580c2000 JavaThread "Service Thread" daemon [_thread_blocked, id=9270, stack(0x00007fc23a2fd000,0x00007fc23a3fe000)]
  0x00007fc2580bf000 JavaThread "C1 CompilerThread2" daemon [_thread_blocked, id=9269, stack(0x00007fc23a3ff000,0x00007fc23a4ff000)]
  0x00007fc2580bd800 JavaThread "C2 CompilerThread1" daemon [_thread_blocked, id=9268, stack(0x00007fc23a500000,0x00007fc23a600000)]
  0x00007fc2580ba800 JavaThread "C2 CompilerThread0" daemon [_thread_blocked, id=9267, stack(0x00007fc23a601000,0x00007fc23a701000)]
  0x00007fc2580b9000 JavaThread "Signal Dispatcher" daemon [_thread_blocked, id=9266, stack(0x00007fc23a701000,0x00007fc23a802000)]
  0x00007fc258085800 JavaThread "Finalizer" daemon [_thread_blocked, id=9265, stack(0x00007fc23b1d1000,0x00007fc23b2d2000)]
  0x00007fc258083000 JavaThread "Reference Handler" daemon [_thread_blocked, id=9264, stack(0x00007fc23b2d2000,0x00007fc23b3d3000)]
  0x00007fc25800b000 JavaThread "main" [_thread_blocked, id=9258, stack(0x00007fc261862000,0x00007fc261962000)]

Other Threads:
=>0x00007fc258079000 VMThread [stack: 0x00007fc23b3d4000,0x00007fc23b4d4000] [id=9263]
  0x00007fc2580c7000 WatcherThread [stack: 0x00007fc23a1fd000,0x00007fc23a2fd000] [id=9271]

VM state:at safepoint (normal execution)

VM Mutex/Monitor currently owned by a thread:  ([mutex/lock_event])
[0x00007fc258007a40] Threads_lock - owner thread: 0x00007fc258079000
[0x00007fc258007f40] Heap_lock - owner thread: 0x00007fc25800b000

Heap:
 PSYoungGen      total 130048K, used 8163K [0x00000000ec780000, 0x00000000f4f80000, 0x0000000100000000)
  eden space 121856K, 0% used [0x00000000ec780000,0x00000000ec780000,0x00000000f3e80000)
  from space 8192K, 99% used [0x00000000f3e80000,0x00000000f4678c10,0x00000000f4680000)
  to   space 7168K, 0% used [0x00000000f4680000,0x00000000f4680000,0x00000000f4d80000)
 ParOldGen       total 40960K, used 21713K [0x00000000c5600000, 0x00000000c7e00000, 0x00000000ec780000)
  object space 40960K, 53% used [0x00000000c5600000,0x00000000c6b34688,0x00000000c7e00000)
 Metaspace       used 20588K, capacity 21172K, committed 21296K, reserved 1069056K
  class space    used 2451K, capacity 2639K, committed 2688K, reserved 1048576K

Card table byte_map: [0x00007fc25e351000,0x00007fc25e527000] byte_map_base: 0x00007fc25dd26000

Marking Bits: (ParMarkBitMap*) 0x00007fc260cf9de0
 Begin Bits: [0x00007fc25c0c4000, 0x00007fc25cf6c000)
 End Bits:   [0x00007fc25cf6c000, 0x00007fc25de14000)

Polling page: 0x00007fc261975000

CodeCache: size=245760Kb used=11597Kb max_used=11608Kb free=234163Kb
 bounds [0x00007fc249000000, 0x00007fc249b60000, 0x00007fc258000000]
 total_blobs=3952 nmethods=3581 adapters=285
 compilation: enabled

Compilation events (10 events):
Event: 6.994 Thread 0x00007fc2580bf000 nmethod 3608 0x00007fc249b4cdd0 code [0x00007fc249b4d3c0, 0x00007fc249b52f08]
Event: 6.994 Thread 0x00007fc2580bf000 3612       3       sun.misc.ProxyGenerator::codeLocalLoadStore (90 bytes)
Event: 6.996 Thread 0x00007fc2580bf000 nmethod 3612 0x00007fc249b55e10 code [0x00007fc249b56060, 0x00007fc249b57168]
Event: 6.996 Thread 0x00007fc2580bf000 3609       3       java.nio.HeapByteBuffer::get (14 bytes)
Event: 6.997 Thread 0x00007fc2580bf000 nmethod 3609 0x00007fc249b57810 code [0x00007fc249b579a0, 0x00007fc249b57d48]
Event: 6.997 Thread 0x00007fc2580bf000 3610       3       java.nio.Buffer::nextGetIndex (31 bytes)
Event: 6.997 Thread 0x00007fc2580bf000 nmethod 3610 0x00007fc249b5ae90 code [0x00007fc249b5b000, 0x00007fc249b5b208]
Event: 6.997 Thread 0x00007fc2580ba800 nmethod 3611 0x00007fc249b5b2d0 code [0x00007fc249b5b440, 0x00007fc249b5b7c8]
Event: 6.997 Thread 0x00007fc2580ba800 3614       4       java.io.DataOutputStream::writeShort (35 bytes)
Event: 7.001 Thread 0x00007fc2580bf000 3616       3       java.util.regex.Matcher::appendReplacement (571 bytes)

GC Heap History (10 events):
Event: 2.327 GC heap after
Heap after GC invocations=4 (full 0):
 PSYoungGen      total 33280K, used 2544K [0x00000000ec780000, 0x00000000eea80000, 0x0000000100000000)
  eden space 30720K, 0% used [0x00000000ec780000,0x00000000ec780000,0x00000000ee580000)
  from space 2560K, 99% used [0x00000000ee800000,0x00000000eea7c010,0x00000000eea80000)
  to   space 2560K, 0% used [0x00000000ee580000,0x00000000ee580000,0x00000000ee800000)
 ParOldGen       total 40960K, used 4493K [0x00000000c5600000, 0x00000000c7e00000, 0x00000000ec780000)
  object space 40960K, 10% used [0x00000000c5600000,0x00000000c5a63698,0x00000000c7e00000)
 Metaspace       used 13059K, capacity 13426K, committed 13568K, reserved 1060864K
  class space    used 1608K, capacity 1724K, committed 1792K, reserved 1048576K
}
Event: 3.108 GC heap before
{Heap before GC invocations=5 (full 0):
 PSYoungGen      total 33280K, used 33264K [0x00000000ec780000, 0x00000000eea80000, 0x0000000100000000)
  eden space 30720K, 100% used [0x00000000ec780000,0x00000000ee580000,0x00000000ee580000)
  from space 2560K, 99% used [0x00000000ee800000,0x00000000eea7c010,0x00000000eea80000)
  to   space 2560K, 0% used [0x00000000ee580000,0x00000000ee580000,0x00000000ee800000)
 ParOldGen       total 40960K, used 4493K [0x00000000c5600000, 0x00000000c7e00000, 0x00000000ec780000)
  object space 40960K, 10% used [0x00000000c5600000,0x00000000c5a63698,0x00000000c7e00000)
 Metaspace       used 13532K, capacity 13932K, committed 14080K, reserved 1060864K
  class space    used 1641K, capacity 1762K, committed 1792K, reserved 1048576K
Event: 3.142 GC heap after
Heap after GC invocations=5 (full 0):
 PSYoungGen      total 33280K, used 2560K [0x00000000ec780000, 0x00000000f0f80000, 0x0000000100000000)
  eden space 30720K, 0% used [0x00000000ec780000,0x00000000ec780000,0x00000000ee580000)
  from space 2560K, 100% used [0x00000000ee580000,0x00000000ee800000,0x00000000ee800000)
  to   space 6144K, 0% used [0x00000000f0980000,0x00000000f0980000,0x00000000f0f80000)
 ParOldGen       total 40960K, used 6934K [0x00000000c5600000, 0x00000000c7e00000, 0x00000000ec780000)
  object space 40960K, 16% used [0x00000000c5600000,0x00000000c5cc58b0,0x00000000c7e00000)
 Metaspace       used 13532K, capacity 13932K, committed 14080K, reserved 1060864K
  class space    used 1641K, capacity 1762K, committed 1792K, reserved 1048576K
}
Event: 3.790 GC heap before
{Heap before GC invocations=6 (full 0):
 PSYoungGen      total 33280K, used 33280K [0x00000000ec780000, 0x00000000f0f80000, 0x0000000100000000)
  eden space 30720K, 100% used [0x00000000ec780000,0x00000000ee580000,0x00000000ee580000)
  from space 2560K, 100% used [0x00000000ee580000,0x00000000ee800000,0x00000000ee800000)
  to   space 6144K, 0% used [0x00000000f0980000,0x00000000f0980000,0x00000000f0f80000)
 ParOldGen       total 40960K, used 6934K [0x00000000c5600000, 0x00000000c7e00000, 0x00000000ec780000)
  object space 40960K, 16% used [0x00000000c5600000,0x00000000c5cc58b0,0x00000000c7e00000)
 Metaspace       used 13877K, capacity 14206K, committed 14336K, reserved 1062912K
  class space    used 1659K, capacity 1765K, committed 1792K, reserved 1048576K
Event: 3.806 GC heap after
Heap after GC invocations=6 (full 0):
 PSYoungGen      total 67584K, used 4144K [0x00000000ec780000, 0x00000000f0f80000, 0x0000000100000000)
  eden space 61440K, 0% used [0x00000000ec780000,0x00000000ec780000,0x00000000f0380000)
  from space 6144K, 67% used [0x00000000f0980000,0x00000000f0d8c030,0x00000000f0f80000)
  to   space 6144K, 0% used [0x00000000f0380000,0x00000000f0380000,0x00000000f0980000)
 ParOldGen       total 40960K, used 6934K [0x00000000c5600000, 0x00000000c7e00000, 0x00000000ec780000)
  object space 40960K, 16% used [0x00000000c5600000,0x00000000c5cc58b0,0x00000000c7e00000)
 Metaspace       used 13877K, capacity 14206K, committed 14336K, reserved 1062912K
  class space    used 1659K, capacity 1765K, committed 1792K, reserved 1048576K
}
Event: 4.813 GC heap before
{Heap before GC invocations=7 (full 0):
 PSYoungGen      total 67584K, used 65584K [0x00000000ec780000, 0x00000000f0f80000, 0x0000000100000000)
  eden space 61440K, 100% used [0x00000000ec780000,0x00000000f0380000,0x00000000f0380000)
  from space 6144K, 67% used [0x00000000f0980000,0x00000000f0d8c030,0x00000000f0f80000)
  to   space 6144K, 0% used [0x00000000f0380000,0x00000000f0380000,0x00000000f0980000)
 ParOldGen       total 40960K, used 6934K [0x00000000c5600000, 0x00000000c7e00000, 0x00000000ec780000)
  object space 40960K, 16% used [0x00000000c5600000,0x00000000c5cc58b0,0x00000000c7e00000)
 Metaspace       used 14793K, capacity 15158K, committed 15232K, reserved 1062912K
  class space    used 1753K, capacity 1869K, committed 1920K, reserved 1048576K
Event: 4.842 GC heap after
Heap after GC invocations=7 (full 0):
 PSYoungGen      total 67584K, used 6128K [0x00000000ec780000, 0x00000000f4d80000, 0x0000000100000000)
  eden space 61440K, 0% used [0x00000000ec780000,0x00000000ec780000,0x00000000f0380000)
  from space 6144K, 99% used [0x00000000f0380000,0x00000000f097c010,0x00000000f0980000)
  to   space 7168K, 0% used [0x00000000f4680000,0x00000000f4680000,0x00000000f4d80000)
 ParOldGen       total 40960K, used 7993K [0x00000000c5600000, 0x00000000c7e00000, 0x00000000ec780000)
  object space 40960K, 19% used [0x00000000c5600000,0x00000000c5dce560,0x00000000c7e00000)
 Metaspace       used 14793K, capacity 15158K, committed 15232K, reserved 1062912K
  class space    used 1753K, capacity 1869K, committed 1920K, reserved 1048576K
}
Event: 5.869 GC heap before
{Heap before GC invocations=8 (full 0):
 PSYoungGen      total 67584K, used 67552K [0x00000000ec780000, 0x00000000f4d80000, 0x0000000100000000)
  eden space 61440K, 99% used [0x00000000ec780000,0x00000000f037c000,0x00000000f0380000)
  from space 6144K, 99% used [0x00000000f0380000,0x00000000f097c010,0x00000000f0980000)
  to   space 7168K, 0% used [0x00000000f4680000,0x00000000f4680000,0x00000000f4d80000)
 ParOldGen       total 40960K, used 7993K [0x00000000c5600000, 0x00000000c7e00000, 0x00000000ec780000)
  object space 40960K, 19% used [0x00000000c5600000,0x00000000c5dce560,0x00000000c7e00000)
 Metaspace       used 18855K, capacity 19410K, committed 19712K, reserved 1067008K
  class space    used 2276K, capacity 2437K, committed 2560K, reserved 1048576K
Event: 5.895 GC heap after
Heap after GC invocations=8 (full 0):
 PSYoungGen      total 129024K, used 7115K [0x00000000ec780000, 0x00000000f4f80000, 0x0000000100000000)
  eden space 121856K, 0% used [0x00000000ec780000,0x00000000ec780000,0x00000000f3e80000)
  from space 7168K, 99% used [0x00000000f4680000,0x00000000f4d72c78,0x00000000f4d80000)
  to   space 8192K, 0% used [0x00000000f3e80000,0x00000000f3e80000,0x00000000f4680000)
 ParOldGen       total 40960K, used 9159K [0x00000000c5600000, 0x00000000c7e00000, 0x00000000ec780000)
  object space 40960K, 22% used [0x00000000c5600000,0x00000000c5ef1da0,0x00000000c7e00000)
 Metaspace       used 18855K, capacity 19410K, committed 19712K, reserved 1067008K
  class space    used 2276K, capacity 2437K, committed 2560K, reserved 1048576K
}
Event: 7.009 GC heap before
{Heap before GC invocations=9 (full 0):
 PSYoungGen      total 129024K, used 62723K [0x00000000ec780000, 0x00000000f4f80000, 0x0000000100000000)
  eden space 121856K, 45% used [0x00000000ec780000,0x00000000efdce0f0,0x00000000f3e80000)
  from space 7168K, 99% used [0x00000000f4680000,0x00000000f4d72c78,0x00000000f4d80000)
  to   space 8192K, 0% used [0x00000000f3e80000,0x00000000f3e80000,0x00000000f4680000)
 ParOldGen       total 40960K, used 9159K [0x00000000c5600000, 0x00000000c7e00000, 0x00000000ec780000)
  object space 40960K, 22% used [0x00000000c5600000,0x00000000c5ef1da0,0x00000000c7e00000)
 Metaspace       used 20588K, capacity 21172K, committed 21296K, reserved 1069056K
  class space    used 2451K, capacity 2639K, committed 2688K, reserved 1048576K

Deoptimization events (10 events):
Event: 6.847 Thread 0x00007fc25800b000 Uncommon trap: reason=class_check action=maybe_recompile pc=0x00007fc24995b418 method=sun.misc.URLClassPath.getResource(Ljava/lang/String;Z)Lsun/misc/Resource; @ 62
Event: 6.847 Thread 0x00007fc25800b000 Uncommon trap: reason=class_check action=maybe_recompile pc=0x00007fc2491c0870 method=sun.misc.URLClassPath.getLoader(I)Lsun/misc/URLClassPath$Loader; @ 239
Event: 6.847 Thread 0x00007fc25800b000 Uncommon trap: reason=class_check action=maybe_recompile pc=0x00007fc24995b418 method=sun.misc.URLClassPath.getResource(Ljava/lang/String;Z)Lsun/misc/Resource; @ 62
Event: 6.850 Thread 0x00007fc25800b000 Uncommon trap: reason=class_check action=maybe_recompile pc=0x00007fc2491d2684 method=sun.misc.URLClassPath.getLoader(I)Lsun/misc/URLClassPath$Loader; @ 239
Event: 6.905 Thread 0x00007fc25800b000 Uncommon trap: reason=class_check action=maybe_recompile pc=0x00007fc24995b418 method=sun.misc.URLClassPath.getResource(Ljava/lang/String;Z)Lsun/misc/Resource; @ 62
Event: 6.954 Thread 0x00007fc25800b000 Uncommon trap: reason=unstable_if action=reinterpret pc=0x00007fc249861fac method=java.util.regex.Pattern.range(Ljava/util/regex/Pattern$BitClass;)Ljava/util/regex/Pattern$CharProperty; @ 108
Event: 6.956 Thread 0x00007fc25800b000 Uncommon trap: reason=bimorphic action=maybe_recompile pc=0x00007fc2495345a0 method=java.util.regex.Pattern$5.isSatisfiedBy(I)Z @ 5
Event: 6.956 Thread 0x00007fc25800b000 Uncommon trap: reason=bimorphic action=maybe_recompile pc=0x00007fc249534588 method=java.util.regex.Pattern$5.isSatisfiedBy(I)Z @ 5
Event: 6.956 Thread 0x00007fc25800b000 Uncommon trap: reason=bimorphic action=maybe_recompile pc=0x00007fc249534588 method=java.util.regex.Pattern$5.isSatisfiedBy(I)Z @ 5
Event: 6.956 Thread 0x00007fc25800b000 Uncommon trap: reason=bimorphic action=maybe_recompile pc=0x00007fc249534588 method=java.util.regex.Pattern$5.isSatisfiedBy(I)Z @ 5

Classes redefined (0 events):
No events

Internal exceptions (10 events):
Event: 2.496 Thread 0x00007fc25800b000 Implicit null exception at 0x00007fc2493a30f5 to 0x00007fc2493a32d9
Event: 2.496 Thread 0x00007fc25800b000 Implicit null exception at 0x00007fc2492c53ef to 0x00007fc2492c5459
Event: 2.655 Thread 0x00007fc25800b000 Implicit null exception at 0x00007fc24951e33e to 0x00007fc24951e659
Event: 3.358 Thread 0x00007fc25800b000 Implicit null exception at 0x00007fc24936db18 to 0x00007fc24936dba6
Event: 4.660 Thread 0x00007fc25800b000 Exception <a 'java/lang/NoClassDefFoundError': org/slf4j/Logger> (0x00000000efd6d1f0) thrown at [/HUDSON/workspace/8-2-build-linux-amd64/jdk8u172/10810/hotspot/src/share/vm/oops/constantPool.cpp, line 235]
Event: 4.932 Thread 0x00007fc25800b000 Exception <a 'java/lang/NoClassDefFoundError': org/slf4j/Logger> (0x00000000ecb8dec8) thrown at [/HUDSON/workspace/8-2-build-linux-amd64/jdk8u172/10810/hotspot/src/share/vm/oops/constantPool.cpp, line 235]
Event: 5.307 Thread 0x00007fc25800b000 Exception <a 'java/lang/NoClassDefFoundError': org/slf4j/Logger> (0x00000000edf8cdb8) thrown at [/HUDSON/workspace/8-2-build-linux-amd64/jdk8u172/10810/hotspot/src/share/vm/oops/constantPool.cpp, line 235]
Event: 5.424 Thread 0x00007fc25800b000 Exception <a 'java/lang/ClassNotFoundException': com/sun/tools/javac/api/JavacTool> (0x00000000ee4511f8) thrown at [/HUDSON/workspace/8-2-build-linux-amd64/jdk8u172/10810/hotspot/src/share/vm/classfile/systemDictionary.cpp, line 210]
Event: 6.408 Thread 0x00007fc25800b000 Exception <a 'java/io/FileNotFoundException'> (0x00000000eda05ba0) thrown at [/HUDSON/workspace/8-2-build-linux-amd64/jdk8u172/10810/hotspot/src/share/vm/prims/jni.cpp, line 709]
Event: 6.415 Thread 0x00007fc25800b000 Exception <a 'java/io/FileNotFoundException'> (0x00000000eda3acf0) thrown at [/HUDSON/workspace/8-2-build-linux-amd64/jdk8u172/10810/hotspot/src/share/vm/prims/jni.cpp, line 709]

Events (10 events):
Event: 6.956 Thread 0x00007fc25800b000 DEOPT UNPACKING pc=0x00007fc24904573a sp=0x00007fc26195e0d0 mode 2
Event: 6.959 Thread 0x00007fc25800b000 DEOPT PACKING pc=0x00007fc24977485c sp=0x00007fc26195c550
Event: 6.959 Thread 0x00007fc25800b000 DEOPT UNPACKING pc=0x00007fc249047384 sp=0x00007fc26195c2c8 mode 0
Event: 6.960 Thread 0x00007fc25800b000 DEOPT PACKING pc=0x00007fc24977390c sp=0x00007fc26195c510
Event: 6.960 Thread 0x00007fc25800b000 DEOPT UNPACKING pc=0x00007fc249047384 sp=0x00007fc26195c280 mode 0
Event: 6.978 loading class java/util/Collections$EmptyEnumeration
Event: 6.979 loading class java/util/Collections$EmptyEnumeration done
Event: 6.979 loading class java/util/Vector$1
Event: 6.979 loading class java/util/Vector$1 done
Event: 7.009 Executing VM operation: CollectForMetadataAllocation


Dynamic libraries:
00400000-00401000 r-xp 00000000 08:01 14946731                           /usr/local/jdk1.8.0_172/bin/java
00600000-00601000 rw-p 00000000 08:01 14946731                           /usr/local/jdk1.8.0_172/bin/java
01bc9000-01bea000 rw-p 00000000 00:00 0                                  [heap]
c5600000-c7e00000 rw-p 00000000 00:00 0 
c7e00000-ec780000 ---p 00000000 00:00 0 
ec780000-f4f80000 rw-p 00000000 00:00 0 
fa200000-100000000 ---p 00000000 00:00 0 
100000000-1002a0000 rw-p 00000000 00:00 0 
1002a0000-140000000 ---p 00000000 00:00 0 
7fc208000000-7fc208021000 rw-p 00000000 00:00 0 
7fc208021000-7fc20c000000 ---p 00000000 00:00 0 
7fc20cfff000-7fc210000000 rw-p 00000000 00:00 0 
7fc210000000-7fc210021000 rw-p 00000000 00:00 0 
7fc210021000-7fc214000000 ---p 00000000 00:00 0 
7fc214000000-7fc214021000 rw-p 00000000 00:00 0 
7fc214021000-7fc218000000 ---p 00000000 00:00 0 
7fc218000000-7fc218d73000 rw-p 00000000 00:00 0 
7fc218d73000-7fc21c000000 ---p 00000000 00:00 0 
7fc21c000000-7fc21cf5e000 rw-p 00000000 00:00 0 
7fc21cf5e000-7fc220000000 ---p 00000000 00:00 0 
7fc220000000-7fc220021000 rw-p 00000000 00:00 0 
7fc220021000-7fc224000000 ---p 00000000 00:00 0 
7fc224000000-7fc225080000 rw-p 00000000 00:00 0 
7fc225080000-7fc228000000 ---p 00000000 00:00 0 
7fc228000000-7fc228021000 rw-p 00000000 00:00 0 
7fc228021000-7fc22c000000 ---p 00000000 00:00 0 
7fc22c000000-7fc22c021000 rw-p 00000000 00:00 0 
7fc22c021000-7fc230000000 ---p 00000000 00:00 0 
7fc230000000-7fc230361000 rw-p 00000000 00:00 0 
7fc230361000-7fc234000000 ---p 00000000 00:00 0 
7fc234000000-7fc234021000 rw-p 00000000 00:00 0 
7fc234021000-7fc238000000 ---p 00000000 00:00 0 
7fc238d15000-7fc238d41000 rw-p 00000000 00:00 0 
7fc238d41000-7fc238f15000 ---p 00000000 00:00 0 
7fc238f15000-7fc238f28000 r--s 00345000 08:01 15077509                   /usr/local/jdk1.8.0_172/jre/lib/resources.jar
7fc238f28000-7fc238f39000 r--s 0014c000 08:01 3019473                    /home/avbravo/.m2/repository/jfree/jfreechart/1.0.13/jfreechart-1.0.13.jar
7fc238f39000-7fc238f3b000 r--s 00007000 08:01 3019472                    /home/avbravo/.m2/repository/com/fasterxml/jackson/core/jackson-annotations/2.1.4/jackson-annotations-2.1.4.jar
7fc238f3b000-7fc238f4c000 r--s 000d2000 08:01 3019471                    /home/avbravo/.m2/repository/com/fasterxml/jackson/core/jackson-databind/2.1.4/jackson-databind-2.1.4.jar
7fc238f4c000-7fc238f50000 r--s 0002f000 08:01 3019467                    /home/avbravo/.m2/repository/com/fasterxml/jackson/core/jackson-core/2.1.4/jackson-core-2.1.4.jar
7fc238f50000-7fc238f60000 r--s 000c4000 08:01 3019466                    /home/avbravo/.m2/repository/org/codehaus/castor/castor/1.2/castor-1.2.jar
7fc238f60000-7fc238f84000 r--s 00341000 08:01 3019463                    /home/avbravo/.m2/repository/eclipse/jdtcore/3.1.0/jdtcore-3.1.0.jar
7fc238f84000-7fc238f8c000 r--s 00028000 08:01 3019462                    /home/avbravo/.m2/repository/xml-apis/xml-apis/1.3.02/xml-apis-1.3.02.jar
7fc238f8c000-7fc238f92000 r--s 00046000 08:01 3019461                    /home/avbravo/.m2/repository/jfree/jcommon/1.0.15/jcommon-1.0.15.jar
7fc238f92000-7fc238f98000 r--s 0002b000 08:01 3019456                    /home/avbravo/.m2/repository/commons-digester/commons-digester/2.1/commons-digester-2.1.jar
7fc238f98000-7fc238f9e000 r--s 00023000 08:01 3019454                    /home/avbravo/.m2/repository/commons-collections/commons-collections/2.1/commons-collections-2.1.jar
7fc238f9e000-7fc238fa3000 r--s 00034000 08:01 3019450                    /home/avbravo/.m2/repository/commons-beanutils/commons-beanutils/1.8.0/commons-beanutils-1.8.0.jar
7fc238fa3000-7fc238ff5000 r--s 00421000 08:01 3019451                    /home/avbravo/.m2/repository/net/sf/jasperreports/jasperreports/5.5.0/jasperreports-5.5.0.jar
7fc238ff5000-7fc239016000 r--s 0015a000 08:01 3019448                    /home/avbravo/.m2/repository/org/bouncycastle/bcprov-jdk14/1.38/bcprov-jdk14-1.38.jar
7fc239016000-7fc239037000 r--s 0015a000 08:01 3019441                    /home/avbravo/.m2/repository/bouncycastle/bcprov-jdk14/138/bcprov-jdk14-138.jar
7fc239037000-7fc239043000 r--s 00108000 08:01 3019438                    /home/avbravo/.m2/repository/com/lowagie/itext/2.1.7/itext-2.1.7.jar
7fc239043000-7fc239243000 rw-p 00000000 00:00 0 
7fc239243000-7fc239443000 rw-p 00000000 00:00 0 
7fc239443000-7fc239451000 r--s 0007f000 08:01 3146108                    /home/avbravo/.m2/repository/commons-collections/commons-collections/3.2.1/commons-collections-3.2.1.jar
7fc239451000-7fc239456000 r--s 00041000 08:01 3020156                    /home/avbravo/.m2/repository/commons-lang/commons-lang/2.6/commons-lang-2.6.jar
7fc239456000-7fc239458000 r--s 00006000 08:01 3146107                    /home/avbravo/.m2/repository/org/apache/maven/shared/maven-invoker/2.0.11/maven-invoker-2.0.11.jar
7fc239458000-7fc23945a000 r--s 00006000 08:01 3146105                    /home/avbravo/.m2/repository/org/apache/maven/shared/maven-common-artifact-filters/1.4/maven-common-artifact-filters-1.4.jar
7fc23945a000-7fc23945c000 r--s 0000c000 08:01 3146101                    /home/avbravo/.m2/repository/org/apache/maven/shared/maven-dependency-tree/2.0/maven-dependency-tree-2.0.jar
7fc23945c000-7fc23945e000 r--s 00000000 08:01 3146097                    /home/avbravo/.m2/repository/org/codehaus/plexus/plexus-component-annotations/1.5.5/plexus-component-annotations-1.5.5.jar
7fc23945e000-7fc23945f000 r--s 0000a000 08:01 3146098                    /home/avbravo/.m2/repository/asm/asm/3.3.1/asm-3.3.1.jar
7fc23945f000-7fc239461000 r--s 00005000 08:01 3146099                    /home/avbravo/.m2/repository/org/apache/maven/shared/maven-dependency-analyzer/1.3/maven-dependency-analyzer-1.3.jar
7fc239461000-7fc239464000 r--s 0000c000 08:01 3146096                    /home/avbravo/.m2/repository/org/codehaus/plexus/plexus-io/2.0.6/plexus-io-2.0.6.jar
7fc239464000-7fc239467000 r--s 0001b000 08:01 3020153                    /home/avbravo/.m2/repository/junit/junit/3.8.1/junit-3.8.1.jar
7fc239467000-7fc239469000 r--s 00008000 08:01 3146092                    /home/avbravo/.m2/repository/org/apache/maven/shared/maven-shared-io/1.1/maven-shared-io-1.1.jar
7fc239469000-7fc23946b000 r--s 00008000 08:01 3146091                    /home/avbravo/.m2/repository/org/apache/maven/shared/file-management/1.2.1/file-management-1.2.1.jar
7fc23946b000-7fc23946f000 r--s 00035000 08:01 3146090                    /home/avbravo/.m2/repository/org/codehaus/plexus/plexus-utils/3.0.9/plexus-utils-3.0.9.jar
7fc23946f000-7fc239474000 r--s 00029000 08:01 3020150                    /home/avbravo/.m2/repository/org/codehaus/plexus/plexus-archiver/2.2/plexus-archiver-2.2.jar
7fc239474000-7fc239476000 r--s 00004000 08:01 3020148                    /home/avbravo/.m2/repository/org/apache/maven/doxia/doxia-module-xhtml/1.0/doxia-module-xhtml-1.0.jar
7fc239476000-7fc239477000 r--s 00006000 08:01 3020145                    /home/avbravo/.m2/repository/org/apache/maven/doxia/doxia-module-xdoc/1.0/doxia-module-xdoc-1.0.jar
7fc239477000-7fc239478000 r--s 00004000 08:01 3020143                    /home/avbravo/.m2/repository/org/apache/maven/doxia/doxia-module-fml/1.0/doxia-module-fml-1.0.jar
7fc239478000-7fc23947a000 r--s 0000a000 08:01 3020142                    /home/avbravo/.m2/repository/org/apache/maven/doxia/doxia-module-apt/1.0/doxia-module-apt-1.0.jar
7fc23947a000-7fc23947b000 r--s 0000b000 08:01 3020140                    /home/avbravo/.m2/repository/org/apache/maven/doxia/doxia-decoration-model/1.0/doxia-decoration-model-1.0.jar
7fc23947b000-7fc239483000 r--s 00058000 08:01 3020139                    /home/avbravo/.m2/repository/org/apache/velocity/velocity/1.5/velocity-1.5.jar
7fc239483000-7fc239484000 r--s 00001000 08:01 3020136                    /home/avbravo/.m2/repository/org/codehaus/plexus/plexus-velocity/1.1.7/plexus-velocity-1.1.7.jar
7fc239484000-7fc239485000 r--s 00002000 08:01 3020133                    /home/avbravo/.m2/repository/org/codehaus/plexus/plexus-i18n/1.0-beta-7/plexus-i18n-1.0-beta-7.jar
7fc239485000-7fc239487000 r--s 0000a000 08:01 3020131                    /home/avbravo/.m2/repository/org/apache/maven/doxia/doxia-site-renderer/1.0/doxia-site-renderer-1.0.jar
7fc239487000-7fc239488000 r--s 00002000 08:01 3020130                    /home/avbravo/.m2/repository/org/apache/maven/doxia/doxia-sink-api/1.0/doxia-sink-api-1.0.jar
7fc239488000-7fc23948d000 r--s 00016000 08:01 3020127                    /home/avbravo/.m2/repository/xml-apis/xml-apis/1.0.b2/xml-apis-1.0.b2.jar
7fc23948d000-7fc23948f000 r--s 0000e000 08:01 3020126                    /home/avbravo/.m2/repository/oro/oro/2.0.8/oro-2.0.8.jar
7fc23948f000-7fc239491000 r--s 00008000 08:01 3020124                    /home/avbravo/.m2/repository/commons-logging/commons-logging/1.0.4/commons-logging-1.0.4.jar
7fc239491000-7fc239495000 r--s 00026000 08:01 3020120                    /home/avbravo/.m2/repository/commons-digester/commons-digester/1.6/commons-digester-1.6.jar
7fc239495000-7fc23949a000 r--s 0002a000 08:01 3020117                    /home/avbravo/.m2/repository/commons-beanutils/commons-beanutils/1.7.0/commons-beanutils-1.7.0.jar
7fc23949a000-7fc23949d000 r--s 00014000 08:01 3020116                    /home/avbravo/.m2/repository/commons-validator/commons-validator/1.2.0/commons-validator-1.2.0.jar
7fc23949d000-7fc2394a0000 r--s 00018000 08:01 3020115                    /home/avbravo/.m2/repository/commons-io/commons-io/1.4/commons-io-1.4.jar
7fc2394a0000-7fc2394a2000 r--s 00009000 08:01 3020119                    /home/avbravo/.m2/repository/org/apache/maven/shared/maven-doxia-tools/1.0.2/maven-doxia-tools-1.0.2.jar
7fc2394a2000-7fc2394a5000 r--s 0000b000 08:01 3020108                    /home/avbravo/.m2/repository/org/apache/maven/doxia/doxia-core/1.0/doxia-core-1.0.jar
7fc2394a5000-7fc2394a7000 r--s 00004000 08:01 3020110                    /home/avbravo/.m2/repository/org/apache/maven/reporting/maven-reporting-impl/2.0.5/maven-reporting-impl-2.0.5.jar
7fc2394a7000-7fc2394a8000 r--s 00002000 08:01 3020109                    /home/avbravo/.m2/repository/org/apache/maven/reporting/maven-reporting-api/3.0/maven-reporting-api-3.0.jar
7fc2394a8000-7fc2394aa000 r--s 00002000 08:01 3020107                    /home/avbravo/.m2/repository/org/codehaus/plexus/plexus-interactivity-api/1.0-alpha-4/plexus-interactivity-api-1.0-alpha-4.jar
7fc2394aa000-7fc2394ac000 r--s 00006000 08:01 3020106                    /home/avbravo/.m2/repository/commons-cli/commons-cli/1.0/commons-cli-1.0.jar
7fc2394ac000-7fc2394af000 r--s 00021000 08:01 2756574                    /home/avbravo/.m2/repository/org/apache/maven/plugins/maven-dependency-plugin/2.6/maven-dependency-plugin-2.6.jar
7fc2394af000-7fc2394b1000 r--s 0000d000 08:01 3019457                    /home/avbravo/.m2/repository/commons-logging/commons-logging/1.1.1/commons-logging-1.1.1.jar
7fc2394b1000-7fc2394b5000 r--s 0002b000 08:01 3019449                    /home/avbravo/.m2/repository/org/bouncycastle/bcmail-jdk14/1.38/bcmail-jdk14-1.38.jar
7fc2394b5000-7fc2394b6000 r--s 00005000 08:01 3019443                    /home/avbravo/.m2/repository/org/bouncycastle/bctsp-jdk14/1.38/bctsp-jdk14-1.38.jar
7fc2394b6000-7fc2394ba000 r--s 0002b000 08:01 3019440                    /home/avbravo/.m2/repository/bouncycastle/bcmail-jdk14/138/bcmail-jdk14-138.jar
7fc2394ba000-7fc2394c1000 r--s 0003f000 08:01 3019435                    /home/avbravo/.m2/repository/commons-codec/commons-codec/1.10/commons-codec-1.10.jar
7fc2394c1000-7fc2394ef000 r--s 003ab000 08:01 3019433                    /home/avbravo/.m2/repository/org/primefaces/primefaces/6.1/primefaces-6.1.jar
7fc2394ef000-7fc2394f4000 r--s 00046000 08:01 3019432                    /home/avbravo/.m2/repository/org/twitter4j/twitter4j-core/4.0.6/twitter4j-core-4.0.6.jar
7fc2394f4000-7fc2394f8000 r--s 0002e000 08:01 3019429                    /home/avbravo/.m2/repository/javax/mail/javax.mail-api/1.5.6/javax.mail-api-1.5.6.jar
7fc2394f8000-7fc239500000 r--s 00078000 08:01 3019427                    /home/avbravo/.m2/repository/javax/mail/mail/1.4.7/mail-1.4.7.jar
7fc239500000-7fc239502000 r--s 0000b000 08:01 3020330                    /home/avbravo/.m2/repository/com/github/avbravo/avbravoutils/0.19/avbravoutils-0.19.jar
7fc239502000-7fc23951b000 r--s 000fe000 08:01 3019425                    /home/avbravo/.m2/repository/io/reactivex/rxjava/1.2.3/rxjava-1.2.3.jar
7fc23951b000-7fc23957c000 r--s 00461000 08:01 3019426                    /home/avbravo/.m2/repository/com/couchbase/client/core-io/1.4.1/core-io-1.4.1.jar
7fc23957c000-7fc239593000 r--s 000cc000 08:01 3019424                    /home/avbravo/.m2/repository/com/couchbase/client/java-client/2.4.1/java-client-2.4.1.jar
7fc239593000-7fc2395a9000 r--s 000fb000 08:01 3019422                    /home/avbravo/.m2/repository/org/mongodb/mongodb-driver-core/3.6.0/mongodb-driver-core-3.6.0.jar
7fc2395a9000-7fc2395b1000 r--s 00058000 08:01 3019417                    /home/avbravo/.m2/repository/org/mongodb/bson/3.6.0/bson-3.6.0.jar
7fc2395b1000-7fc2395b8000 r--s 00058000 08:01 3019415                    /home/avbravo/.m2/repository/org/mongodb/mongodb-driver/3.6.0/mongodb-driver-3.6.0.jar
7fc2395b8000-7fc2395bf000 r--s 00000000 08:01 7080769                    /usr/lib/x86_64-linux-gnu/gconv/gconv-modules.cache
7fc2395bf000-7fc2395e3000 r--p 00000000 08:01 8402364                    /usr/share/locale-langpack/es/LC_MESSAGES/libc.mo
7fc2395e3000-7fc2395f8000 r--s 00145000 08:01 3019414                    /home/avbravo/.m2/repository/org/projectlombok/lombok/1.16.12/lombok-1.16.12.jar
7fc2395f8000-7fc2395fb000 r--s 00014000 08:01 3019411                    /home/avbravo/.m2/repository/net/sf/flexjson/flexjson/3.3/flexjson-3.3.jar
7fc2395fb000-7fc239608000 r--s 000a6000 08:01 3019410                    /home/avbravo/.m2/repository/org/omnifaces/omnifaces/2.6.1/omnifaces-2.6.1.jar
7fc239608000-7fc23960b000 r--s 00015000 08:01 3019367                    /home/avbravo/.m2/repository/com/github/avbravo/ejbjmoordb/0.5.9/ejbjmoordb-0.5.9.jar
7fc23960b000-7fc23960d000 r--s 0000e000 08:01 3019408                    /home/avbravo/.m2/repository/javax/activation/activation/1.1/activation-1.1.jar
7fc23960d000-7fc239616000 r--s 00097000 08:01 3019409                    /home/avbravo/.m2/repository/com/sun/mail/javax.mail/1.6.0/javax.mail-1.6.0.jar
7fc239616000-7fc23964c000 r--s 001ae000 08:01 3019407                    /home/avbravo/.m2/repository/javax/javaee-api/8.0/javaee-api-8.0.jar
7fc23964c000-7fc2396c5000 r--s 010f9000 08:01 14946838                   /usr/local/jdk1.8.0_172/lib/tools.jar
7fc2396c5000-7fc2396c8000 r--s 0001b000 08:01 3146372                    /home/avbravo/.m2/repository/junit/junit/3.8.2/junit-3.8.2.jar
7fc2396c8000-7fc2396d6000 r--s 0008f000 08:01 3146371                    /home/avbravo/.m2/repository/com/google/collections/google-collections/1.0/google-collections-1.0.jar
7fc2396d6000-7fc2396d7000 r--s 0000a000 08:01 3146368                    /home/avbravo/.m2/repository/commons-logging/commons-logging-api/1.1/commons-logging-api-1.1.jar
7fc2396d7000-7fc2396de000 r--s 00051000 08:01 3146366                    /home/avbravo/.m2/repository/log4j/log4j/1.2.12/log4j-1.2.12.jar
7fc2396de000-7fc2396e2000 r--s 0001d000 08:01 3146365                    /home/avbravo/.m2/repository/org/apache/xbean/xbean-reflect/3.4/xbean-reflect-3.4.jar
7fc2396e2000-7fc2396e3000 r--s 00004000 08:01 3146363                    /home/avbravo/.m2/repository/org/codehaus/plexus/plexus-compiler-javac/2.2/plexus-compiler-javac-2.2.jar
7fc2396e3000-7fc2396e5000 r--s 00000000 08:01 3146364                    /home/avbravo/.m2/repository/org/codehaus/plexus/plexus-compiler-manager/2.2/plexus-compiler-manager-2.2.jar
7fc2396e5000-7fc2396e7000 r--s 00005000 08:01 3146356                    /home/avbravo/.m2/repository/org/codehaus/plexus/plexus-compiler-api/2.2/plexus-compiler-api-2.2.jar
7fc2396e7000-7fc2396e9000 r--s 00002000 08:01 3146355                    /home/avbravo/.m2/repository/org/apache/maven/shared/maven-shared-incremental/1.1/maven-shared-incremental-1.1.jar
7fc2396e9000-7fc2396eb000 r--s 00006000 08:01 3146357                    /home/avbravo/.m2/repository/com/google/code/findbugs/jsr305/2.0.1/jsr305-2.0.1.jar
7fc2396eb000-7fc2396ee000 r--s 00023000 08:01 3146358                    /home/avbravo/.m2/repository/org/apache/maven/shared/maven-shared-utils/0.1/maven-shared-utils-0.1.jar
7fc2396ee000-7fc2396f2000 r--s 00030000 08:01 3020162                    /home/avbravo/.m2/repository/org/codehaus/plexus/plexus-utils/1.5.1/plexus-utils-1.5.1.jar
7fc2396f2000-7fc2396f4000 r--s 00009000 08:01 2756557                    /home/avbravo/.m2/repository/org/apache/maven/plugins/maven-compiler-plugin/3.1/maven-compiler-plugin-3.1.jar
7fc2396f4000-7fc2396f6000 r--s 0000d000 08:01 3146190                    /home/avbravo/.m2/repository/org/codehaus/plexus/plexus-interpolation/1.13/plexus-interpolation-1.13.jar
7fc2396f6000-7fc2396f7000 r--s 00001000 08:01 3146187                    /home/avbravo/.m2/repository/org/sonatype/plexus/plexus-build-api/0.0.4/plexus-build-api-0.0.4.jar
7fc2396f7000-7fc2396f9000 r--s 00009000 08:01 3146186                    /home/avbravo/.m2/repository/org/apache/maven/shared/maven-filtering/1.0/maven-filtering-1.0.jar
7fc2396f9000-7fc2396fd000 r--s 00033000 08:01 3146185                    /home/avbravo/.m2/repository/org/codehaus/plexus/plexus-utils/2.0.5/plexus-utils-2.0.5.jar
7fc2396fd000-7fc2396fe000 r--s 00001000 08:01 3020159                    /home/avbravo/.m2/repository/org/apache/maven/doxia/doxia-sink-api/1.0-alpha-7/doxia-sink-api-1.0-alpha-7.jar
7fc2396fe000-7fc2396ff000 r--s 00002000 08:01 3020158                    /home/avbravo/.m2/repository/org/apache/maven/reporting/maven-reporting-api/2.0.6/maven-reporting-api-2.0.6.jar
7fc2396ff000-7fc239701000 r--s 00005000 08:01 2100140                    /home/avbravo/.m2/repository/org/apache/maven/plugins/maven-resources-plugin/2.5/maven-resources-plugin-2.5.jar
7fc239701000-7fc239901000 rw-p 00000000 00:00 0 
7fc239901000-7fc239912000 r-xp 00000000 08:01 15210615                   /usr/local/jdk1.8.0_172/jre/lib/amd64/libnio.so
7fc239912000-7fc239b11000 ---p 00011000 08:01 15210615                   /usr/local/jdk1.8.0_172/jre/lib/amd64/libnio.so
7fc239b11000-7fc239b12000 rw-p 00010000 08:01 15210615                   /usr/local/jdk1.8.0_172/jre/lib/amd64/libnio.so
7fc239b12000-7fc239b28000 r-xp 00000000 08:01 15210612                   /usr/local/jdk1.8.0_172/jre/lib/amd64/libnet.so
7fc239b28000-7fc239d28000 ---p 00016000 08:01 15210612                   /usr/local/jdk1.8.0_172/jre/lib/amd64/libnet.so
7fc239d28000-7fc239d29000 rw-p 00016000 08:01 15210612                   /usr/local/jdk1.8.0_172/jre/lib/amd64/libnet.so
7fc239d29000-7fc239d2c000 ---p 00000000 00:00 0 
7fc239d2c000-7fc239d62000 rw-p 00000000 00:00 0 
7fc239d62000-7fc239d63000 r--p 00000000 00:00 0 
7fc239d63000-7fc239f63000 rw-p 00000000 00:00 0 
7fc239f63000-7fc239f68000 r--s 0009d000 08:01 15077525                   /usr/local/jdk1.8.0_172/jre/lib/jsse.jar
7fc239f68000-7fc23a168000 rw-p 00000000 00:00 0 
7fc23a168000-7fc23a16a000 r--s 0000d000 08:01 15210638                   /home/avbravo/netbeans-8.2/java/maven-nblib/netbeans-eventspy.jar
7fc23a16a000-7fc23a16c000 r--s 0000b000 08:01 15077565                   /home/avbravo/netbeans-8.2/java/maven/lib/maven-artifact-3.0.5.jar
7fc23a16c000-7fc23a16d000 r--s 00002000 08:01 15077585                   /home/avbravo/netbeans-8.2/java/maven/lib/wagon-file-2.10.jar
7fc23a16d000-7fc23a19c000 r--s 001c8000 08:01 15077559                   /home/avbravo/netbeans-8.2/java/maven/lib/wagon-http-2.10-shaded.jar
7fc23a19c000-7fc23a1a0000 r--s 00021000 08:01 15077549                   /home/avbravo/netbeans-8.2/java/maven/lib/maven-model-builder-3.0.5.jar
7fc23a1a0000-7fc23a1a7000 r--s 0003f000 08:01 15077561                   /home/avbravo/netbeans-8.2/java/maven/lib/sisu-inject-bean-2.3.0.jar
7fc23a1a7000-7fc23a1a9000 r--s 00002000 08:01 15077578                   /home/avbravo/netbeans-8.2/java/maven/lib/plexus-cipher-1.7.jar
7fc23a1a9000-7fc23a1ab000 r--s 0000d000 08:01 15077551                   /home/avbravo/netbeans-8.2/java/maven/lib/plexus-interpolation-1.14.jar
7fc23a1ab000-7fc23a1ac000 r--s 00003000 08:01 15077580                   /home/avbravo/netbeans-8.2/java/maven/lib/aether-spi-1.13.1.jar
7fc23a1ac000-7fc23a1ad000 r--s 00006000 08:01 15077550                   /home/avbravo/netbeans-8.2/java/maven/lib/plexus-sec-dispatcher-1.3.jar
7fc23a1ad000-7fc23a1af000 r--s 00026000 08:01 15077577                   /home/avbravo/netbeans-8.2/java/maven/lib/maven-model-3.0.5.jar
7fc23a1af000-7fc23a1b9000 r--s 00116000 08:01 15210466                   /usr/local/jdk1.8.0_172/jre/lib/ext/localedata.jar
7fc23a1b9000-7fc23a1bd000 r--s 00033000 08:01 15077572                   /home/avbravo/netbeans-8.2/java/maven/lib/plexus-utils-2.0.6.jar
7fc23a1bd000-7fc23a1c1000 r--s 00013000 08:01 15077579                   /home/avbravo/netbeans-8.2/java/maven/lib/aether-api-1.13.1.jar
7fc23a1c1000-7fc23a1c9000 r--s 00050000 08:01 15077556                   /home/avbravo/netbeans-8.2/java/maven/lib/sisu-guice-3.1.0-no_aop.jar
7fc23a1c9000-7fc23a1cb000 r--s 0000a000 08:01 15077567                   /home/avbravo/netbeans-8.2/java/maven/lib/maven-settings-3.0.5.jar
7fc23a1cb000-7fc23a1ea000 r--s 00154000 08:01 15077584                   /home/avbravo/netbeans-8.2/java/maven/lib/sisu-guava-0.9.9.jar
7fc23a1ea000-7fc23a1ec000 r--s 0000b000 08:01 15077560                   /home/avbravo/netbeans-8.2/java/maven/lib/maven-plugin-api-3.0.5.jar
7fc23a1ec000-7fc23a1ee000 r--s 00006000 08:01 15077543                   /home/avbravo/netbeans-8.2/java/maven/lib/maven-repository-metadata-3.0.5.jar
7fc23a1ee000-7fc23a1f0000 r--s 00000000 08:01 15077542                   /home/avbravo/netbeans-8.2/java/maven/lib/plexus-component-annotations-1.5.5.jar
7fc23a1f0000-7fc23a1fc000 r--s 0007d000 08:01 15077583                   /home/avbravo/netbeans-8.2/java/maven/lib/maven-core-3.0.5.jar
7fc23a1fc000-7fc23a1fd000 ---p 00000000 00:00 0 
7fc23a1fd000-7fc23a2fd000 rw-p 00000000 00:00 0 
7fc23a2fd000-7fc23a300000 ---p 00000000 00:00 0 
7fc23a300000-7fc23a3fe000 rw-p 00000000 00:00 0 
7fc23a3fe000-7fc23a3ff000 ---p 00000000 00:00 0 
7fc23a3ff000-7fc23a402000 ---p 00000000 00:00 0 
7fc23a402000-7fc23a4ff000 rw-p 00000000 00:00 0 
7fc23a4ff000-7fc23a500000 ---p 00000000 00:00 0 
7fc23a500000-7fc23a503000 ---p 00000000 00:00 0 
7fc23a503000-7fc23a600000 rw-p 00000000 00:00 0 
7fc23a600000-7fc23a601000 ---p 00000000 00:00 0 
7fc23a601000-7fc23a604000 ---p 00000000 00:00 0 
7fc23a604000-7fc23a701000 rw-p 00000000 00:00 0 
7fc23a701000-7fc23a704000 ---p 00000000 00:00 0 
7fc23a704000-7fc23a802000 rw-p 00000000 00:00 0 
7fc23a802000-7fc23b1d1000 r--p 00000000 08:01 6822571                    /usr/lib/locale/locale-archive
7fc23b1d1000-7fc23b1d4000 ---p 00000000 00:00 0 
7fc23b1d4000-7fc23b2d2000 rw-p 00000000 00:00 0 
7fc23b2d2000-7fc23b2d5000 ---p 00000000 00:00 0 
7fc23b2d5000-7fc23b3d3000 rw-p 00000000 00:00 0 
7fc23b3d3000-7fc23b3d4000 ---p 00000000 00:00 0 
7fc23b3d4000-7fc23c000000 rw-p 00000000 00:00 0 
7fc23c000000-7fc23c021000 rw-p 00000000 00:00 0 
7fc23c021000-7fc240000000 ---p 00000000 00:00 0 
7fc240000000-7fc240021000 rw-p 00000000 00:00 0 
7fc240021000-7fc244000000 ---p 00000000 00:00 0 
7fc244000000-7fc244021000 rw-p 00000000 00:00 0 
7fc244021000-7fc248000000 ---p 00000000 00:00 0 
7fc248000000-7fc248002000 r--s 00009000 08:01 15077586                   /home/avbravo/netbeans-8.2/java/maven/lib/commons-cli-1.2.jar
7fc248002000-7fc248009000 r--s 0002b000 08:01 15077555                   /home/avbravo/netbeans-8.2/java/maven/lib/sisu-inject-plexus-2.3.0.jar
7fc248009000-7fc24800b000 r--s 0000c000 08:01 15077548                   /home/avbravo/netbeans-8.2/java/maven/lib/maven-aether-provider-3.0.5.jar
7fc24800b000-7fc248451000 rw-p 00000000 00:00 0 
7fc248451000-7fc24862b000 r--s 03d6a000 08:01 15077471                   /usr/local/jdk1.8.0_172/jre/lib/rt.jar
7fc24862b000-7fc249000000 rw-p 00000000 00:00 0 
7fc249000000-7fc249b60000 rwxp 00000000 00:00 0 
7fc249b60000-7fc258000000 ---p 00000000 00:00 0 
7fc258000000-7fc258ed2000 rw-p 00000000 00:00 0 
7fc258ed2000-7fc25c000000 ---p 00000000 00:00 0 
7fc25c000000-7fc25c006000 r--s 0003f000 08:01 15077575                   /home/avbravo/netbeans-8.2/java/maven/lib/maven-compat-3.0.5.jar
7fc25c006000-7fc25c009000 r--s 00008000 08:01 15077546                   /home/avbravo/netbeans-8.2/java/maven/lib/maven-settings-builder-3.0.5.jar
7fc25c009000-7fc25c00c000 r--s 0001d000 08:01 15077573                   /home/avbravo/netbeans-8.2/java/maven/lib/aether-impl-1.13.1.jar
7fc25c00c000-7fc25de14000 rw-p 00000000 00:00 0 
7fc25de14000-7fc25de15000 ---p 00000000 00:00 0 
7fc25de15000-7fc25df15000 rw-p 00000000 00:00 0 
7fc25df15000-7fc25df16000 ---p 00000000 00:00 0 
7fc25df16000-7fc25e016000 rw-p 00000000 00:00 0 
7fc25e016000-7fc25e017000 ---p 00000000 00:00 0 
7fc25e017000-7fc25e117000 rw-p 00000000 00:00 0 
7fc25e117000-7fc25e118000 ---p 00000000 00:00 0 
7fc25e118000-7fc25e22c000 rw-p 00000000 00:00 0 
7fc25e22c000-7fc25e351000 ---p 00000000 00:00 0 
7fc25e351000-7fc25e365000 rw-p 00000000 00:00 0 
7fc25e365000-7fc25e489000 ---p 00000000 00:00 0 
7fc25e489000-7fc25e4ce000 rw-p 00000000 00:00 0 
7fc25e4ce000-7fc25e526000 ---p 00000000 00:00 0 
7fc25e526000-7fc25e555000 rw-p 00000000 00:00 0 
7fc25e555000-7fc25e8e7000 ---p 00000000 00:00 0 
7fc25e8e7000-7fc25e902000 r-xp 00000000 08:01 15210608                   /usr/local/jdk1.8.0_172/jre/lib/amd64/libzip.so
7fc25e902000-7fc25eb02000 ---p 0001b000 08:01 15210608                   /usr/local/jdk1.8.0_172/jre/lib/amd64/libzip.so
7fc25eb02000-7fc25eb03000 rw-p 0001b000 08:01 15210608                   /usr/local/jdk1.8.0_172/jre/lib/amd64/libzip.so
7fc25eb03000-7fc25eb0e000 r-xp 00000000 08:01 9441971                    /lib/x86_64-linux-gnu/libnss_files-2.27.so
7fc25eb0e000-7fc25ed0d000 ---p 0000b000 08:01 9441971                    /lib/x86_64-linux-gnu/libnss_files-2.27.so
7fc25ed0d000-7fc25ed0e000 r--p 0000a000 08:01 9441971                    /lib/x86_64-linux-gnu/libnss_files-2.27.so
7fc25ed0e000-7fc25ed0f000 rw-p 0000b000 08:01 9441971                    /lib/x86_64-linux-gnu/libnss_files-2.27.so
7fc25ed0f000-7fc25ed15000 rw-p 00000000 00:00 0 
7fc25ed15000-7fc25ed2c000 r-xp 00000000 08:01 9441965                    /lib/x86_64-linux-gnu/libnsl-2.27.so
7fc25ed2c000-7fc25ef2b000 ---p 00017000 08:01 9441965                    /lib/x86_64-linux-gnu/libnsl-2.27.so
7fc25ef2b000-7fc25ef2c000 r--p 00016000 08:01 9441965                    /lib/x86_64-linux-gnu/libnsl-2.27.so
7fc25ef2c000-7fc25ef2d000 rw-p 00017000 08:01 9441965                    /lib/x86_64-linux-gnu/libnsl-2.27.so
7fc25ef2d000-7fc25ef2f000 rw-p 00000000 00:00 0 
7fc25ef2f000-7fc25ef3a000 r-xp 00000000 08:01 9441982                    /lib/x86_64-linux-gnu/libnss_nis-2.27.so
7fc25ef3a000-7fc25f139000 ---p 0000b000 08:01 9441982                    /lib/x86_64-linux-gnu/libnss_nis-2.27.so
7fc25f139000-7fc25f13a000 r--p 0000a000 08:01 9441982                    /lib/x86_64-linux-gnu/libnss_nis-2.27.so
7fc25f13a000-7fc25f13b000 rw-p 0000b000 08:01 9441982                    /lib/x86_64-linux-gnu/libnss_nis-2.27.so
7fc25f13b000-7fc25f143000 r-xp 00000000 08:01 9441967                    /lib/x86_64-linux-gnu/libnss_compat-2.27.so
7fc25f143000-7fc25f343000 ---p 00008000 08:01 9441967                    /lib/x86_64-linux-gnu/libnss_compat-2.27.so
7fc25f343000-7fc25f344000 r--p 00008000 08:01 9441967                    /lib/x86_64-linux-gnu/libnss_compat-2.27.so
7fc25f344000-7fc25f345000 rw-p 00009000 08:01 9441967                    /lib/x86_64-linux-gnu/libnss_compat-2.27.so
7fc25f345000-7fc25f370000 r-xp 00000000 08:01 15210602                   /usr/local/jdk1.8.0_172/jre/lib/amd64/libjava.so
7fc25f370000-7fc25f56f000 ---p 0002b000 08:01 15210602                   /usr/local/jdk1.8.0_172/jre/lib/amd64/libjava.so
7fc25f56f000-7fc25f571000 rw-p 0002a000 08:01 15210602                   /usr/local/jdk1.8.0_172/jre/lib/amd64/libjava.so
7fc25f571000-7fc25f57e000 r-xp 00000000 08:01 15210607                   /usr/local/jdk1.8.0_172/jre/lib/amd64/libverify.so
7fc25f57e000-7fc25f77e000 ---p 0000d000 08:01 15210607                   /usr/local/jdk1.8.0_172/jre/lib/amd64/libverify.so
7fc25f77e000-7fc25f780000 rw-p 0000d000 08:01 15210607                   /usr/local/jdk1.8.0_172/jre/lib/amd64/libverify.so
7fc25f780000-7fc25f787000 r-xp 00000000 08:01 9442022                    /lib/x86_64-linux-gnu/librt-2.27.so
7fc25f787000-7fc25f986000 ---p 00007000 08:01 9442022                    /lib/x86_64-linux-gnu/librt-2.27.so
7fc25f986000-7fc25f987000 r--p 00006000 08:01 9442022                    /lib/x86_64-linux-gnu/librt-2.27.so
7fc25f987000-7fc25f988000 rw-p 00007000 08:01 9442022                    /lib/x86_64-linux-gnu/librt-2.27.so
7fc25f988000-7fc25fb25000 r-xp 00000000 08:01 9441944                    /lib/x86_64-linux-gnu/libm-2.27.so
7fc25fb25000-7fc25fd24000 ---p 0019d000 08:01 9441944                    /lib/x86_64-linux-gnu/libm-2.27.so
7fc25fd24000-7fc25fd25000 r--p 0019c000 08:01 9441944                    /lib/x86_64-linux-gnu/libm-2.27.so
7fc25fd25000-7fc25fd26000 rw-p 0019d000 08:01 9441944                    /lib/x86_64-linux-gnu/libm-2.27.so
7fc25fd26000-7fc260a02000 r-xp 00000000 08:01 15210584                   /usr/local/jdk1.8.0_172/jre/lib/amd64/server/libjvm.so
7fc260a02000-7fc260c02000 ---p 00cdc000 08:01 15210584                   /usr/local/jdk1.8.0_172/jre/lib/amd64/server/libjvm.so
7fc260c02000-7fc260cdc000 rw-p 00cdc000 08:01 15210584                   /usr/local/jdk1.8.0_172/jre/lib/amd64/server/libjvm.so
7fc260cdc000-7fc260d27000 rw-p 00000000 00:00 0 
7fc260d27000-7fc260f0e000 r-xp 00000000 08:01 9441881                    /lib/x86_64-linux-gnu/libc-2.27.so
7fc260f0e000-7fc26110e000 ---p 001e7000 08:01 9441881                    /lib/x86_64-linux-gnu/libc-2.27.so
7fc26110e000-7fc261112000 r--p 001e7000 08:01 9441881                    /lib/x86_64-linux-gnu/libc-2.27.so
7fc261112000-7fc261114000 rw-p 001eb000 08:01 9441881                    /lib/x86_64-linux-gnu/libc-2.27.so
7fc261114000-7fc261118000 rw-p 00000000 00:00 0 
7fc261118000-7fc26111b000 r-xp 00000000 08:01 9441904                    /lib/x86_64-linux-gnu/libdl-2.27.so
7fc26111b000-7fc26131a000 ---p 00003000 08:01 9441904                    /lib/x86_64-linux-gnu/libdl-2.27.so
7fc26131a000-7fc26131b000 r--p 00002000 08:01 9441904                    /lib/x86_64-linux-gnu/libdl-2.27.so
7fc26131b000-7fc26131c000 rw-p 00003000 08:01 9441904                    /lib/x86_64-linux-gnu/libdl-2.27.so
7fc26131c000-7fc261332000 r-xp 00000000 08:01 15077302                   /usr/local/jdk1.8.0_172/lib/amd64/jli/libjli.so
7fc261332000-7fc261531000 ---p 00016000 08:01 15077302                   /usr/local/jdk1.8.0_172/lib/amd64/jli/libjli.so
7fc261531000-7fc261532000 rw-p 00015000 08:01 15077302                   /usr/local/jdk1.8.0_172/lib/amd64/jli/libjli.so
7fc261532000-7fc26154c000 r-xp 00000000 08:01 9442014                    /lib/x86_64-linux-gnu/libpthread-2.27.so
7fc26154c000-7fc26174b000 ---p 0001a000 08:01 9442014                    /lib/x86_64-linux-gnu/libpthread-2.27.so
7fc26174b000-7fc26174c000 r--p 00019000 08:01 9442014                    /lib/x86_64-linux-gnu/libpthread-2.27.so
7fc26174c000-7fc26174d000 rw-p 0001a000 08:01 9442014                    /lib/x86_64-linux-gnu/libpthread-2.27.so
7fc26174d000-7fc261751000 rw-p 00000000 00:00 0 
7fc261751000-7fc261778000 r-xp 00000000 08:01 9441853                    /lib/x86_64-linux-gnu/ld-2.27.so
7fc261778000-7fc261779000 r--s 0000a000 08:01 15077566                   /home/avbravo/netbeans-8.2/java/maven/lib/maven-embedder-3.0.5.jar
7fc261779000-7fc26177a000 r--s 00002000 08:01 15077562                   /home/avbravo/netbeans-8.2/java/maven/lib/wagon-http-shared-2.10.jar
7fc26177a000-7fc26177c000 r--s 00006000 08:01 15077545                   /home/avbravo/netbeans-8.2/java/maven/lib/aether-connector-wagon-1.13.1.jar
7fc26177c000-7fc261861000 rw-p 00000000 00:00 0 
7fc261861000-7fc261862000 ---p 00000000 00:00 0 
7fc261862000-7fc261865000 ---p 00000000 00:00 0 
7fc261865000-7fc261964000 rw-p 00000000 00:00 0 
7fc261964000-7fc261968000 r--s 0001c000 08:01 15077574                   /home/avbravo/netbeans-8.2/java/maven/lib/aether-util-1.13.1.jar
7fc261968000-7fc26196a000 r--s 0000b000 08:01 15077557                   /home/avbravo/netbeans-8.2/java/maven/lib/wagon-provider-api-2.10.jar
7fc26196a000-7fc26196c000 r--s 0000a000 08:01 15210635                   /home/avbravo/netbeans-8.2/java/maven/boot/plexus-classworlds-2.4.jar
7fc26196c000-7fc261974000 rw-s 00000000 08:01 9177975                    /tmp/hsperfdata_avbravo/9256
7fc261974000-7fc261975000 rw-p 00000000 00:00 0 
7fc261975000-7fc261976000 ---p 00000000 00:00 0 
7fc261976000-7fc261978000 rw-p 00000000 00:00 0 
7fc261978000-7fc261979000 r--p 00027000 08:01 9441853                    /lib/x86_64-linux-gnu/ld-2.27.so
7fc261979000-7fc26197a000 rw-p 00028000 08:01 9441853                    /lib/x86_64-linux-gnu/ld-2.27.so
7fc26197a000-7fc26197b000 rw-p 00000000 00:00 0 
7fff0c2f1000-7fff0c312000 rw-p 00000000 00:00 0                          [stack]
7fff0c33c000-7fff0c33f000 r--p 00000000 00:00 0                          [vvar]
7fff0c33f000-7fff0c341000 r-xp 00000000 00:00 0                          [vdso]
ffffffffff600000-ffffffffff601000 r-xp 00000000 00:00 0                  [vsyscall]

VM Arguments:
jvm_args: -Dclassworlds.conf=/home/avbravo/netbeans-8.2/java/maven/bin/m2.conf -Dmaven.home=/home/avbravo/netbeans-8.2/java/maven 
java_command: org.codehaus.plexus.classworlds.launcher.Launcher -Dmaven.ext.class.path=/home/avbravo/netbeans-8.2/java/maven-nblib/netbeans-eventspy.jar install
java_class_path (initial): /home/avbravo/netbeans-8.2/java/maven/boot/plexus-classworlds-2.4.jar
Launcher Type: SUN_STANDARD

Environment Variables:
JAVA_HOME=/usr/local/jdk1.8.0_172
JRE_HOME=/usr/local/jdk1.8.0_172/jre
PATH=/usr/local/sbin:/usr/local/bin:/usr/sbin:/usr/bin:/sbin:/bin:/usr/games:/usr/local/games:/snap/bin:/usr/local/jdk1.8.0_172/bin:/home/avbravo/mongodb/bin
USERNAME=avbravo
LD_LIBRARY_PATH=/usr/local/jdk1.8.0_172/jre/lib/amd64:/usr/local/jdk1.8.0_172/jre/lib/i386:
SHELL=/bin/bash
DISPLAY=:0

Signal Handlers:
SIGSEGV: [libjvm.so+0xad2ab0], sa_mask[0]=11111111011111111101111111111110, sa_flags=SA_RESTART|SA_SIGINFO
SIGBUS: [libjvm.so+0xad2ab0], sa_mask[0]=11111111011111111101111111111110, sa_flags=SA_RESTART|SA_SIGINFO
SIGFPE: [libjvm.so+0x92a790], sa_mask[0]=11111111011111111101111111111110, sa_flags=SA_RESTART|SA_SIGINFO
SIGPIPE: [libjvm.so+0x92a790], sa_mask[0]=11111111011111111101111111111110, sa_flags=SA_RESTART|SA_SIGINFO
SIGXFSZ: [libjvm.so+0x92a790], sa_mask[0]=11111111011111111101111111111110, sa_flags=SA_RESTART|SA_SIGINFO
SIGILL: [libjvm.so+0x92a790], sa_mask[0]=11111111011111111101111111111110, sa_flags=SA_RESTART|SA_SIGINFO
SIGUSR1: SIG_DFL, sa_mask[0]=00000000000000000000000000000000, sa_flags=none
SIGUSR2: [libjvm.so+0x92bff0], sa_mask[0]=00100000000000000000000000000000, sa_flags=SA_RESTART|SA_SIGINFO
SIGHUP: [libjvm.so+0x92d3f0], sa_mask[0]=11111111011111111101111111111110, sa_flags=SA_RESTART|SA_SIGINFO
SIGINT: SIG_IGN, sa_mask[0]=00000000000000000000000000000000, sa_flags=none
SIGTERM: [libjvm.so+0x92d3f0], sa_mask[0]=11111111011111111101111111111110, sa_flags=SA_RESTART|SA_SIGINFO
SIGQUIT: [libjvm.so+0x92d3f0], sa_mask[0]=11111111011111111101111111111110, sa_flags=SA_RESTART|SA_SIGINFO


---------------  S Y S T E M  ---------------

OS:DISTRIB_ID=Ubuntu
DISTRIB_RELEASE=18.04
DISTRIB_CODENAME=bionic
DISTRIB_DESCRIPTION="Ubuntu 18.04 LTS"

uname:Linux 4.15.0-22-generic #24-Ubuntu SMP Wed May 16 12:15:17 UTC 2018 x86_64
libc:glibc 2.27 NPTL 2.27 
rlimit: STACK 8192k, CORE 0k, NPROC 14748, NOFILE 1048576, AS infinity
load average:2.40 2.56 2.06

/proc/meminfo:
MemTotal:        3834488 kB
MemFree:          114128 kB
MemAvailable:      38396 kB
Buffers:            3024 kB
Cached:           274060 kB
SwapCached:         3920 kB
Active:          2873264 kB
Inactive:         590624 kB
Active(anon):    2847992 kB
Inactive(anon):   567392 kB
Active(file):      25272 kB
Inactive(file):    23232 kB
Unevictable:         612 kB
Mlocked:             612 kB
SwapTotal:       2097148 kB
SwapFree:              0 kB
Dirty:               856 kB
Writeback:             0 kB
AnonPages:       3185112 kB
Mapped:            50016 kB
Shmem:            228104 kB
Slab:             104680 kB
SReclaimable:      42636 kB
SUnreclaim:        62044 kB
KernelStack:       17760 kB
PageTables:        76368 kB
NFS_Unstable:          0 kB
Bounce:                0 kB
WritebackTmp:          0 kB
CommitLimit:     4014392 kB
Committed_AS:   14515864 kB
VmallocTotal:   34359738367 kB
VmallocUsed:           0 kB
VmallocChunk:          0 kB
HardwareCorrupted:     0 kB
AnonHugePages:         0 kB
ShmemHugePages:        0 kB
ShmemPmdMapped:        0 kB
CmaTotal:              0 kB
CmaFree:               0 kB
HugePages_Total:       0
HugePages_Free:        0
HugePages_Rsvd:        0
HugePages_Surp:        0
Hugepagesize:       2048 kB
DirectMap4k:      243968 kB
DirectMap2M:     3743744 kB


CPU:total 4 (initial active 4) (2 cores per cpu, 2 threads per core) family 6 model 37 stepping 5, cmov, cx8, fxsr, mmx, sse, sse2, sse3, ssse3, sse4.1, sse4.2, popcnt, ht, tsc, tscinvbit

/proc/cpuinfo:
processor	: 0
vendor_id	: GenuineIntel
cpu family	: 6
model		: 37
model name	: Intel(R) Core(TM) i3 CPU       M 380  @ 2.53GHz
stepping	: 5
microcode	: 0x2
cpu MHz		: 1882.594
cache size	: 3072 KB
physical id	: 0
siblings	: 4
core id		: 0
cpu cores	: 2
apicid		: 0
initial apicid	: 0
fpu		: yes
fpu_exception	: yes
cpuid level	: 11
wp		: yes
flags		: fpu vme de pse tsc msr pae mce cx8 apic sep mtrr pge mca cmov pat pse36 clflush dts acpi mmx fxsr sse sse2 ss ht tm pbe syscall nx rdtscp lm constant_tsc arch_perfmon pebs bts rep_good nopl xtopology nonstop_tsc cpuid aperfmperf pni dtes64 monitor ds_cpl vmx est tm2 ssse3 cx16 xtpr pdcm pcid sse4_1 sse4_2 popcnt lahf_lm pti tpr_shadow vnmi flexpriority ept vpid dtherm arat
bugs		: cpu_meltdown spectre_v1 spectre_v2 spec_store_bypass
bogomips	: 5053.73
clflush size	: 64
cache_alignment	: 64
address sizes	: 36 bits physical, 48 bits virtual
power management:

processor	: 1
vendor_id	: GenuineIntel
cpu family	: 6
model		: 37
model name	: Intel(R) Core(TM) i3 CPU       M 380  @ 2.53GHz
stepping	: 5
microcode	: 0x2
cpu MHz		: 1878.191
cache size	: 3072 KB
physical id	: 0
siblings	: 4
core id		: 0
cpu cores	: 2
apicid		: 1
initial apicid	: 1
fpu		: yes
fpu_exception	: yes
cpuid level	: 11
wp		: yes
flags		: fpu vme de pse tsc msr pae mce cx8 apic sep mtrr pge mca cmov pat pse36 clflush dts acpi mmx fxsr sse sse2 ss ht tm pbe syscall nx rdtscp lm constant_tsc arch_perfmon pebs bts rep_good nopl xtopology nonstop_tsc cpuid aperfmperf pni dtes64 monitor ds_cpl vmx est tm2 ssse3 cx16 xtpr pdcm pcid sse4_1 sse4_2 popcnt lahf_lm pti tpr_shadow vnmi flexpriority ept vpid dtherm arat
bugs		: cpu_meltdown spectre_v1 spectre_v2 spec_store_bypass
bogomips	: 5053.73
clflush size	: 64
cache_alignment	: 64
address sizes	: 36 bits physical, 48 bits virtual
power management:

processor	: 2
vendor_id	: GenuineIntel
cpu family	: 6
model		: 37
model name	: Intel(R) Core(TM) i3 CPU       M 380  @ 2.53GHz
stepping	: 5
microcode	: 0x2
cpu MHz		: 2481.596
cache size	: 3072 KB
physical id	: 0
siblings	: 4
core id		: 2
cpu cores	: 2
apicid		: 4
initial apicid	: 4
fpu		: yes
fpu_exception	: yes
cpuid level	: 11
wp		: yes
flags		: fpu vme de pse tsc msr pae mce cx8 apic sep mtrr pge mca cmov pat pse36 clflush dts acpi mmx fxsr sse sse2 ss ht tm pbe syscall nx rdtscp lm constant_tsc arch_perfmon pebs bts rep_good nopl xtopology nonstop_tsc cpuid aperfmperf pni dtes64 monitor ds_cpl vmx est tm2 ssse3 cx16 xtpr pdcm pcid sse4_1 sse4_2 popcnt lahf_lm pti tpr_shadow vnmi flexpriority ept vpid dtherm arat
bugs		: cpu_meltdown spectre_v1 spectre_v2 spec_store_bypass
bogomips	: 5053.73
clflush size	: 64
cache_alignment	: 64
address sizes	: 36 bits physical, 48 bits virtual
power management:

processor	: 3
vendor_id	: GenuineIntel
cpu family	: 6
model		: 37
model name	: Intel(R) Core(TM) i3 CPU       M 380  @ 2.53GHz
stepping	: 5
microcode	: 0x2
cpu MHz		: 1704.720
cache size	: 3072 KB
physical id	: 0
siblings	: 4
core id		: 2
cpu cores	: 2
apicid		: 5
initial apicid	: 5
fpu		: yes
fpu_exception	: yes
cpuid level	: 11
wp		: yes
flags		: fpu vme de pse tsc msr pae mce cx8 apic sep mtrr pge mca cmov pat pse36 clflush dts acpi mmx fxsr sse sse2 ss ht tm pbe syscall nx rdtscp lm constant_tsc arch_perfmon pebs bts rep_good nopl xtopology nonstop_tsc cpuid aperfmperf pni dtes64 monitor ds_cpl vmx est tm2 ssse3 cx16 xtpr pdcm pcid sse4_1 sse4_2 popcnt lahf_lm pti tpr_shadow vnmi flexpriority ept vpid dtherm arat
bugs		: cpu_meltdown spectre_v1 spectre_v2 spec_store_bypass
bogomips	: 5053.73
clflush size	: 64
cache_alignment	: 64
address sizes	: 36 bits physical, 48 bits virtual
power management:



Memory: 4k page, physical 3834488k(124208k free), swap 2097148k(0k free)

vm_info: Java HotSpot(TM) 64-Bit Server VM (25.172-b11) for linux-amd64 JRE (1.8.0_172-b11), built on Mar 28 2018 21:44:09 by "java_re" with gcc 4.3.0 20080428 (Red Hat 4.3.0-8)

time: Sun Jun  3 08:06:12 2018
elapsed time: 7 seconds (0d 0h 0m 7s)

