#
# There is insufficient memory for the Java Runtime Environment to continue.
# Native memory allocation (mmap) failed to map 85983232 bytes for committing reserved memory.
# Possible reasons:
#   The system is out of physical RAM or swap space
#   In 32 bit mode, the process size limit was hit
# Possible solutions:
#   Reduce memory load on the system
#   Increase physical memory or swap space
#   Check if swap backing store is full
#   Use 64 bit Java on a 64 bit OS
#   Decrease Java heap size (-Xmx/-Xms)
#   Decrease number of Java threads
#   Decrease Java thread stack sizes (-Xss)
#   Set larger code cache with -XX:ReservedCodeCacheSize=
# This output file may be truncated or incomplete.
#
#  Out of Memory Error (os_linux.cpp:2640), pid=9149, tid=0x00007fdde93a0700
#
# JRE version: Java(TM) SE Runtime Environment (8.0_172-b11) (build 1.8.0_172-b11)
# Java VM: Java HotSpot(TM) 64-Bit Server VM (25.172-b11 mixed mode linux-amd64 compressed oops)
# Failed to write core dump. Core dumps have been disabled. To enable core dumping, try "ulimit -c unlimited" before starting Java again
#

---------------  T H R E A D  ---------------

Current thread (0x00007fde00079000):  VMThread [stack: 0x00007fdde92a1000,0x00007fdde93a1000] [id=9157]

Stack: [0x00007fdde92a1000,0x00007fdde93a1000],  sp=0x00007fdde939f220,  free space=1016k
Native frames: (J=compiled Java code, j=interpreted, Vv=VM code, C=native code)
V  [libjvm.so+0xad221a]  VMError::report_and_die()+0x2ba
V  [libjvm.so+0x50185b]  report_vm_out_of_memory(char const*, int, unsigned long, VMErrorType, char const*)+0x8b
V  [libjvm.so+0x92fee3]  os::Linux::commit_memory_impl(char*, unsigned long, bool)+0x123
V  [libjvm.so+0x930109]  os::pd_commit_memory(char*, unsigned long, unsigned long, bool)+0x29
V  [libjvm.so+0x9273ca]  os::commit_memory(char*, unsigned long, unsigned long, bool)+0x2a
V  [libjvm.so+0x99d363]  PSVirtualSpace::expand_by(unsigned long)+0x53
V  [libjvm.so+0x99e768]  PSYoungGen::resize_generation(unsigned long, unsigned long)+0xf8
V  [libjvm.so+0x99d8c2]  PSYoungGen::resize(unsigned long, unsigned long)+0x22
V  [libjvm.so+0x99ab9b]  PSScavenge::invoke_no_policy()+0xf3b
V  [libjvm.so+0x995e45]  PSParallelCompact::invoke(bool)+0x85
V  [libjvm.so+0x488384]  CollectedHeap::collect_as_vm_thread(GCCause::Cause)+0x114
V  [libjvm.so+0xad36a1]  VM_CollectForMetadataAllocation::doit()+0x161
V  [libjvm.so+0xadb7b5]  VM_Operation::evaluate()+0x55
V  [libjvm.so+0xad9b7a]  VMThread::evaluate_operation(VM_Operation*)+0xba
V  [libjvm.so+0xad9efe]  VMThread::loop()+0x1ce
V  [libjvm.so+0xada370]  VMThread::run()+0x70
V  [libjvm.so+0x930248]  java_start(Thread*)+0x108

VM_Operation (0x00007fdde83c9e90): CollectForMetadataAllocation, mode: safepoint, requested by thread 0x00007fde000bf000


---------------  P R O C E S S  ---------------

Java Threads: ( => current thread )
  0x00007fde006a7000 JavaThread "process reaper" daemon [_thread_blocked, id=9168, stack(0x00007fdde8053000,0x00007fdde808c000)]
  0x00007fde000ec800 JavaThread "Service Thread" daemon [_thread_blocked, id=9164, stack(0x00007fdde81ca000,0x00007fdde82cb000)]
  0x00007fde000bf000 JavaThread "C1 CompilerThread2" daemon [_thread_blocked, id=9163, stack(0x00007fdde82cc000,0x00007fdde83cc000)]
  0x00007fde000bd800 JavaThread "C2 CompilerThread1" daemon [_thread_blocked, id=9162, stack(0x00007fdde83cd000,0x00007fdde84cd000)]
  0x00007fde000ba800 JavaThread "C2 CompilerThread0" daemon [_thread_blocked, id=9161, stack(0x00007fdde84ce000,0x00007fdde85ce000)]
  0x00007fde000b9000 JavaThread "Signal Dispatcher" daemon [_thread_blocked, id=9160, stack(0x00007fdde85ce000,0x00007fdde86cf000)]
  0x00007fde00085800 JavaThread "Finalizer" daemon [_thread_blocked, id=9159, stack(0x00007fdde909e000,0x00007fdde919f000)]
  0x00007fde00083000 JavaThread "Reference Handler" daemon [_thread_blocked, id=9158, stack(0x00007fdde919f000,0x00007fdde92a0000)]
  0x00007fde0000b000 JavaThread "main" [_thread_blocked, id=9152, stack(0x00007fde0778c000,0x00007fde0788c000)]

Other Threads:
=>0x00007fde00079000 VMThread [stack: 0x00007fdde92a1000,0x00007fdde93a1000] [id=9157]
  0x00007fde000f1800 WatcherThread [stack: 0x00007fdde80ca000,0x00007fdde81ca000] [id=9165]

VM state:at safepoint (normal execution)

VM Mutex/Monitor currently owned by a thread:  ([mutex/lock_event])
[0x00007fde00007a40] Threads_lock - owner thread: 0x00007fde00079000
[0x00007fde00007f40] Heap_lock - owner thread: 0x00007fde000bf000
[0x00007fde000084c0] MethodData_lock - owner thread: 0x00007fde000bf000

Heap:
 PSYoungGen      total 130048K, used 8692K [0x00000000ec780000, 0x00000000f5080000, 0x0000000100000000)
  eden space 121344K, 0% used [0x00000000ec780000,0x00000000ec780000,0x00000000f3e00000)
  from space 8704K, 99% used [0x00000000f3e00000,0x00000000f467d148,0x00000000f4680000)
  to   space 7168K, 0% used [0x00000000f4680000,0x00000000f4680000,0x00000000f4d80000)
 ParOldGen       total 40960K, used 21394K [0x00000000c5600000, 0x00000000c7e00000, 0x00000000ec780000)
  object space 40960K, 52% used [0x00000000c5600000,0x00000000c6ae4a40,0x00000000c7e00000)
 Metaspace       used 20619K, capacity 21172K, committed 21296K, reserved 1069056K
  class space    used 2454K, capacity 2639K, committed 2688K, reserved 1048576K

Card table byte_map: [0x00007fde0427b000,0x00007fde04451000] byte_map_base: 0x00007fde03c50000

Marking Bits: (ParMarkBitMap*) 0x00007fde06c23de0
 Begin Bits: [0x00007fddea2b0000, 0x00007fddeb158000)
 End Bits:   [0x00007fddeb158000, 0x00007fddec000000)

Polling page: 0x00007fde0789f000

CodeCache: size=245760Kb used=10722Kb max_used=10732Kb free=235037Kb
 bounds [0x00007fddf1000000, 0x00007fddf1a90000, 0x00007fde00000000]
 total_blobs=3673 nmethods=3300 adapters=287
 compilation: enabled

Compilation events (10 events):
Event: 9.995 Thread 0x00007fde000bf000 nmethod 3586 0x00007fddf1a7aa50 code [0x00007fddf1a7abe0, 0x00007fddf1a7af48]
Event: 9.997 Thread 0x00007fde000bd800 3587       4       java.io.File::isInvalid (47 bytes)
Event: 9.997 Thread 0x00007fde000bf000 3588       3       java.util.regex.Pattern::newSlice (181 bytes)
Event: 10.000 Thread 0x00007fde000bf000 nmethod 3588 0x00007fddf1a83850 code [0x00007fddf1a83b40, 0x00007fddf1a84dd8]
Event: 10.001 Thread 0x00007fde000bd800 nmethod 3587 0x00007fddf1a7a5d0 code [0x00007fddf1a7a720, 0x00007fddf1a7a8d8]
Event: 10.014 Thread 0x00007fde000bf000 3589 %     3       java.util.regex.Matcher::search @ 46 (109 bytes)
Event: 10.016 Thread 0x00007fde000bf000 nmethod 3589% 0x00007fddf1a7c190 code [0x00007fddf1a7c320, 0x00007fddf1a7c768]
Event: 10.016 Thread 0x00007fde000bf000 3590       3       java.net.URI$Parser::parse (265 bytes)
Event: 10.019 Thread 0x00007fde000ba800 3595   !   4       java.lang.StringCoding$StringEncoder::encode (179 bytes)
Event: 10.020 Thread 0x00007fde000bd800 3596       4       java.lang.String::getBytes (27 bytes)

GC Heap History (10 events):
Event: 2.401 GC heap after
Heap after GC invocations=4 (full 0):
 PSYoungGen      total 33280K, used 2528K [0x00000000ec780000, 0x00000000eea80000, 0x0000000100000000)
  eden space 30720K, 0% used [0x00000000ec780000,0x00000000ec780000,0x00000000ee580000)
  from space 2560K, 98% used [0x00000000ee800000,0x00000000eea78020,0x00000000eea80000)
  to   space 2560K, 0% used [0x00000000ee580000,0x00000000ee580000,0x00000000ee800000)
 ParOldGen       total 40960K, used 4608K [0x00000000c5600000, 0x00000000c7e00000, 0x00000000ec780000)
  object space 40960K, 11% used [0x00000000c5600000,0x00000000c5a802c8,0x00000000c7e00000)
 Metaspace       used 13060K, capacity 13426K, committed 13568K, reserved 1060864K
  class space    used 1609K, capacity 1724K, committed 1792K, reserved 1048576K
}
Event: 3.307 GC heap before
{Heap before GC invocations=5 (full 0):
 PSYoungGen      total 33280K, used 33248K [0x00000000ec780000, 0x00000000eea80000, 0x0000000100000000)
  eden space 30720K, 100% used [0x00000000ec780000,0x00000000ee580000,0x00000000ee580000)
  from space 2560K, 98% used [0x00000000ee800000,0x00000000eea78020,0x00000000eea80000)
  to   space 2560K, 0% used [0x00000000ee580000,0x00000000ee580000,0x00000000ee800000)
 ParOldGen       total 40960K, used 4608K [0x00000000c5600000, 0x00000000c7e00000, 0x00000000ec780000)
  object space 40960K, 11% used [0x00000000c5600000,0x00000000c5a802c8,0x00000000c7e00000)
 Metaspace       used 13530K, capacity 13932K, committed 14080K, reserved 1060864K
  class space    used 1642K, capacity 1762K, committed 1792K, reserved 1048576K
Event: 3.330 GC heap after
Heap after GC invocations=5 (full 0):
 PSYoungGen      total 33280K, used 2528K [0x00000000ec780000, 0x00000000f0f80000, 0x0000000100000000)
  eden space 30720K, 0% used [0x00000000ec780000,0x00000000ec780000,0x00000000ee580000)
  from space 2560K, 98% used [0x00000000ee580000,0x00000000ee7f8020,0x00000000ee800000)
  to   space 6144K, 0% used [0x00000000f0980000,0x00000000f0980000,0x00000000f0f80000)
 ParOldGen       total 40960K, used 7078K [0x00000000c5600000, 0x00000000c7e00000, 0x00000000ec780000)
  object space 40960K, 17% used [0x00000000c5600000,0x00000000c5ce9b90,0x00000000c7e00000)
 Metaspace       used 13530K, capacity 13932K, committed 14080K, reserved 1060864K
  class space    used 1642K, capacity 1762K, committed 1792K, reserved 1048576K
}
Event: 4.325 GC heap before
{Heap before GC invocations=6 (full 0):
 PSYoungGen      total 33280K, used 33248K [0x00000000ec780000, 0x00000000f0f80000, 0x0000000100000000)
  eden space 30720K, 100% used [0x00000000ec780000,0x00000000ee580000,0x00000000ee580000)
  from space 2560K, 98% used [0x00000000ee580000,0x00000000ee7f8020,0x00000000ee800000)
  to   space 6144K, 0% used [0x00000000f0980000,0x00000000f0980000,0x00000000f0f80000)
 ParOldGen       total 40960K, used 7078K [0x00000000c5600000, 0x00000000c7e00000, 0x00000000ec780000)
  object space 40960K, 17% used [0x00000000c5600000,0x00000000c5ce9b90,0x00000000c7e00000)
 Metaspace       used 13900K, capacity 14270K, committed 14336K, reserved 1062912K
  class space    used 1660K, capacity 1765K, committed 1792K, reserved 1048576K
Event: 4.346 GC heap after
Heap after GC invocations=6 (full 0):
 PSYoungGen      total 67584K, used 3936K [0x00000000ec780000, 0x00000000f0f80000, 0x0000000100000000)
  eden space 61440K, 0% used [0x00000000ec780000,0x00000000ec780000,0x00000000f0380000)
  from space 6144K, 64% used [0x00000000f0980000,0x00000000f0d58020,0x00000000f0f80000)
  to   space 6144K, 0% used [0x00000000f0380000,0x00000000f0380000,0x00000000f0980000)
 ParOldGen       total 40960K, used 7086K [0x00000000c5600000, 0x00000000c7e00000, 0x00000000ec780000)
  object space 40960K, 17% used [0x00000000c5600000,0x00000000c5cebb90,0x00000000c7e00000)
 Metaspace       used 13900K, capacity 14270K, committed 14336K, reserved 1062912K
  class space    used 1660K, capacity 1765K, committed 1792K, reserved 1048576K
}
Event: 6.112 GC heap before
{Heap before GC invocations=7 (full 0):
 PSYoungGen      total 67584K, used 65376K [0x00000000ec780000, 0x00000000f0f80000, 0x0000000100000000)
  eden space 61440K, 100% used [0x00000000ec780000,0x00000000f0380000,0x00000000f0380000)
  from space 6144K, 64% used [0x00000000f0980000,0x00000000f0d58020,0x00000000f0f80000)
  to   space 6144K, 0% used [0x00000000f0380000,0x00000000f0380000,0x00000000f0980000)
 ParOldGen       total 40960K, used 7086K [0x00000000c5600000, 0x00000000c7e00000, 0x00000000ec780000)
  object space 40960K, 17% used [0x00000000c5600000,0x00000000c5cebb90,0x00000000c7e00000)
 Metaspace       used 14905K, capacity 15318K, committed 15488K, reserved 1062912K
  class space    used 1761K, capacity 1901K, committed 1920K, reserved 1048576K
Event: 6.161 GC heap after
Heap after GC invocations=7 (full 0):
 PSYoungGen      total 67584K, used 6143K [0x00000000ec780000, 0x00000000f4d80000, 0x0000000100000000)
  eden space 61440K, 0% used [0x00000000ec780000,0x00000000ec780000,0x00000000f0380000)
  from space 6144K, 99% used [0x00000000f0380000,0x00000000f097fc28,0x00000000f0980000)
  to   space 7168K, 0% used [0x00000000f4680000,0x00000000f4680000,0x00000000f4d80000)
 ParOldGen       total 40960K, used 8080K [0x00000000c5600000, 0x00000000c7e00000, 0x00000000ec780000)
  object space 40960K, 19% used [0x00000000c5600000,0x00000000c5de4108,0x00000000c7e00000)
 Metaspace       used 14905K, capacity 15318K, committed 15488K, reserved 1062912K
  class space    used 1761K, capacity 1901K, committed 1920K, reserved 1048576K
}
Event: 7.882 GC heap before
{Heap before GC invocations=8 (full 0):
 PSYoungGen      total 67584K, used 67539K [0x00000000ec780000, 0x00000000f4d80000, 0x0000000100000000)
  eden space 61440K, 99% used [0x00000000ec780000,0x00000000f0375378,0x00000000f0380000)
  from space 6144K, 99% used [0x00000000f0380000,0x00000000f097fc28,0x00000000f0980000)
  to   space 7168K, 0% used [0x00000000f4680000,0x00000000f4680000,0x00000000f4d80000)
 ParOldGen       total 40960K, used 8080K [0x00000000c5600000, 0x00000000c7e00000, 0x00000000ec780000)
  object space 40960K, 19% used [0x00000000c5600000,0x00000000c5de4108,0x00000000c7e00000)
 Metaspace       used 18967K, capacity 19474K, committed 19712K, reserved 1067008K
  class space    used 2283K, capacity 2437K, committed 2560K, reserved 1048576K
Event: 7.910 GC heap after
Heap after GC invocations=8 (full 0):
 PSYoungGen      total 128512K, used 7137K [0x00000000ec780000, 0x00000000f5080000, 0x0000000100000000)
  eden space 121344K, 0% used [0x00000000ec780000,0x00000000ec780000,0x00000000f3e00000)
  from space 7168K, 99% used [0x00000000f4680000,0x00000000f4d78418,0x00000000f4d80000)
  to   space 8704K, 0% used [0x00000000f3e00000,0x00000000f3e00000,0x00000000f4680000)
 ParOldGen       total 40960K, used 9247K [0x00000000c5600000, 0x00000000c7e00000, 0x00000000ec780000)
  object space 40960K, 22% used [0x00000000c5600000,0x00000000c5f07f10,0x00000000c7e00000)
 Metaspace       used 18967K, capacity 19474K, committed 19712K, reserved 1067008K
  class space    used 2283K, capacity 2437K, committed 2560K, reserved 1048576K
}
Event: 10.030 GC heap before
{Heap before GC invocations=9 (full 0):
 PSYoungGen      total 128512K, used 63041K [0x00000000ec780000, 0x00000000f5080000, 0x0000000100000000)
  eden space 121344K, 46% used [0x00000000ec780000,0x00000000efe18360,0x00000000f3e00000)
  from space 7168K, 99% used [0x00000000f4680000,0x00000000f4d78418,0x00000000f4d80000)
  to   space 8704K, 0% used [0x00000000f3e00000,0x00000000f3e00000,0x00000000f4680000)
 ParOldGen       total 40960K, used 9247K [0x00000000c5600000, 0x00000000c7e00000, 0x00000000ec780000)
  object space 40960K, 22% used [0x00000000c5600000,0x00000000c5f07f10,0x00000000c7e00000)
 Metaspace       used 20619K, capacity 21172K, committed 21296K, reserved 1069056K
  class space    used 2454K, capacity 2639K, committed 2688K, reserved 1048576K

Deoptimization events (10 events):
Event: 9.461 Thread 0x00007fde0000b000 Uncommon trap: reason=class_check action=maybe_recompile pc=0x00007fddf19bf568 method=sun.misc.URLClassPath.getResource(Ljava/lang/String;Z)Lsun/misc/Resource; @ 62
Event: 9.463 Thread 0x00007fde0000b000 Uncommon trap: reason=class_check action=maybe_recompile pc=0x00007fddf11c77a8 method=sun.misc.URLClassPath.getLoader(I)Lsun/misc/URLClassPath$Loader; @ 239
Event: 9.463 Thread 0x00007fde0000b000 Uncommon trap: reason=class_check action=maybe_recompile pc=0x00007fddf19bf568 method=sun.misc.URLClassPath.getResource(Ljava/lang/String;Z)Lsun/misc/Resource; @ 62
Event: 9.469 Thread 0x00007fde0000b000 Uncommon trap: reason=class_check action=maybe_recompile pc=0x00007fddf11baacc method=sun.misc.URLClassPath.getLoader(I)Lsun/misc/URLClassPath$Loader; @ 239
Event: 9.901 Thread 0x00007fde0000b000 Uncommon trap: reason=class_check action=maybe_recompile pc=0x00007fddf1a1ddcc method=sun.misc.URLClassPath.getResource(Ljava/lang/String;Z)Lsun/misc/Resource; @ 62
Event: 9.965 Thread 0x00007fde0000b000 Uncommon trap: reason=unstable_if action=reinterpret pc=0x00007fddf16a5c48 method=java.util.regex.Pattern.range(Ljava/util/regex/Pattern$BitClass;)Ljava/util/regex/Pattern$CharProperty; @ 108
Event: 9.972 Thread 0x00007fde0000b000 Uncommon trap: reason=bimorphic action=maybe_recompile pc=0x00007fddf150d460 method=java.util.regex.Pattern$5.isSatisfiedBy(I)Z @ 5
Event: 9.973 Thread 0x00007fde0000b000 Uncommon trap: reason=bimorphic action=maybe_recompile pc=0x00007fddf150d448 method=java.util.regex.Pattern$5.isSatisfiedBy(I)Z @ 5
Event: 9.973 Thread 0x00007fde0000b000 Uncommon trap: reason=bimorphic action=maybe_recompile pc=0x00007fddf150d448 method=java.util.regex.Pattern$5.isSatisfiedBy(I)Z @ 5
Event: 9.973 Thread 0x00007fde0000b000 Uncommon trap: reason=bimorphic action=maybe_recompile pc=0x00007fddf150d448 method=java.util.regex.Pattern$5.isSatisfiedBy(I)Z @ 5

Classes redefined (0 events):
No events

Internal exceptions (10 events):
Event: 2.592 Thread 0x00007fde0000b000 Implicit null exception at 0x00007fddf13bdf75 to 0x00007fddf13be159
Event: 2.592 Thread 0x00007fde0000b000 Implicit null exception at 0x00007fddf12d33af to 0x00007fddf12d3419
Event: 2.662 Thread 0x00007fde0000b000 Implicit null exception at 0x00007fddf14eaf7e to 0x00007fddf14eb299
Event: 3.615 Thread 0x00007fde0000b000 Implicit null exception at 0x00007fddf137dcd8 to 0x00007fddf137dd66
Event: 5.781 Thread 0x00007fde0000b000 Exception <a 'java/lang/NoClassDefFoundError': org/slf4j/Logger> (0x00000000efdad648) thrown at [/HUDSON/workspace/8-2-build-linux-amd64/jdk8u172/10810/hotspot/src/share/vm/oops/constantPool.cpp, line 235]
Event: 6.372 Thread 0x00007fde0000b000 Exception <a 'java/lang/NoClassDefFoundError': org/slf4j/Logger> (0x00000000ecbe8290) thrown at [/HUDSON/workspace/8-2-build-linux-amd64/jdk8u172/10810/hotspot/src/share/vm/oops/constantPool.cpp, line 235]
Event: 7.178 Thread 0x00007fde0000b000 Exception <a 'java/lang/NoClassDefFoundError': org/slf4j/Logger> (0x00000000edfe50d0) thrown at [/HUDSON/workspace/8-2-build-linux-amd64/jdk8u172/10810/hotspot/src/share/vm/oops/constantPool.cpp, line 235]
Event: 7.416 Thread 0x00007fde0000b000 Exception <a 'java/lang/ClassNotFoundException': com/sun/tools/javac/api/JavacTool> (0x00000000ee4d25b8) thrown at [/HUDSON/workspace/8-2-build-linux-amd64/jdk8u172/10810/hotspot/src/share/vm/classfile/systemDictionary.cpp, line 210]
Event: 8.572 Thread 0x00007fde0000b000 Exception <a 'java/io/FileNotFoundException'> (0x00000000eda8a698) thrown at [/HUDSON/workspace/8-2-build-linux-amd64/jdk8u172/10810/hotspot/src/share/vm/prims/jni.cpp, line 709]
Event: 8.579 Thread 0x00007fde0000b000 Exception <a 'java/io/FileNotFoundException'> (0x00000000edabf7e8) thrown at [/HUDSON/workspace/8-2-build-linux-amd64/jdk8u172/10810/hotspot/src/share/vm/prims/jni.cpp, line 709]

Events (10 events):
Event: 9.973 Thread 0x00007fde0000b000 DEOPT UNPACKING pc=0x00007fddf104573a sp=0x00007fde078880d0 mode 2
Event: 9.974 Thread 0x00007fde0000b000 DEOPT PACKING pc=0x00007fddf17df48c sp=0x00007fde07886060
Event: 9.974 Thread 0x00007fde0000b000 DEOPT UNPACKING pc=0x00007fddf1047384 sp=0x00007fde07885dd0 mode 0
Event: 9.978 Thread 0x00007fde0000b000 DEOPT PACKING pc=0x00007fddf17deb1c sp=0x00007fde078867f0
Event: 9.978 Thread 0x00007fde0000b000 DEOPT UNPACKING pc=0x00007fddf1047384 sp=0x00007fde07886590 mode 0
Event: 10.001 loading class java/util/Collections$EmptyEnumeration
Event: 10.004 loading class java/util/Collections$EmptyEnumeration done
Event: 10.006 loading class java/util/Vector$1
Event: 10.009 loading class java/util/Vector$1 done
Event: 10.021 Executing VM operation: CollectForMetadataAllocation


Dynamic libraries:
00400000-00401000 r-xp 00000000 08:01 14946731                           /usr/local/jdk1.8.0_172/bin/java
00600000-00601000 rw-p 00000000 08:01 14946731                           /usr/local/jdk1.8.0_172/bin/java
01b88000-01ba9000 rw-p 00000000 00:00 0                                  [heap]
c5600000-c7e00000 rw-p 00000000 00:00 0 
c7e00000-ec780000 ---p 00000000 00:00 0 
ec780000-f5080000 rw-p 00000000 00:00 0 
fa280000-100000000 ---p 00000000 00:00 0 
100000000-1002a0000 rw-p 00000000 00:00 0 
1002a0000-140000000 ---p 00000000 00:00 0 
7fddac000000-7fddac021000 rw-p 00000000 00:00 0 
7fddac021000-7fddb0000000 ---p 00000000 00:00 0 
7fddb3c3d000-7fddb3c69000 rw-p 00000000 00:00 0 
7fddb3c69000-7fddb3e3d000 ---p 00000000 00:00 0 
7fddb3e3d000-7fddb3e50000 r--s 00345000 08:01 15077509                   /usr/local/jdk1.8.0_172/jre/lib/resources.jar
7fddb3e50000-7fddb3e61000 r--s 0014c000 08:01 3019473                    /home/avbravo/.m2/repository/jfree/jfreechart/1.0.13/jfreechart-1.0.13.jar
7fddb3e61000-7fddb3e63000 r--s 00007000 08:01 3019472                    /home/avbravo/.m2/repository/com/fasterxml/jackson/core/jackson-annotations/2.1.4/jackson-annotations-2.1.4.jar
7fddb3e63000-7fddb3e74000 r--s 000d2000 08:01 3019471                    /home/avbravo/.m2/repository/com/fasterxml/jackson/core/jackson-databind/2.1.4/jackson-databind-2.1.4.jar
7fddb3e74000-7fddb3e78000 r--s 0002f000 08:01 3019467                    /home/avbravo/.m2/repository/com/fasterxml/jackson/core/jackson-core/2.1.4/jackson-core-2.1.4.jar
7fddb3e78000-7fddb3e88000 r--s 000c4000 08:01 3019466                    /home/avbravo/.m2/repository/org/codehaus/castor/castor/1.2/castor-1.2.jar
7fddb3e88000-7fddb3eac000 r--s 00341000 08:01 3019463                    /home/avbravo/.m2/repository/eclipse/jdtcore/3.1.0/jdtcore-3.1.0.jar
7fddb3eac000-7fddb3eb4000 r--s 00028000 08:01 3019462                    /home/avbravo/.m2/repository/xml-apis/xml-apis/1.3.02/xml-apis-1.3.02.jar
7fddb3eb4000-7fddb3eba000 r--s 00046000 08:01 3019461                    /home/avbravo/.m2/repository/jfree/jcommon/1.0.15/jcommon-1.0.15.jar
7fddb3eba000-7fddb3ebc000 r--s 0000d000 08:01 3019457                    /home/avbravo/.m2/repository/commons-logging/commons-logging/1.1.1/commons-logging-1.1.1.jar
7fddb3ebc000-7fddb3ec2000 r--s 0002b000 08:01 3019456                    /home/avbravo/.m2/repository/commons-digester/commons-digester/2.1/commons-digester-2.1.jar
7fddb3ec2000-7fddb3ec8000 r--s 00023000 08:01 3019454                    /home/avbravo/.m2/repository/commons-collections/commons-collections/2.1/commons-collections-2.1.jar
7fddb3ec8000-7fddb3ecd000 r--s 00034000 08:01 3019450                    /home/avbravo/.m2/repository/commons-beanutils/commons-beanutils/1.8.0/commons-beanutils-1.8.0.jar
7fddb3ecd000-7fddb3f1f000 r--s 00421000 08:01 3019451                    /home/avbravo/.m2/repository/net/sf/jasperreports/jasperreports/5.5.0/jasperreports-5.5.0.jar
7fddb3f1f000-7fddb3f23000 r--s 0002b000 08:01 3019449                    /home/avbravo/.m2/repository/org/bouncycastle/bcmail-jdk14/1.38/bcmail-jdk14-1.38.jar
7fddb3f23000-7fddb3f44000 r--s 0015a000 08:01 3019448                    /home/avbravo/.m2/repository/org/bouncycastle/bcprov-jdk14/1.38/bcprov-jdk14-1.38.jar
7fddb3f44000-7fddb3f65000 r--s 0015a000 08:01 3019441                    /home/avbravo/.m2/repository/bouncycastle/bcprov-jdk14/138/bcprov-jdk14-138.jar
7fddb3f65000-7fddb3f71000 r--s 00108000 08:01 3019438                    /home/avbravo/.m2/repository/com/lowagie/itext/2.1.7/itext-2.1.7.jar
7fddb3f71000-7fddb3f9f000 r--s 003ab000 08:01 3019433                    /home/avbravo/.m2/repository/org/primefaces/primefaces/6.1/primefaces-6.1.jar
7fddb3f9f000-7fddb4000000 r--s 00461000 08:01 3019426                    /home/avbravo/.m2/repository/com/couchbase/client/core-io/1.4.1/core-io-1.4.1.jar
7fddb4000000-7fddb4021000 rw-p 00000000 00:00 0 
7fddb4021000-7fddb8000000 ---p 00000000 00:00 0 
7fddb8000000-7fddb8021000 rw-p 00000000 00:00 0 
7fddb8021000-7fddbc000000 ---p 00000000 00:00 0 
7fddbc000000-7fddbdaf7000 rw-p 00000000 00:00 0 
7fddbdaf7000-7fddc0000000 ---p 00000000 00:00 0 
7fddc0000000-7fddc13a9000 rw-p 00000000 00:00 0 
7fddc13a9000-7fddc4000000 ---p 00000000 00:00 0 
7fddc4000000-7fddc4021000 rw-p 00000000 00:00 0 
7fddc4021000-7fddc8000000 ---p 00000000 00:00 0 
7fddc8000000-7fddc9e78000 rw-p 00000000 00:00 0 
7fddc9e78000-7fddcc000000 ---p 00000000 00:00 0 
7fddcc000000-7fddcc021000 rw-p 00000000 00:00 0 
7fddcc021000-7fddd0000000 ---p 00000000 00:00 0 
7fddd0000000-7fddd0021000 rw-p 00000000 00:00 0 
7fddd0021000-7fddd4000000 ---p 00000000 00:00 0 
7fddd4000000-7fddd4021000 rw-p 00000000 00:00 0 
7fddd4021000-7fddd8000000 ---p 00000000 00:00 0 
7fddd8000000-7fddd829b000 rw-p 00000000 00:00 0 
7fddd829b000-7fdddc000000 ---p 00000000 00:00 0 
7fdddc000000-7fdddc021000 rw-p 00000000 00:00 0 
7fdddc021000-7fdde0000000 ---p 00000000 00:00 0 
7fdde0001000-7fdde0002000 r--s 00005000 08:01 3019443                    /home/avbravo/.m2/repository/org/bouncycastle/bctsp-jdk14/1.38/bctsp-jdk14-1.38.jar
7fdde0002000-7fdde0006000 r--s 0002b000 08:01 3019440                    /home/avbravo/.m2/repository/bouncycastle/bcmail-jdk14/138/bcmail-jdk14-138.jar
7fdde0006000-7fdde000d000 r--s 0003f000 08:01 3019435                    /home/avbravo/.m2/repository/commons-codec/commons-codec/1.10/commons-codec-1.10.jar
7fdde000d000-7fdde0012000 r--s 00046000 08:01 3019432                    /home/avbravo/.m2/repository/org/twitter4j/twitter4j-core/4.0.6/twitter4j-core-4.0.6.jar
7fdde0012000-7fdde0016000 r--s 0002e000 08:01 3019429                    /home/avbravo/.m2/repository/javax/mail/javax.mail-api/1.5.6/javax.mail-api-1.5.6.jar
7fdde0016000-7fdde001e000 r--s 00078000 08:01 3019427                    /home/avbravo/.m2/repository/javax/mail/mail/1.4.7/mail-1.4.7.jar
7fdde001e000-7fdde0020000 r--s 0000b000 08:01 3020330                    /home/avbravo/.m2/repository/com/github/avbravo/avbravoutils/0.19/avbravoutils-0.19.jar
7fdde0020000-7fdde0039000 r--s 000fe000 08:01 3019425                    /home/avbravo/.m2/repository/io/reactivex/rxjava/1.2.3/rxjava-1.2.3.jar
7fdde0039000-7fdde0050000 r--s 000cc000 08:01 3019424                    /home/avbravo/.m2/repository/com/couchbase/client/java-client/2.4.1/java-client-2.4.1.jar
7fdde0050000-7fdde0066000 r--s 000fb000 08:01 3019422                    /home/avbravo/.m2/repository/org/mongodb/mongodb-driver-core/3.6.0/mongodb-driver-core-3.6.0.jar
7fdde0066000-7fdde006e000 r--s 00058000 08:01 3019417                    /home/avbravo/.m2/repository/org/mongodb/bson/3.6.0/bson-3.6.0.jar
7fdde006e000-7fdde0075000 r--s 00058000 08:01 3019415                    /home/avbravo/.m2/repository/org/mongodb/mongodb-driver/3.6.0/mongodb-driver-3.6.0.jar
7fdde0075000-7fdde007c000 r--s 00000000 08:01 7080769                    /usr/lib/x86_64-linux-gnu/gconv/gconv-modules.cache
7fdde007c000-7fdde00a0000 r--p 00000000 08:01 8402364                    /usr/share/locale-langpack/es/LC_MESSAGES/libc.mo
7fdde00a0000-7fdde00b5000 r--s 00145000 08:01 3019414                    /home/avbravo/.m2/repository/org/projectlombok/lombok/1.16.12/lombok-1.16.12.jar
7fdde00b5000-7fdde00b8000 r--s 00014000 08:01 3019411                    /home/avbravo/.m2/repository/net/sf/flexjson/flexjson/3.3/flexjson-3.3.jar
7fdde00b8000-7fdde00c5000 r--s 000a6000 08:01 3019410                    /home/avbravo/.m2/repository/org/omnifaces/omnifaces/2.6.1/omnifaces-2.6.1.jar
7fdde00c5000-7fdde00c8000 r--s 00015000 08:01 3019367                    /home/avbravo/.m2/repository/com/github/avbravo/ejbjmoordb/0.5.9/ejbjmoordb-0.5.9.jar
7fdde00c8000-7fdde00ca000 r--s 0000e000 08:01 3019408                    /home/avbravo/.m2/repository/javax/activation/activation/1.1/activation-1.1.jar
7fdde00ca000-7fdde00d3000 r--s 00097000 08:01 3019409                    /home/avbravo/.m2/repository/com/sun/mail/javax.mail/1.6.0/javax.mail-1.6.0.jar
7fdde00d3000-7fdde0109000 r--s 001ae000 08:01 3019407                    /home/avbravo/.m2/repository/javax/javaee-api/8.0/javaee-api-8.0.jar
7fdde0109000-7fdde0309000 rw-p 00000000 00:00 0 
7fdde0309000-7fdde0509000 rw-p 00000000 00:00 0 
7fdde0509000-7fdde0582000 r--s 010f9000 08:01 14946838                   /usr/local/jdk1.8.0_172/lib/tools.jar
7fdde0582000-7fdde0585000 r--s 0001b000 08:01 3146372                    /home/avbravo/.m2/repository/junit/junit/3.8.2/junit-3.8.2.jar
7fdde0585000-7fdde0593000 r--s 0008f000 08:01 3146371                    /home/avbravo/.m2/repository/com/google/collections/google-collections/1.0/google-collections-1.0.jar
7fdde0593000-7fdde0594000 r--s 0000a000 08:01 3146368                    /home/avbravo/.m2/repository/commons-logging/commons-logging-api/1.1/commons-logging-api-1.1.jar
7fdde0594000-7fdde059b000 r--s 00051000 08:01 3146366                    /home/avbravo/.m2/repository/log4j/log4j/1.2.12/log4j-1.2.12.jar
7fdde059b000-7fdde059f000 r--s 0001d000 08:01 3146365                    /home/avbravo/.m2/repository/org/apache/xbean/xbean-reflect/3.4/xbean-reflect-3.4.jar
7fdde059f000-7fdde05a0000 r--s 00004000 08:01 3146363                    /home/avbravo/.m2/repository/org/codehaus/plexus/plexus-compiler-javac/2.2/plexus-compiler-javac-2.2.jar
7fdde05a0000-7fdde05a2000 r--s 00000000 08:01 3146364                    /home/avbravo/.m2/repository/org/codehaus/plexus/plexus-compiler-manager/2.2/plexus-compiler-manager-2.2.jar
7fdde05a2000-7fdde05a4000 r--s 00005000 08:01 3146356                    /home/avbravo/.m2/repository/org/codehaus/plexus/plexus-compiler-api/2.2/plexus-compiler-api-2.2.jar
7fdde05a4000-7fdde05a6000 r--s 00002000 08:01 3146355                    /home/avbravo/.m2/repository/org/apache/maven/shared/maven-shared-incremental/1.1/maven-shared-incremental-1.1.jar
7fdde05a6000-7fdde05a8000 r--s 00006000 08:01 3146357                    /home/avbravo/.m2/repository/com/google/code/findbugs/jsr305/2.0.1/jsr305-2.0.1.jar
7fdde05a8000-7fdde05ab000 r--s 00023000 08:01 3146358                    /home/avbravo/.m2/repository/org/apache/maven/shared/maven-shared-utils/0.1/maven-shared-utils-0.1.jar
7fdde05ab000-7fdde05af000 r--s 00030000 08:01 3020162                    /home/avbravo/.m2/repository/org/codehaus/plexus/plexus-utils/1.5.1/plexus-utils-1.5.1.jar
7fdde05af000-7fdde05b1000 r--s 00009000 08:01 2756557                    /home/avbravo/.m2/repository/org/apache/maven/plugins/maven-compiler-plugin/3.1/maven-compiler-plugin-3.1.jar
7fdde05b1000-7fdde05b3000 r--s 0000d000 08:01 3146190                    /home/avbravo/.m2/repository/org/codehaus/plexus/plexus-interpolation/1.13/plexus-interpolation-1.13.jar
7fdde05b3000-7fdde05b4000 r--s 00001000 08:01 3146187                    /home/avbravo/.m2/repository/org/sonatype/plexus/plexus-build-api/0.0.4/plexus-build-api-0.0.4.jar
7fdde05b4000-7fdde05b6000 r--s 00009000 08:01 3146186                    /home/avbravo/.m2/repository/org/apache/maven/shared/maven-filtering/1.0/maven-filtering-1.0.jar
7fdde05b6000-7fdde05ba000 r--s 00033000 08:01 3146185                    /home/avbravo/.m2/repository/org/codehaus/plexus/plexus-utils/2.0.5/plexus-utils-2.0.5.jar
7fdde05ba000-7fdde05bb000 r--s 00001000 08:01 3020159                    /home/avbravo/.m2/repository/org/apache/maven/doxia/doxia-sink-api/1.0-alpha-7/doxia-sink-api-1.0-alpha-7.jar
7fdde05bb000-7fdde05bc000 r--s 00002000 08:01 3020158                    /home/avbravo/.m2/repository/org/apache/maven/reporting/maven-reporting-api/2.0.6/maven-reporting-api-2.0.6.jar
7fdde05bc000-7fdde05be000 r--s 00005000 08:01 2100140                    /home/avbravo/.m2/repository/org/apache/maven/plugins/maven-resources-plugin/2.5/maven-resources-plugin-2.5.jar
7fdde05be000-7fdde05cc000 r--s 0007f000 08:01 3146108                    /home/avbravo/.m2/repository/commons-collections/commons-collections/3.2.1/commons-collections-3.2.1.jar
7fdde05cc000-7fdde05d1000 r--s 00041000 08:01 3020156                    /home/avbravo/.m2/repository/commons-lang/commons-lang/2.6/commons-lang-2.6.jar
7fdde05d1000-7fdde05d3000 r--s 00006000 08:01 3146107                    /home/avbravo/.m2/repository/org/apache/maven/shared/maven-invoker/2.0.11/maven-invoker-2.0.11.jar
7fdde05d3000-7fdde05d5000 r--s 00006000 08:01 3146105                    /home/avbravo/.m2/repository/org/apache/maven/shared/maven-common-artifact-filters/1.4/maven-common-artifact-filters-1.4.jar
7fdde05d5000-7fdde05d7000 r--s 0000c000 08:01 3146101                    /home/avbravo/.m2/repository/org/apache/maven/shared/maven-dependency-tree/2.0/maven-dependency-tree-2.0.jar
7fdde05d7000-7fdde07d7000 rw-p 00000000 00:00 0 
7fdde07d7000-7fdde07e8000 r-xp 00000000 08:01 15210615                   /usr/local/jdk1.8.0_172/jre/lib/amd64/libnio.so
7fdde07e8000-7fdde09e7000 ---p 00011000 08:01 15210615                   /usr/local/jdk1.8.0_172/jre/lib/amd64/libnio.so
7fdde09e7000-7fdde09e8000 rw-p 00010000 08:01 15210615                   /usr/local/jdk1.8.0_172/jre/lib/amd64/libnio.so
7fdde09e8000-7fdde39e9000 rw-p 00000000 00:00 0 
7fdde39e9000-7fdde39ff000 r-xp 00000000 08:01 15210612                   /usr/local/jdk1.8.0_172/jre/lib/amd64/libnet.so
7fdde39ff000-7fdde3bff000 ---p 00016000 08:01 15210612                   /usr/local/jdk1.8.0_172/jre/lib/amd64/libnet.so
7fdde3bff000-7fdde3c00000 rw-p 00016000 08:01 15210612                   /usr/local/jdk1.8.0_172/jre/lib/amd64/libnet.so
7fdde3c00000-7fdde3e00000 rw-p 00000000 00:00 0 
7fdde3e00000-7fdde4000000 rw-p 00000000 00:00 0 
7fdde4000000-7fdde4021000 rw-p 00000000 00:00 0 
7fdde4021000-7fdde8000000 ---p 00000000 00:00 0 
7fdde8000000-7fdde8002000 r--s 00000000 08:01 3146097                    /home/avbravo/.m2/repository/org/codehaus/plexus/plexus-component-annotations/1.5.5/plexus-component-annotations-1.5.5.jar
7fdde8002000-7fdde8003000 r--s 0000a000 08:01 3146098                    /home/avbravo/.m2/repository/asm/asm/3.3.1/asm-3.3.1.jar
7fdde8003000-7fdde8005000 r--s 00005000 08:01 3146099                    /home/avbravo/.m2/repository/org/apache/maven/shared/maven-dependency-analyzer/1.3/maven-dependency-analyzer-1.3.jar
7fdde8005000-7fdde8008000 r--s 0000c000 08:01 3146096                    /home/avbravo/.m2/repository/org/codehaus/plexus/plexus-io/2.0.6/plexus-io-2.0.6.jar
7fdde8008000-7fdde800b000 r--s 0001b000 08:01 3020153                    /home/avbravo/.m2/repository/junit/junit/3.8.1/junit-3.8.1.jar
7fdde800b000-7fdde800d000 r--s 00008000 08:01 3146092                    /home/avbravo/.m2/repository/org/apache/maven/shared/maven-shared-io/1.1/maven-shared-io-1.1.jar
7fdde800d000-7fdde800f000 r--s 00008000 08:01 3146091                    /home/avbravo/.m2/repository/org/apache/maven/shared/file-management/1.2.1/file-management-1.2.1.jar
7fdde800f000-7fdde8013000 r--s 00035000 08:01 3146090                    /home/avbravo/.m2/repository/org/codehaus/plexus/plexus-utils/3.0.9/plexus-utils-3.0.9.jar
7fdde8013000-7fdde8018000 r--s 00029000 08:01 3020150                    /home/avbravo/.m2/repository/org/codehaus/plexus/plexus-archiver/2.2/plexus-archiver-2.2.jar
7fdde8018000-7fdde801a000 r--s 00004000 08:01 3020148                    /home/avbravo/.m2/repository/org/apache/maven/doxia/doxia-module-xhtml/1.0/doxia-module-xhtml-1.0.jar
7fdde801a000-7fdde801b000 r--s 00006000 08:01 3020145                    /home/avbravo/.m2/repository/org/apache/maven/doxia/doxia-module-xdoc/1.0/doxia-module-xdoc-1.0.jar
7fdde801b000-7fdde801c000 r--s 00004000 08:01 3020143                    /home/avbravo/.m2/repository/org/apache/maven/doxia/doxia-module-fml/1.0/doxia-module-fml-1.0.jar
7fdde801c000-7fdde801e000 r--s 0000a000 08:01 3020142                    /home/avbravo/.m2/repository/org/apache/maven/doxia/doxia-module-apt/1.0/doxia-module-apt-1.0.jar
7fdde801e000-7fdde801f000 r--s 0000b000 08:01 3020140                    /home/avbravo/.m2/repository/org/apache/maven/doxia/doxia-decoration-model/1.0/doxia-decoration-model-1.0.jar
7fdde801f000-7fdde8027000 r--s 00058000 08:01 3020139                    /home/avbravo/.m2/repository/org/apache/velocity/velocity/1.5/velocity-1.5.jar
7fdde8027000-7fdde8028000 r--s 00001000 08:01 3020136                    /home/avbravo/.m2/repository/org/codehaus/plexus/plexus-velocity/1.1.7/plexus-velocity-1.1.7.jar
7fdde8028000-7fdde8029000 r--s 00002000 08:01 3020133                    /home/avbravo/.m2/repository/org/codehaus/plexus/plexus-i18n/1.0-beta-7/plexus-i18n-1.0-beta-7.jar
7fdde8029000-7fdde802b000 r--s 0000a000 08:01 3020131                    /home/avbravo/.m2/repository/org/apache/maven/doxia/doxia-site-renderer/1.0/doxia-site-renderer-1.0.jar
7fdde802b000-7fdde802c000 r--s 00002000 08:01 3020130                    /home/avbravo/.m2/repository/org/apache/maven/doxia/doxia-sink-api/1.0/doxia-sink-api-1.0.jar
7fdde802c000-7fdde8031000 r--s 00016000 08:01 3020127                    /home/avbravo/.m2/repository/xml-apis/xml-apis/1.0.b2/xml-apis-1.0.b2.jar
7fdde8031000-7fdde8033000 r--s 0000e000 08:01 3020126                    /home/avbravo/.m2/repository/oro/oro/2.0.8/oro-2.0.8.jar
7fdde8033000-7fdde8035000 r--s 00008000 08:01 3020124                    /home/avbravo/.m2/repository/commons-logging/commons-logging/1.0.4/commons-logging-1.0.4.jar
7fdde8035000-7fdde8039000 r--s 00026000 08:01 3020120                    /home/avbravo/.m2/repository/commons-digester/commons-digester/1.6/commons-digester-1.6.jar
7fdde8039000-7fdde803e000 r--s 0002a000 08:01 3020117                    /home/avbravo/.m2/repository/commons-beanutils/commons-beanutils/1.7.0/commons-beanutils-1.7.0.jar
7fdde803e000-7fdde8041000 r--s 00014000 08:01 3020116                    /home/avbravo/.m2/repository/commons-validator/commons-validator/1.2.0/commons-validator-1.2.0.jar
7fdde8041000-7fdde8044000 r--s 00018000 08:01 3020115                    /home/avbravo/.m2/repository/commons-io/commons-io/1.4/commons-io-1.4.jar
7fdde8044000-7fdde8046000 r--s 00009000 08:01 3020119                    /home/avbravo/.m2/repository/org/apache/maven/shared/maven-doxia-tools/1.0.2/maven-doxia-tools-1.0.2.jar
7fdde8046000-7fdde8049000 r--s 0000b000 08:01 3020108                    /home/avbravo/.m2/repository/org/apache/maven/doxia/doxia-core/1.0/doxia-core-1.0.jar
7fdde8049000-7fdde804b000 r--s 00004000 08:01 3020110                    /home/avbravo/.m2/repository/org/apache/maven/reporting/maven-reporting-impl/2.0.5/maven-reporting-impl-2.0.5.jar
7fdde804b000-7fdde804c000 r--s 00002000 08:01 3020109                    /home/avbravo/.m2/repository/org/apache/maven/reporting/maven-reporting-api/3.0/maven-reporting-api-3.0.jar
7fdde804c000-7fdde804e000 r--s 00002000 08:01 3020107                    /home/avbravo/.m2/repository/org/codehaus/plexus/plexus-interactivity-api/1.0-alpha-4/plexus-interactivity-api-1.0-alpha-4.jar
7fdde804e000-7fdde8050000 r--s 00006000 08:01 3020106                    /home/avbravo/.m2/repository/commons-cli/commons-cli/1.0/commons-cli-1.0.jar
7fdde8050000-7fdde8053000 r--s 00021000 08:01 2756574                    /home/avbravo/.m2/repository/org/apache/maven/plugins/maven-dependency-plugin/2.6/maven-dependency-plugin-2.6.jar
7fdde8053000-7fdde8056000 ---p 00000000 00:00 0 
7fdde8056000-7fdde808c000 rw-p 00000000 00:00 0 
7fdde808c000-7fdde808d000 r--p 00000000 00:00 0 
7fdde808d000-7fdde8092000 r--s 0009d000 08:01 15077525                   /usr/local/jdk1.8.0_172/jre/lib/jsse.jar
7fdde8092000-7fdde8094000 r--s 0000d000 08:01 15210638                   /home/avbravo/netbeans-8.2/java/maven-nblib/netbeans-eventspy.jar
7fdde8094000-7fdde8096000 r--s 0000b000 08:01 15077565                   /home/avbravo/netbeans-8.2/java/maven/lib/maven-artifact-3.0.5.jar
7fdde8096000-7fdde80c5000 r--s 001c8000 08:01 15077559                   /home/avbravo/netbeans-8.2/java/maven/lib/wagon-http-2.10-shaded.jar
7fdde80c5000-7fdde80c9000 r--s 00021000 08:01 15077549                   /home/avbravo/netbeans-8.2/java/maven/lib/maven-model-builder-3.0.5.jar
7fdde80c9000-7fdde80ca000 ---p 00000000 00:00 0 
7fdde80ca000-7fdde81ca000 rw-p 00000000 00:00 0 
7fdde81ca000-7fdde81cd000 ---p 00000000 00:00 0 
7fdde81cd000-7fdde82cb000 rw-p 00000000 00:00 0 
7fdde82cb000-7fdde82cc000 ---p 00000000 00:00 0 
7fdde82cc000-7fdde82cf000 ---p 00000000 00:00 0 
7fdde82cf000-7fdde83cc000 rw-p 00000000 00:00 0 
7fdde83cc000-7fdde83cd000 ---p 00000000 00:00 0 
7fdde83cd000-7fdde83d0000 ---p 00000000 00:00 0 
7fdde83d0000-7fdde84cd000 rw-p 00000000 00:00 0 
7fdde84cd000-7fdde84ce000 ---p 00000000 00:00 0 
7fdde84ce000-7fdde84d1000 ---p 00000000 00:00 0 
7fdde84d1000-7fdde85ce000 rw-p 00000000 00:00 0 
7fdde85ce000-7fdde85d1000 ---p 00000000 00:00 0 
7fdde85d1000-7fdde86cf000 rw-p 00000000 00:00 0 
7fdde86cf000-7fdde909e000 r--p 00000000 08:01 6822571                    /usr/lib/locale/locale-archive
7fdde909e000-7fdde90a1000 ---p 00000000 00:00 0 
7fdde90a1000-7fdde919f000 rw-p 00000000 00:00 0 
7fdde919f000-7fdde91a2000 ---p 00000000 00:00 0 
7fdde91a2000-7fdde92a0000 rw-p 00000000 00:00 0 
7fdde92a0000-7fdde92a1000 ---p 00000000 00:00 0 
7fdde92a1000-7fddec000000 rw-p 00000000 00:00 0 
7fddec000000-7fddec021000 rw-p 00000000 00:00 0 
7fddec021000-7fddf0000000 ---p 00000000 00:00 0 
7fddf0000000-7fddf0001000 r--s 00002000 08:01 15077585                   /home/avbravo/netbeans-8.2/java/maven/lib/wagon-file-2.10.jar
7fddf0001000-7fddf0008000 r--s 0003f000 08:01 15077561                   /home/avbravo/netbeans-8.2/java/maven/lib/sisu-inject-bean-2.3.0.jar
7fddf0008000-7fddf000a000 r--s 00002000 08:01 15077578                   /home/avbravo/netbeans-8.2/java/maven/lib/plexus-cipher-1.7.jar
7fddf000a000-7fddf000c000 r--s 0000d000 08:01 15077551                   /home/avbravo/netbeans-8.2/java/maven/lib/plexus-interpolation-1.14.jar
7fddf000c000-7fddf000d000 r--s 00003000 08:01 15077580                   /home/avbravo/netbeans-8.2/java/maven/lib/aether-spi-1.13.1.jar
7fddf000d000-7fddf000e000 r--s 00006000 08:01 15077550                   /home/avbravo/netbeans-8.2/java/maven/lib/plexus-sec-dispatcher-1.3.jar
7fddf000e000-7fddf0010000 r--s 00026000 08:01 15077577                   /home/avbravo/netbeans-8.2/java/maven/lib/maven-model-3.0.5.jar
7fddf0010000-7fddf001a000 r--s 00116000 08:01 15210466                   /usr/local/jdk1.8.0_172/jre/lib/ext/localedata.jar
7fddf001a000-7fddf001e000 r--s 00033000 08:01 15077572                   /home/avbravo/netbeans-8.2/java/maven/lib/plexus-utils-2.0.6.jar
7fddf001e000-7fddf0022000 r--s 00013000 08:01 15077579                   /home/avbravo/netbeans-8.2/java/maven/lib/aether-api-1.13.1.jar
7fddf0022000-7fddf002a000 r--s 00050000 08:01 15077556                   /home/avbravo/netbeans-8.2/java/maven/lib/sisu-guice-3.1.0-no_aop.jar
7fddf002a000-7fddf002c000 r--s 0000a000 08:01 15077567                   /home/avbravo/netbeans-8.2/java/maven/lib/maven-settings-3.0.5.jar
7fddf002c000-7fddf004b000 r--s 00154000 08:01 15077584                   /home/avbravo/netbeans-8.2/java/maven/lib/sisu-guava-0.9.9.jar
7fddf004b000-7fddf004d000 r--s 0000b000 08:01 15077560                   /home/avbravo/netbeans-8.2/java/maven/lib/maven-plugin-api-3.0.5.jar
7fddf004d000-7fddf0054000 r--s 0002b000 08:01 15077555                   /home/avbravo/netbeans-8.2/java/maven/lib/sisu-inject-plexus-2.3.0.jar
7fddf0054000-7fddf00d8000 rw-p 00000000 00:00 0 
7fddf00d8000-7fddf02b2000 r--s 03d6a000 08:01 15077471                   /usr/local/jdk1.8.0_172/jre/lib/rt.jar
7fddf02b2000-7fddf0cfd000 rw-p 00000000 00:00 0 
7fddf0cfd000-7fddf0cfe000 ---p 00000000 00:00 0 
7fddf0cfe000-7fddf0dfe000 rw-p 00000000 00:00 0 
7fddf0dfe000-7fddf0dff000 ---p 00000000 00:00 0 
7fddf0dff000-7fddf0eff000 rw-p 00000000 00:00 0 
7fddf0eff000-7fddf0f00000 ---p 00000000 00:00 0 
7fddf0f00000-7fddf1000000 rw-p 00000000 00:00 0 
7fddf1000000-7fddf1a90000 rwxp 00000000 00:00 0 
7fddf1a90000-7fde00000000 ---p 00000000 00:00 0 
7fde00000000-7fde00f9f000 rw-p 00000000 00:00 0 
7fde00f9f000-7fde04000000 ---p 00000000 00:00 0 
7fde04000000-7fde04002000 r--s 00006000 08:01 15077543                   /home/avbravo/netbeans-8.2/java/maven/lib/maven-repository-metadata-3.0.5.jar
7fde04002000-7fde04004000 r--s 00000000 08:01 15077542                   /home/avbravo/netbeans-8.2/java/maven/lib/plexus-component-annotations-1.5.5.jar
7fde04004000-7fde04006000 r--s 00009000 08:01 15077586                   /home/avbravo/netbeans-8.2/java/maven/lib/commons-cli-1.2.jar
7fde04006000-7fde04008000 r--s 0000c000 08:01 15077548                   /home/avbravo/netbeans-8.2/java/maven/lib/maven-aether-provider-3.0.5.jar
7fde04008000-7fde0400e000 r--s 0003f000 08:01 15077575                   /home/avbravo/netbeans-8.2/java/maven/lib/maven-compat-3.0.5.jar
7fde0400e000-7fde04011000 r--s 00008000 08:01 15077546                   /home/avbravo/netbeans-8.2/java/maven/lib/maven-settings-builder-3.0.5.jar
7fde04011000-7fde0401d000 r--s 0007d000 08:01 15077583                   /home/avbravo/netbeans-8.2/java/maven/lib/maven-core-3.0.5.jar
7fde0401d000-7fde04020000 r--s 0001d000 08:01 15077573                   /home/avbravo/netbeans-8.2/java/maven/lib/aether-impl-1.13.1.jar
7fde04020000-7fde04041000 rw-p 00000000 00:00 0 
7fde04041000-7fde04042000 ---p 00000000 00:00 0 
7fde04042000-7fde04156000 rw-p 00000000 00:00 0 
7fde04156000-7fde0427b000 ---p 00000000 00:00 0 
7fde0427b000-7fde0428f000 rw-p 00000000 00:00 0 
7fde0428f000-7fde043b3000 ---p 00000000 00:00 0 
7fde043b3000-7fde043f9000 rw-p 00000000 00:00 0 
7fde043f9000-7fde04450000 ---p 00000000 00:00 0 
7fde04450000-7fde0447c000 rw-p 00000000 00:00 0 
7fde0447c000-7fde04811000 ---p 00000000 00:00 0 
7fde04811000-7fde0482c000 r-xp 00000000 08:01 15210608                   /usr/local/jdk1.8.0_172/jre/lib/amd64/libzip.so
7fde0482c000-7fde04a2c000 ---p 0001b000 08:01 15210608                   /usr/local/jdk1.8.0_172/jre/lib/amd64/libzip.so
7fde04a2c000-7fde04a2d000 rw-p 0001b000 08:01 15210608                   /usr/local/jdk1.8.0_172/jre/lib/amd64/libzip.so
7fde04a2d000-7fde04a38000 r-xp 00000000 08:01 9441971                    /lib/x86_64-linux-gnu/libnss_files-2.27.so
7fde04a38000-7fde04c37000 ---p 0000b000 08:01 9441971                    /lib/x86_64-linux-gnu/libnss_files-2.27.so
7fde04c37000-7fde04c38000 r--p 0000a000 08:01 9441971                    /lib/x86_64-linux-gnu/libnss_files-2.27.so
7fde04c38000-7fde04c39000 rw-p 0000b000 08:01 9441971                    /lib/x86_64-linux-gnu/libnss_files-2.27.so
7fde04c39000-7fde04c3f000 rw-p 00000000 00:00 0 
7fde04c3f000-7fde04c56000 r-xp 00000000 08:01 9441965                    /lib/x86_64-linux-gnu/libnsl-2.27.so
7fde04c56000-7fde04e55000 ---p 00017000 08:01 9441965                    /lib/x86_64-linux-gnu/libnsl-2.27.so
7fde04e55000-7fde04e56000 r--p 00016000 08:01 9441965                    /lib/x86_64-linux-gnu/libnsl-2.27.so
7fde04e56000-7fde04e57000 rw-p 00017000 08:01 9441965                    /lib/x86_64-linux-gnu/libnsl-2.27.so
7fde04e57000-7fde04e59000 rw-p 00000000 00:00 0 
7fde04e59000-7fde04e64000 r-xp 00000000 08:01 9441982                    /lib/x86_64-linux-gnu/libnss_nis-2.27.so
7fde04e64000-7fde05063000 ---p 0000b000 08:01 9441982                    /lib/x86_64-linux-gnu/libnss_nis-2.27.so
7fde05063000-7fde05064000 r--p 0000a000 08:01 9441982                    /lib/x86_64-linux-gnu/libnss_nis-2.27.so
7fde05064000-7fde05065000 rw-p 0000b000 08:01 9441982                    /lib/x86_64-linux-gnu/libnss_nis-2.27.so
7fde05065000-7fde0506d000 r-xp 00000000 08:01 9441967                    /lib/x86_64-linux-gnu/libnss_compat-2.27.so
7fde0506d000-7fde0526d000 ---p 00008000 08:01 9441967                    /lib/x86_64-linux-gnu/libnss_compat-2.27.so
7fde0526d000-7fde0526e000 r--p 00008000 08:01 9441967                    /lib/x86_64-linux-gnu/libnss_compat-2.27.so
7fde0526e000-7fde0526f000 rw-p 00009000 08:01 9441967                    /lib/x86_64-linux-gnu/libnss_compat-2.27.so
7fde0526f000-7fde0529a000 r-xp 00000000 08:01 15210602                   /usr/local/jdk1.8.0_172/jre/lib/amd64/libjava.so
7fde0529a000-7fde05499000 ---p 0002b000 08:01 15210602                   /usr/local/jdk1.8.0_172/jre/lib/amd64/libjava.so
7fde05499000-7fde0549b000 rw-p 0002a000 08:01 15210602                   /usr/local/jdk1.8.0_172/jre/lib/amd64/libjava.so
7fde0549b000-7fde054a8000 r-xp 00000000 08:01 15210607                   /usr/local/jdk1.8.0_172/jre/lib/amd64/libverify.so
7fde054a8000-7fde056a8000 ---p 0000d000 08:01 15210607                   /usr/local/jdk1.8.0_172/jre/lib/amd64/libverify.so
7fde056a8000-7fde056aa000 rw-p 0000d000 08:01 15210607                   /usr/local/jdk1.8.0_172/jre/lib/amd64/libverify.so
7fde056aa000-7fde056b1000 r-xp 00000000 08:01 9442022                    /lib/x86_64-linux-gnu/librt-2.27.so
7fde056b1000-7fde058b0000 ---p 00007000 08:01 9442022                    /lib/x86_64-linux-gnu/librt-2.27.so
7fde058b0000-7fde058b1000 r--p 00006000 08:01 9442022                    /lib/x86_64-linux-gnu/librt-2.27.so
7fde058b1000-7fde058b2000 rw-p 00007000 08:01 9442022                    /lib/x86_64-linux-gnu/librt-2.27.so
7fde058b2000-7fde05a4f000 r-xp 00000000 08:01 9441944                    /lib/x86_64-linux-gnu/libm-2.27.so
7fde05a4f000-7fde05c4e000 ---p 0019d000 08:01 9441944                    /lib/x86_64-linux-gnu/libm-2.27.so
7fde05c4e000-7fde05c4f000 r--p 0019c000 08:01 9441944                    /lib/x86_64-linux-gnu/libm-2.27.so
7fde05c4f000-7fde05c50000 rw-p 0019d000 08:01 9441944                    /lib/x86_64-linux-gnu/libm-2.27.so
7fde05c50000-7fde0692c000 r-xp 00000000 08:01 15210584                   /usr/local/jdk1.8.0_172/jre/lib/amd64/server/libjvm.so
7fde0692c000-7fde06b2c000 ---p 00cdc000 08:01 15210584                   /usr/local/jdk1.8.0_172/jre/lib/amd64/server/libjvm.so
7fde06b2c000-7fde06c06000 rw-p 00cdc000 08:01 15210584                   /usr/local/jdk1.8.0_172/jre/lib/amd64/server/libjvm.so
7fde06c06000-7fde06c51000 rw-p 00000000 00:00 0 
7fde06c51000-7fde06e38000 r-xp 00000000 08:01 9441881                    /lib/x86_64-linux-gnu/libc-2.27.so
7fde06e38000-7fde07038000 ---p 001e7000 08:01 9441881                    /lib/x86_64-linux-gnu/libc-2.27.so
7fde07038000-7fde0703c000 r--p 001e7000 08:01 9441881                    /lib/x86_64-linux-gnu/libc-2.27.so
7fde0703c000-7fde0703e000 rw-p 001eb000 08:01 9441881                    /lib/x86_64-linux-gnu/libc-2.27.so
7fde0703e000-7fde07042000 rw-p 00000000 00:00 0 
7fde07042000-7fde07045000 r-xp 00000000 08:01 9441904                    /lib/x86_64-linux-gnu/libdl-2.27.so
7fde07045000-7fde07244000 ---p 00003000 08:01 9441904                    /lib/x86_64-linux-gnu/libdl-2.27.so
7fde07244000-7fde07245000 r--p 00002000 08:01 9441904                    /lib/x86_64-linux-gnu/libdl-2.27.so
7fde07245000-7fde07246000 rw-p 00003000 08:01 9441904                    /lib/x86_64-linux-gnu/libdl-2.27.so
7fde07246000-7fde0725c000 r-xp 00000000 08:01 15077302                   /usr/local/jdk1.8.0_172/lib/amd64/jli/libjli.so
7fde0725c000-7fde0745b000 ---p 00016000 08:01 15077302                   /usr/local/jdk1.8.0_172/lib/amd64/jli/libjli.so
7fde0745b000-7fde0745c000 rw-p 00015000 08:01 15077302                   /usr/local/jdk1.8.0_172/lib/amd64/jli/libjli.so
7fde0745c000-7fde07476000 r-xp 00000000 08:01 9442014                    /lib/x86_64-linux-gnu/libpthread-2.27.so
7fde07476000-7fde07675000 ---p 0001a000 08:01 9442014                    /lib/x86_64-linux-gnu/libpthread-2.27.so
7fde07675000-7fde07676000 r--p 00019000 08:01 9442014                    /lib/x86_64-linux-gnu/libpthread-2.27.so
7fde07676000-7fde07677000 rw-p 0001a000 08:01 9442014                    /lib/x86_64-linux-gnu/libpthread-2.27.so
7fde07677000-7fde0767b000 rw-p 00000000 00:00 0 
7fde0767b000-7fde076a2000 r-xp 00000000 08:01 9441853                    /lib/x86_64-linux-gnu/ld-2.27.so
7fde076a2000-7fde076a3000 r--s 0000a000 08:01 15077566                   /home/avbravo/netbeans-8.2/java/maven/lib/maven-embedder-3.0.5.jar
7fde076a3000-7fde076a4000 r--s 00002000 08:01 15077562                   /home/avbravo/netbeans-8.2/java/maven/lib/wagon-http-shared-2.10.jar
7fde076a4000-7fde076a6000 r--s 00006000 08:01 15077545                   /home/avbravo/netbeans-8.2/java/maven/lib/aether-connector-wagon-1.13.1.jar
7fde076a6000-7fde0778b000 rw-p 00000000 00:00 0 
7fde0778b000-7fde0778c000 ---p 00000000 00:00 0 
7fde0778c000-7fde0778f000 ---p 00000000 00:00 0 
7fde0778f000-7fde0788e000 rw-p 00000000 00:00 0 
7fde0788e000-7fde07892000 r--s 0001c000 08:01 15077574                   /home/avbravo/netbeans-8.2/java/maven/lib/aether-util-1.13.1.jar
7fde07892000-7fde07894000 r--s 0000b000 08:01 15077557                   /home/avbravo/netbeans-8.2/java/maven/lib/wagon-provider-api-2.10.jar
7fde07894000-7fde07896000 r--s 0000a000 08:01 15210635                   /home/avbravo/netbeans-8.2/java/maven/boot/plexus-classworlds-2.4.jar
7fde07896000-7fde0789e000 rw-s 00000000 08:01 9177976                    /tmp/hsperfdata_avbravo/9149
7fde0789e000-7fde0789f000 rw-p 00000000 00:00 0 
7fde0789f000-7fde078a0000 ---p 00000000 00:00 0 
7fde078a0000-7fde078a2000 rw-p 00000000 00:00 0 
7fde078a2000-7fde078a3000 r--p 00027000 08:01 9441853                    /lib/x86_64-linux-gnu/ld-2.27.so
7fde078a3000-7fde078a4000 rw-p 00028000 08:01 9441853                    /lib/x86_64-linux-gnu/ld-2.27.so
7fde078a4000-7fde078a5000 rw-p 00000000 00:00 0 
7fff17b34000-7fff17b55000 rw-p 00000000 00:00 0                          [stack]
7fff17bf9000-7fff17bfc000 r--p 00000000 00:00 0                          [vvar]
7fff17bfc000-7fff17bfe000 r-xp 00000000 00:00 0                          [vdso]
ffffffffff600000-ffffffffff601000 r-xp 00000000 00:00 0                  [vsyscall]

VM Arguments:
jvm_args: -Dclassworlds.conf=/home/avbravo/netbeans-8.2/java/maven/bin/m2.conf -Dmaven.home=/home/avbravo/netbeans-8.2/java/maven 
java_command: org.codehaus.plexus.classworlds.launcher.Launcher -Dmaven.ext.class.path=/home/avbravo/netbeans-8.2/java/maven-nblib/netbeans-eventspy.jar install
java_class_path (initial): /home/avbravo/netbeans-8.2/java/maven/boot/plexus-classworlds-2.4.jar
Launcher Type: SUN_STANDARD

Environment Variables:
JAVA_HOME=/usr/local/jdk1.8.0_172
JRE_HOME=/usr/local/jdk1.8.0_172/jre
PATH=/usr/local/sbin:/usr/local/bin:/usr/sbin:/usr/bin:/sbin:/bin:/usr/games:/usr/local/games:/snap/bin:/usr/local/jdk1.8.0_172/bin:/home/avbravo/mongodb/bin
USERNAME=avbravo
LD_LIBRARY_PATH=/usr/local/jdk1.8.0_172/jre/lib/amd64:/usr/local/jdk1.8.0_172/jre/lib/i386:
SHELL=/bin/bash
DISPLAY=:0

Signal Handlers:
SIGSEGV: [libjvm.so+0xad2ab0], sa_mask[0]=11111111011111111101111111111110, sa_flags=SA_RESTART|SA_SIGINFO
SIGBUS: [libjvm.so+0xad2ab0], sa_mask[0]=11111111011111111101111111111110, sa_flags=SA_RESTART|SA_SIGINFO
SIGFPE: [libjvm.so+0x92a790], sa_mask[0]=11111111011111111101111111111110, sa_flags=SA_RESTART|SA_SIGINFO
SIGPIPE: [libjvm.so+0x92a790], sa_mask[0]=11111111011111111101111111111110, sa_flags=SA_RESTART|SA_SIGINFO
SIGXFSZ: [libjvm.so+0x92a790], sa_mask[0]=11111111011111111101111111111110, sa_flags=SA_RESTART|SA_SIGINFO
SIGILL: [libjvm.so+0x92a790], sa_mask[0]=11111111011111111101111111111110, sa_flags=SA_RESTART|SA_SIGINFO
SIGUSR1: SIG_DFL, sa_mask[0]=00000000000000000000000000000000, sa_flags=none
SIGUSR2: [libjvm.so+0x92bff0], sa_mask[0]=00100000000000000000000000000000, sa_flags=SA_RESTART|SA_SIGINFO
SIGHUP: [libjvm.so+0x92d3f0], sa_mask[0]=11111111011111111101111111111110, sa_flags=SA_RESTART|SA_SIGINFO
SIGINT: SIG_IGN, sa_mask[0]=00000000000000000000000000000000, sa_flags=none
SIGTERM: [libjvm.so+0x92d3f0], sa_mask[0]=11111111011111111101111111111110, sa_flags=SA_RESTART|SA_SIGINFO
SIGQUIT: [libjvm.so+0x92d3f0], sa_mask[0]=11111111011111111101111111111110, sa_flags=SA_RESTART|SA_SIGINFO


---------------  S Y S T E M  ---------------

OS:DISTRIB_ID=Ubuntu
DISTRIB_RELEASE=18.04
DISTRIB_CODENAME=bionic
DISTRIB_DESCRIPTION="Ubuntu 18.04 LTS"

uname:Linux 4.15.0-22-generic #24-Ubuntu SMP Wed May 16 12:15:17 UTC 2018 x86_64
libc:glibc 2.27 NPTL 2.27 
rlimit: STACK 8192k, CORE 0k, NPROC 14748, NOFILE 1048576, AS infinity
load average:2.60 2.61 2.04

/proc/meminfo:
MemTotal:        3834488 kB
MemFree:           87912 kB
MemAvailable:          0 kB
Buffers:             560 kB
Cached:           233952 kB
SwapCached:         3820 kB
Active:          2898472 kB
Inactive:         588336 kB
Active(anon):    2887368 kB
Inactive(anon):   577552 kB
Active(file):      11104 kB
Inactive(file):    10784 kB
Unevictable:         612 kB
Mlocked:             612 kB
SwapTotal:       2097148 kB
SwapFree:              0 kB
Dirty:                40 kB
Writeback:            88 kB
AnonPages:       3250960 kB
Mapped:            33680 kB
Shmem:            212332 kB
Slab:             104672 kB
SReclaimable:      42788 kB
SUnreclaim:        61884 kB
KernelStack:       18384 kB
PageTables:        78216 kB
NFS_Unstable:          0 kB
Bounce:                0 kB
WritebackTmp:          0 kB
CommitLimit:     4014392 kB
Committed_AS:   14831328 kB
VmallocTotal:   34359738367 kB
VmallocUsed:           0 kB
VmallocChunk:          0 kB
HardwareCorrupted:     0 kB
AnonHugePages:         0 kB
ShmemHugePages:        0 kB
ShmemPmdMapped:        0 kB
CmaTotal:              0 kB
CmaFree:               0 kB
HugePages_Total:       0
HugePages_Free:        0
HugePages_Rsvd:        0
HugePages_Surp:        0
Hugepagesize:       2048 kB
DirectMap4k:      243968 kB
DirectMap2M:     3743744 kB


CPU:total 4 (initial active 4) (2 cores per cpu, 2 threads per core) family 6 model 37 stepping 5, cmov, cx8, fxsr, mmx, sse, sse2, sse3, ssse3, sse4.1, sse4.2, popcnt, ht, tsc, tscinvbit

/proc/cpuinfo:
processor	: 0
vendor_id	: GenuineIntel
cpu family	: 6
model		: 37
model name	: Intel(R) Core(TM) i3 CPU       M 380  @ 2.53GHz
stepping	: 5
microcode	: 0x2
cpu MHz		: 2514.859
cache size	: 3072 KB
physical id	: 0
siblings	: 4
core id		: 0
cpu cores	: 2
apicid		: 0
initial apicid	: 0
fpu		: yes
fpu_exception	: yes
cpuid level	: 11
wp		: yes
flags		: fpu vme de pse tsc msr pae mce cx8 apic sep mtrr pge mca cmov pat pse36 clflush dts acpi mmx fxsr sse sse2 ss ht tm pbe syscall nx rdtscp lm constant_tsc arch_perfmon pebs bts rep_good nopl xtopology nonstop_tsc cpuid aperfmperf pni dtes64 monitor ds_cpl vmx est tm2 ssse3 cx16 xtpr pdcm pcid sse4_1 sse4_2 popcnt lahf_lm pti tpr_shadow vnmi flexpriority ept vpid dtherm arat
bugs		: cpu_meltdown spectre_v1 spectre_v2 spec_store_bypass
bogomips	: 5053.73
clflush size	: 64
cache_alignment	: 64
address sizes	: 36 bits physical, 48 bits virtual
power management:

processor	: 1
vendor_id	: GenuineIntel
cpu family	: 6
model		: 37
model name	: Intel(R) Core(TM) i3 CPU       M 380  @ 2.53GHz
stepping	: 5
microcode	: 0x2
cpu MHz		: 2463.584
cache size	: 3072 KB
physical id	: 0
siblings	: 4
core id		: 0
cpu cores	: 2
apicid		: 1
initial apicid	: 1
fpu		: yes
fpu_exception	: yes
cpuid level	: 11
wp		: yes
flags		: fpu vme de pse tsc msr pae mce cx8 apic sep mtrr pge mca cmov pat pse36 clflush dts acpi mmx fxsr sse sse2 ss ht tm pbe syscall nx rdtscp lm constant_tsc arch_perfmon pebs bts rep_good nopl xtopology nonstop_tsc cpuid aperfmperf pni dtes64 monitor ds_cpl vmx est tm2 ssse3 cx16 xtpr pdcm pcid sse4_1 sse4_2 popcnt lahf_lm pti tpr_shadow vnmi flexpriority ept vpid dtherm arat
bugs		: cpu_meltdown spectre_v1 spectre_v2 spec_store_bypass
bogomips	: 5053.73
clflush size	: 64
cache_alignment	: 64
address sizes	: 36 bits physical, 48 bits virtual
power management:

processor	: 2
vendor_id	: GenuineIntel
cpu family	: 6
model		: 37
model name	: Intel(R) Core(TM) i3 CPU       M 380  @ 2.53GHz
stepping	: 5
microcode	: 0x2
cpu MHz		: 2506.860
cache size	: 3072 KB
physical id	: 0
siblings	: 4
core id		: 2
cpu cores	: 2
apicid		: 4
initial apicid	: 4
fpu		: yes
fpu_exception	: yes
cpuid level	: 11
wp		: yes
flags		: fpu vme de pse tsc msr pae mce cx8 apic sep mtrr pge mca cmov pat pse36 clflush dts acpi mmx fxsr sse sse2 ss ht tm pbe syscall nx rdtscp lm constant_tsc arch_perfmon pebs bts rep_good nopl xtopology nonstop_tsc cpuid aperfmperf pni dtes64 monitor ds_cpl vmx est tm2 ssse3 cx16 xtpr pdcm pcid sse4_1 sse4_2 popcnt lahf_lm pti tpr_shadow vnmi flexpriority ept vpid dtherm arat
bugs		: cpu_meltdown spectre_v1 spectre_v2 spec_store_bypass
bogomips	: 5053.73
clflush size	: 64
cache_alignment	: 64
address sizes	: 36 bits physical, 48 bits virtual
power management:

processor	: 3
vendor_id	: GenuineIntel
cpu family	: 6
model		: 37
model name	: Intel(R) Core(TM) i3 CPU       M 380  @ 2.53GHz
stepping	: 5
microcode	: 0x2
cpu MHz		: 2526.863
cache size	: 3072 KB
physical id	: 0
siblings	: 4
core id		: 2
cpu cores	: 2
apicid		: 5
initial apicid	: 5
fpu		: yes
fpu_exception	: yes
cpuid level	: 11
wp		: yes
flags		: fpu vme de pse tsc msr pae mce cx8 apic sep mtrr pge mca cmov pat pse36 clflush dts acpi mmx fxsr sse sse2 ss ht tm pbe syscall nx rdtscp lm constant_tsc arch_perfmon pebs bts rep_good nopl xtopology nonstop_tsc cpuid aperfmperf pni dtes64 monitor ds_cpl vmx est tm2 ssse3 cx16 xtpr pdcm pcid sse4_1 sse4_2 popcnt lahf_lm pti tpr_shadow vnmi flexpriority ept vpid dtherm arat
bugs		: cpu_meltdown spectre_v1 spectre_v2 spec_store_bypass
bogomips	: 5053.73
clflush size	: 64
cache_alignment	: 64
address sizes	: 36 bits physical, 48 bits virtual
power management:



Memory: 4k page, physical 3834488k(88332k free), swap 2097148k(0k free)

vm_info: Java HotSpot(TM) 64-Bit Server VM (25.172-b11) for linux-amd64 JRE (1.8.0_172-b11), built on Mar 28 2018 21:44:09 by "java_re" with gcc 4.3.0 20080428 (Red Hat 4.3.0-8)

time: Sun Jun  3 08:05:07 2018
elapsed time: 10 seconds (0d 0h 0m 10s)

